<?xml version="1.0" encoding="utf-8"?>
<CoverageSession>
  <Summary numSequencePoints="2601" visitedSequencePoints="1535" numBranchPoints="726" visitedBranchPoints="407" sequenceCoverage="59.01" branchCoverage="56.06" maxCyclomaticComplexity="970" minCyclomaticComplexity="970" visitedClasses="27" numClasses="54" visitedMethods="106" numMethods="290" />
  <Modules>
    <Module hash="8290DF52-AF49-4E80-A9FC-CACE526382E5">
      <ModulePath>IBM.Watson.Assistant.v1.dll</ModulePath>
      <ModuleTime>2019-10-15T07:44:51</ModuleTime>
      <ModuleName>IBM.Watson.Assistant.v1</ModuleName>
      <Files>
        <File uid="1" fullPath="/Users/taj/Documents/_projects/sdk-generation/dotnet-standard-sdk/watson-dotnet-standard-sdk/src/IBM.Watson.Assistant.v1/AssistantService.cs" />
        <File uid="2" fullPath="/Users/taj/Documents/_projects/sdk-generation/dotnet-standard-sdk/watson-dotnet-standard-sdk/src/IBM.Watson.Assistant.v1/Model/CaptureGroup.cs" />
        <File uid="3" fullPath="/Users/taj/Documents/_projects/sdk-generation/dotnet-standard-sdk/watson-dotnet-standard-sdk/src/IBM.Watson.Assistant.v1/Model/Context.cs" />
        <File uid="4" fullPath="/Users/taj/Documents/_projects/sdk-generation/dotnet-standard-sdk/watson-dotnet-standard-sdk/src/IBM.Watson.Assistant.v1/Model/Counterexample.cs" />
        <File uid="5" fullPath="/Users/taj/Documents/_projects/sdk-generation/dotnet-standard-sdk/watson-dotnet-standard-sdk/src/IBM.Watson.Assistant.v1/Model/CounterexampleCollection.cs" />
        <File uid="6" fullPath="/Users/taj/Documents/_projects/sdk-generation/dotnet-standard-sdk/watson-dotnet-standard-sdk/src/IBM.Watson.Assistant.v1/Model/CreateEntity.cs" />
        <File uid="7" fullPath="/Users/taj/Documents/_projects/sdk-generation/dotnet-standard-sdk/watson-dotnet-standard-sdk/src/IBM.Watson.Assistant.v1/Model/CreateIntent.cs" />
        <File uid="8" fullPath="/Users/taj/Documents/_projects/sdk-generation/dotnet-standard-sdk/watson-dotnet-standard-sdk/src/IBM.Watson.Assistant.v1/Model/CreateValue.cs" />
        <File uid="9" fullPath="/Users/taj/Documents/_projects/sdk-generation/dotnet-standard-sdk/watson-dotnet-standard-sdk/src/IBM.Watson.Assistant.v1/Model/DialogNode.cs" />
        <File uid="10" fullPath="/Users/taj/Documents/_projects/sdk-generation/dotnet-standard-sdk/watson-dotnet-standard-sdk/src/IBM.Watson.Assistant.v1/Model/DialogNodeAction.cs" />
        <File uid="11" fullPath="/Users/taj/Documents/_projects/sdk-generation/dotnet-standard-sdk/watson-dotnet-standard-sdk/src/IBM.Watson.Assistant.v1/Model/DialogNodeCollection.cs" />
        <File uid="12" fullPath="/Users/taj/Documents/_projects/sdk-generation/dotnet-standard-sdk/watson-dotnet-standard-sdk/src/IBM.Watson.Assistant.v1/Model/DialogNodeNextStep.cs" />
        <File uid="13" fullPath="/Users/taj/Documents/_projects/sdk-generation/dotnet-standard-sdk/watson-dotnet-standard-sdk/src/IBM.Watson.Assistant.v1/Model/DialogNodeOutput.cs" />
        <File uid="14" fullPath="/Users/taj/Documents/_projects/sdk-generation/dotnet-standard-sdk/watson-dotnet-standard-sdk/src/IBM.Watson.Assistant.v1/Model/DialogNodeOutputGeneric.cs" />
        <File uid="15" fullPath="/Users/taj/Documents/_projects/sdk-generation/dotnet-standard-sdk/watson-dotnet-standard-sdk/src/IBM.Watson.Assistant.v1/Model/DialogNodeOutputModifiers.cs" />
        <File uid="16" fullPath="/Users/taj/Documents/_projects/sdk-generation/dotnet-standard-sdk/watson-dotnet-standard-sdk/src/IBM.Watson.Assistant.v1/Model/DialogNodeOutputOptionsElement.cs" />
        <File uid="17" fullPath="/Users/taj/Documents/_projects/sdk-generation/dotnet-standard-sdk/watson-dotnet-standard-sdk/src/IBM.Watson.Assistant.v1/Model/DialogNodeOutputOptionsElementValue.cs" />
        <File uid="18" fullPath="/Users/taj/Documents/_projects/sdk-generation/dotnet-standard-sdk/watson-dotnet-standard-sdk/src/IBM.Watson.Assistant.v1/Model/DialogNodeOutputTextValuesElement.cs" />
        <File uid="19" fullPath="/Users/taj/Documents/_projects/sdk-generation/dotnet-standard-sdk/watson-dotnet-standard-sdk/src/IBM.Watson.Assistant.v1/Model/DialogNodeVisitedDetails.cs" />
        <File uid="20" fullPath="/Users/taj/Documents/_projects/sdk-generation/dotnet-standard-sdk/watson-dotnet-standard-sdk/src/IBM.Watson.Assistant.v1/Model/DialogSuggestion.cs" />
        <File uid="21" fullPath="/Users/taj/Documents/_projects/sdk-generation/dotnet-standard-sdk/watson-dotnet-standard-sdk/src/IBM.Watson.Assistant.v1/Model/DialogSuggestionOutput.cs" />
        <File uid="22" fullPath="/Users/taj/Documents/_projects/sdk-generation/dotnet-standard-sdk/watson-dotnet-standard-sdk/src/IBM.Watson.Assistant.v1/Model/DialogSuggestionResponseGeneric.cs" />
        <File uid="23" fullPath="/Users/taj/Documents/_projects/sdk-generation/dotnet-standard-sdk/watson-dotnet-standard-sdk/src/IBM.Watson.Assistant.v1/Model/DialogSuggestionValue.cs" />
        <File uid="24" fullPath="/Users/taj/Documents/_projects/sdk-generation/dotnet-standard-sdk/watson-dotnet-standard-sdk/src/IBM.Watson.Assistant.v1/Model/Entity.cs" />
        <File uid="25" fullPath="/Users/taj/Documents/_projects/sdk-generation/dotnet-standard-sdk/watson-dotnet-standard-sdk/src/IBM.Watson.Assistant.v1/Model/EntityCollection.cs" />
        <File uid="26" fullPath="/Users/taj/Documents/_projects/sdk-generation/dotnet-standard-sdk/watson-dotnet-standard-sdk/src/IBM.Watson.Assistant.v1/Model/EntityMention.cs" />
        <File uid="27" fullPath="/Users/taj/Documents/_projects/sdk-generation/dotnet-standard-sdk/watson-dotnet-standard-sdk/src/IBM.Watson.Assistant.v1/Model/EntityMentionCollection.cs" />
        <File uid="28" fullPath="/Users/taj/Documents/_projects/sdk-generation/dotnet-standard-sdk/watson-dotnet-standard-sdk/src/IBM.Watson.Assistant.v1/Model/Example.cs" />
        <File uid="29" fullPath="/Users/taj/Documents/_projects/sdk-generation/dotnet-standard-sdk/watson-dotnet-standard-sdk/src/IBM.Watson.Assistant.v1/Model/ExampleCollection.cs" />
        <File uid="30" fullPath="/Users/taj/Documents/_projects/sdk-generation/dotnet-standard-sdk/watson-dotnet-standard-sdk/src/IBM.Watson.Assistant.v1/Model/Intent.cs" />
        <File uid="31" fullPath="/Users/taj/Documents/_projects/sdk-generation/dotnet-standard-sdk/watson-dotnet-standard-sdk/src/IBM.Watson.Assistant.v1/Model/IntentCollection.cs" />
        <File uid="32" fullPath="/Users/taj/Documents/_projects/sdk-generation/dotnet-standard-sdk/watson-dotnet-standard-sdk/src/IBM.Watson.Assistant.v1/Model/Log.cs" />
        <File uid="33" fullPath="/Users/taj/Documents/_projects/sdk-generation/dotnet-standard-sdk/watson-dotnet-standard-sdk/src/IBM.Watson.Assistant.v1/Model/LogCollection.cs" />
        <File uid="34" fullPath="/Users/taj/Documents/_projects/sdk-generation/dotnet-standard-sdk/watson-dotnet-standard-sdk/src/IBM.Watson.Assistant.v1/Model/LogMessage.cs" />
        <File uid="35" fullPath="/Users/taj/Documents/_projects/sdk-generation/dotnet-standard-sdk/watson-dotnet-standard-sdk/src/IBM.Watson.Assistant.v1/Model/LogPagination.cs" />
        <File uid="36" fullPath="/Users/taj/Documents/_projects/sdk-generation/dotnet-standard-sdk/watson-dotnet-standard-sdk/src/IBM.Watson.Assistant.v1/Model/Mention.cs" />
        <File uid="37" fullPath="/Users/taj/Documents/_projects/sdk-generation/dotnet-standard-sdk/watson-dotnet-standard-sdk/src/IBM.Watson.Assistant.v1/Model/MessageContextMetadata.cs" />
        <File uid="38" fullPath="/Users/taj/Documents/_projects/sdk-generation/dotnet-standard-sdk/watson-dotnet-standard-sdk/src/IBM.Watson.Assistant.v1/Model/MessageInput.cs" />
        <File uid="39" fullPath="/Users/taj/Documents/_projects/sdk-generation/dotnet-standard-sdk/watson-dotnet-standard-sdk/src/IBM.Watson.Assistant.v1/Model/MessageRequest.cs" />
        <File uid="40" fullPath="/Users/taj/Documents/_projects/sdk-generation/dotnet-standard-sdk/watson-dotnet-standard-sdk/src/IBM.Watson.Assistant.v1/Model/MessageResponse.cs" />
        <File uid="41" fullPath="/Users/taj/Documents/_projects/sdk-generation/dotnet-standard-sdk/watson-dotnet-standard-sdk/src/IBM.Watson.Assistant.v1/Model/OutputData.cs" />
        <File uid="42" fullPath="/Users/taj/Documents/_projects/sdk-generation/dotnet-standard-sdk/watson-dotnet-standard-sdk/src/IBM.Watson.Assistant.v1/Model/Pagination.cs" />
        <File uid="43" fullPath="/Users/taj/Documents/_projects/sdk-generation/dotnet-standard-sdk/watson-dotnet-standard-sdk/src/IBM.Watson.Assistant.v1/Model/RuntimeEntity.cs" />
        <File uid="44" fullPath="/Users/taj/Documents/_projects/sdk-generation/dotnet-standard-sdk/watson-dotnet-standard-sdk/src/IBM.Watson.Assistant.v1/Model/RuntimeIntent.cs" />
        <File uid="45" fullPath="/Users/taj/Documents/_projects/sdk-generation/dotnet-standard-sdk/watson-dotnet-standard-sdk/src/IBM.Watson.Assistant.v1/Model/RuntimeResponseGeneric.cs" />
        <File uid="46" fullPath="/Users/taj/Documents/_projects/sdk-generation/dotnet-standard-sdk/watson-dotnet-standard-sdk/src/IBM.Watson.Assistant.v1/Model/Synonym.cs" />
        <File uid="47" fullPath="/Users/taj/Documents/_projects/sdk-generation/dotnet-standard-sdk/watson-dotnet-standard-sdk/src/IBM.Watson.Assistant.v1/Model/SynonymCollection.cs" />
        <File uid="48" fullPath="/Users/taj/Documents/_projects/sdk-generation/dotnet-standard-sdk/watson-dotnet-standard-sdk/src/IBM.Watson.Assistant.v1/Model/Value.cs" />
        <File uid="49" fullPath="/Users/taj/Documents/_projects/sdk-generation/dotnet-standard-sdk/watson-dotnet-standard-sdk/src/IBM.Watson.Assistant.v1/Model/ValueCollection.cs" />
        <File uid="50" fullPath="/Users/taj/Documents/_projects/sdk-generation/dotnet-standard-sdk/watson-dotnet-standard-sdk/src/IBM.Watson.Assistant.v1/Model/Workspace.cs" />
        <File uid="51" fullPath="/Users/taj/Documents/_projects/sdk-generation/dotnet-standard-sdk/watson-dotnet-standard-sdk/src/IBM.Watson.Assistant.v1/Model/WorkspaceCollection.cs" />
        <File uid="52" fullPath="/Users/taj/Documents/_projects/sdk-generation/dotnet-standard-sdk/watson-dotnet-standard-sdk/src/IBM.Watson.Assistant.v1/Model/WorkspaceSystemSettings.cs" />
        <File uid="53" fullPath="/Users/taj/Documents/_projects/sdk-generation/dotnet-standard-sdk/watson-dotnet-standard-sdk/src/IBM.Watson.Assistant.v1/Model/WorkspaceSystemSettingsDisambiguation.cs" />
        <File uid="54" fullPath="/Users/taj/Documents/_projects/sdk-generation/dotnet-standard-sdk/watson-dotnet-standard-sdk/src/IBM.Watson.Assistant.v1/Model/WorkspaceSystemSettingsTooling.cs" />
      </Files>
      <Classes>
        <Class>
          <Summary numSequencePoints="2360" visitedSequencePoints="1469" numBranchPoints="726" visitedBranchPoints="407" sequenceCoverage="62.24" branchCoverage="56.06" maxCyclomaticComplexity="46" minCyclomaticComplexity="1" visitedClasses="1" numClasses="1" visitedMethods="40" numMethods="49" />
          <FullName>IBM.Watson.Assistant.v1.AssistantService</FullName>
          <Methods>
            <Method cyclomaticComplexity="1" nPathComplexity="0" sequenceCoverage="100" branchCoverage="100" isConstructor="False" isGetter="True" isSetter="False" isStatic="True">
              <Summary numSequencePoints="1" visitedSequencePoints="1" numBranchPoints="0" visitedBranchPoints="0" sequenceCoverage="100" branchCoverage="100" maxCyclomaticComplexity="1" minCyclomaticComplexity="1" visitedClasses="0" numClasses="0" visitedMethods="1" numMethods="1" />
              <MetadataToken />
              <Name>System.String IBM.Watson.Assistant.v1.AssistantService::get_VersionDate()</Name>
              <FileRef uid="1" />
              <SequencePoints>
                <SequencePoint vc="374" uspid="35" ordinal="0" sl="35" sc="1" el="35" ec="2" bec="0" bev="0" fileid="1" />
              </SequencePoints>
              <BranchPoints />
              <MethodPoint vc="1" uspid="0" p8:type="SequencePoint" ordinal="0" offset="0" sc="0" sl="35" ec="1" el="35" bec="0" bev="0" fileid="1" xmlns:p8="xsi" />
            </Method>
            <Method cyclomaticComplexity="24" nPathComplexity="0" sequenceCoverage="61.9" branchCoverage="58.33" isConstructor="False" isGetter="False" isSetter="False" isStatic="True">
              <Summary numSequencePoints="63" visitedSequencePoints="39" numBranchPoints="24" visitedBranchPoints="14" sequenceCoverage="61.9" branchCoverage="58.33" maxCyclomaticComplexity="24" minCyclomaticComplexity="24" visitedClasses="0" numClasses="0" visitedMethods="1" numMethods="1" />
              <MetadataToken />
              <Name>IBM.Cloud.SDK.Core.Http.DetailedResponse`1&lt;IBM.Watson.Assistant.v1.Model.MessageResponse&gt; IBM.Watson.Assistant.v1.AssistantService::Message(System.String,IBM.Watson.Assistant.v1.Model.MessageInput,System.Collections.Generic.List`1&lt;IBM.Watson.Assistant.v1.Model.RuntimeIntent&gt;,System.Collections.Generic.List`1&lt;IBM.Watson.Assistant.v1.Model.RuntimeEntity&gt;,System.Nullable`1&lt;System.Boolean&gt;,IBM.Watson.Assistant.v1.Model.Context,IBM.Watson.Assistant.v1.Model.OutputData,System.Nullable`1&lt;System.Boolean&gt;)</Name>
              <FileRef uid="1" />
              <SequencePoints>
                <SequencePoint vc="4" uspid="74" ordinal="0" sl="74" sc="1" el="74" ec="2" bec="0" bev="0" fileid="1" />
                <SequencePoint vc="4" uspid="75" ordinal="1" sl="75" sc="1" el="75" ec="2" bec="0" bev="0" fileid="1" />
                <SequencePoint vc="1" uspid="76" ordinal="2" sl="76" sc="1" el="76" ec="2" bec="0" bev="0" fileid="1" />
                <SequencePoint vc="1" uspid="77" ordinal="3" sl="77" sc="1" el="77" ec="2" bec="0" bev="0" fileid="1" />
                <SequencePoint vc="3" uspid="80" ordinal="4" sl="80" sc="1" el="80" ec="2" bec="0" bev="0" fileid="1" />
                <SequencePoint vc="3" uspid="81" ordinal="5" sl="81" sc="1" el="81" ec="2" bec="0" bev="0" fileid="1" />
                <SequencePoint vc="3" uspid="82" ordinal="6" sl="82" sc="1" el="82" ec="2" bec="0" bev="0" fileid="1" />
                <SequencePoint vc="3" uspid="84" ordinal="7" sl="84" sc="1" el="84" ec="2" bec="0" bev="0" fileid="1" />
                <SequencePoint vc="1" uspid="85" ordinal="8" sl="85" sc="1" el="85" ec="2" bec="0" bev="0" fileid="1" />
                <SequencePoint vc="1" uspid="86" ordinal="9" sl="86" sc="1" el="86" ec="2" bec="0" bev="0" fileid="1" />
                <SequencePoint vc="2" uspid="89" ordinal="10" sl="89" sc="1" el="89" ec="2" bec="0" bev="0" fileid="1" />
                <SequencePoint vc="2" uspid="92" ordinal="11" sl="92" sc="1" el="92" ec="2" bec="0" bev="0" fileid="1" />
                <SequencePoint vc="2" uspid="93" ordinal="12" sl="93" sc="1" el="93" ec="2" bec="0" bev="0" fileid="1" />
                <SequencePoint vc="2" uspid="94" ordinal="13" sl="94" sc="1" el="94" ec="2" bec="0" bev="0" fileid="1" />
                <SequencePoint vc="2" uspid="96" ordinal="14" sl="96" sc="1" el="96" ec="2" bec="0" bev="0" fileid="1" />
                <SequencePoint vc="1" uspid="98" ordinal="15" sl="98" sc="1" el="98" ec="2" bec="0" bev="0" fileid="1" />
                <SequencePoint vc="1" uspid="99" ordinal="16" sl="99" sc="1" el="99" ec="2" bec="0" bev="0" fileid="1" />
                <SequencePoint vc="1" uspid="100" ordinal="17" sl="100" sc="1" el="100" ec="2" bec="0" bev="0" fileid="1" />
                <SequencePoint vc="0" uspid="101" ordinal="18" sl="101" sc="1" el="101" ec="2" bec="0" bev="0" fileid="1" />
                <SequencePoint vc="0" uspid="102" ordinal="19" sl="102" sc="1" el="102" ec="2" bec="0" bev="0" fileid="1" />
                <SequencePoint vc="0" uspid="103" ordinal="20" sl="103" sc="1" el="103" ec="2" bec="0" bev="0" fileid="1" />
                <SequencePoint vc="1" uspid="104" ordinal="21" sl="104" sc="1" el="104" ec="2" bec="0" bev="0" fileid="1" />
                <SequencePoint vc="1" uspid="106" ordinal="22" sl="106" sc="1" el="106" ec="2" bec="0" bev="0" fileid="1" />
                <SequencePoint vc="1" uspid="107" ordinal="23" sl="107" sc="1" el="107" ec="2" bec="0" bev="0" fileid="1" />
                <SequencePoint vc="0" uspid="108" ordinal="24" sl="108" sc="1" el="108" ec="2" bec="0" bev="0" fileid="1" />
                <SequencePoint vc="0" uspid="109" ordinal="25" sl="109" sc="1" el="109" ec="2" bec="0" bev="0" fileid="1" />
                <SequencePoint vc="0" uspid="110" ordinal="26" sl="110" sc="1" el="110" ec="2" bec="0" bev="0" fileid="1" />
                <SequencePoint vc="1" uspid="111" ordinal="27" sl="111" sc="1" el="111" ec="2" bec="0" bev="0" fileid="1" />
                <SequencePoint vc="0" uspid="112" ordinal="28" sl="112" sc="1" el="112" ec="2" bec="0" bev="0" fileid="1" />
                <SequencePoint vc="0" uspid="113" ordinal="29" sl="113" sc="1" el="113" ec="2" bec="0" bev="0" fileid="1" />
                <SequencePoint vc="0" uspid="114" ordinal="30" sl="114" sc="1" el="114" ec="2" bec="0" bev="0" fileid="1" />
                <SequencePoint vc="1" uspid="115" ordinal="31" sl="115" sc="1" el="115" ec="2" bec="0" bev="0" fileid="1" />
                <SequencePoint vc="0" uspid="116" ordinal="32" sl="116" sc="1" el="116" ec="2" bec="0" bev="0" fileid="1" />
                <SequencePoint vc="0" uspid="117" ordinal="33" sl="117" sc="1" el="117" ec="2" bec="0" bev="0" fileid="1" />
                <SequencePoint vc="0" uspid="118" ordinal="34" sl="118" sc="1" el="118" ec="2" bec="0" bev="0" fileid="1" />
                <SequencePoint vc="1" uspid="119" ordinal="35" sl="119" sc="1" el="119" ec="2" bec="0" bev="0" fileid="1" />
                <SequencePoint vc="0" uspid="120" ordinal="36" sl="120" sc="1" el="120" ec="2" bec="0" bev="0" fileid="1" />
                <SequencePoint vc="0" uspid="121" ordinal="37" sl="121" sc="1" el="121" ec="2" bec="0" bev="0" fileid="1" />
                <SequencePoint vc="0" uspid="122" ordinal="38" sl="122" sc="1" el="122" ec="2" bec="0" bev="0" fileid="1" />
                <SequencePoint vc="1" uspid="123" ordinal="39" sl="123" sc="1" el="123" ec="2" bec="0" bev="0" fileid="1" />
                <SequencePoint vc="0" uspid="124" ordinal="40" sl="124" sc="1" el="124" ec="2" bec="0" bev="0" fileid="1" />
                <SequencePoint vc="0" uspid="125" ordinal="41" sl="125" sc="1" el="125" ec="2" bec="0" bev="0" fileid="1" />
                <SequencePoint vc="0" uspid="126" ordinal="42" sl="126" sc="1" el="126" ec="2" bec="0" bev="0" fileid="1" />
                <SequencePoint vc="1" uspid="127" ordinal="43" sl="127" sc="1" el="127" ec="2" bec="0" bev="0" fileid="1" />
                <SequencePoint vc="0" uspid="128" ordinal="44" sl="128" sc="1" el="128" ec="2" bec="0" bev="0" fileid="1" />
                <SequencePoint vc="0" uspid="129" ordinal="45" sl="129" sc="1" el="129" ec="2" bec="0" bev="0" fileid="1" />
                <SequencePoint vc="0" uspid="130" ordinal="46" sl="130" sc="1" el="130" ec="2" bec="0" bev="0" fileid="1" />
                <SequencePoint vc="1" uspid="131" ordinal="47" sl="131" sc="1" el="131" ec="2" bec="0" bev="0" fileid="1" />
                <SequencePoint vc="1" uspid="132" ordinal="48" sl="132" sc="1" el="132" ec="2" bec="0" bev="0" fileid="1" />
                <SequencePoint vc="1" uspid="134" ordinal="49" sl="134" sc="1" el="134" ec="2" bec="0" bev="0" fileid="1" />
                <SequencePoint vc="1" uspid="135" ordinal="50" sl="135" sc="1" el="135" ec="2" bec="0" bev="0" fileid="1" />
                <SequencePoint vc="1" uspid="136" ordinal="51" sl="136" sc="1" el="136" ec="2" bec="0" bev="0" fileid="1" />
                <SequencePoint vc="1" uspid="138" ordinal="52" sl="138" sc="1" el="138" ec="2" bec="0" bev="0" fileid="1" />
                <SequencePoint vc="1" uspid="139" ordinal="53" sl="139" sc="1" el="139" ec="2" bec="0" bev="0" fileid="1" />
                <SequencePoint vc="0" uspid="140" ordinal="54" sl="140" sc="1" el="140" ec="2" bec="0" bev="0" fileid="1" />
                <SequencePoint vc="0" uspid="141" ordinal="55" sl="141" sc="1" el="141" ec="2" bec="0" bev="0" fileid="1" />
                <SequencePoint vc="0" uspid="142" ordinal="56" sl="142" sc="1" el="142" ec="2" bec="0" bev="0" fileid="1" />
                <SequencePoint vc="1" uspid="143" ordinal="57" sl="143" sc="1" el="143" ec="2" bec="0" bev="0" fileid="1" />
                <SequencePoint vc="1" uspid="144" ordinal="58" sl="144" sc="1" el="144" ec="2" bec="0" bev="0" fileid="1" />
                <SequencePoint vc="1" uspid="145" ordinal="59" sl="145" sc="1" el="145" ec="2" bec="0" bev="0" fileid="1" />
                <SequencePoint vc="1" uspid="146" ordinal="60" sl="146" sc="1" el="146" ec="2" bec="0" bev="0" fileid="1" />
                <SequencePoint vc="1" uspid="149" ordinal="61" sl="149" sc="1" el="149" ec="2" bec="0" bev="0" fileid="1" />
                <SequencePoint vc="1" uspid="150" ordinal="62" sl="150" sc="1" el="150" ec="2" bec="0" bev="0" fileid="1" />
              </SequencePoints>
              <BranchPoints>
                <BranchPoint vc="1" uspid="75" ordinal="0" path="0" offset="9" offsetend="11" sl="75" fileid="1" />
                <BranchPoint vc="3" uspid="75" ordinal="1" path="1" offset="9" offsetend="23" sl="75" fileid="1" />
                <BranchPoint vc="1" uspid="84" ordinal="2" path="0" offset="46" offsetend="48" sl="84" fileid="1" />
                <BranchPoint vc="2" uspid="84" ordinal="3" path="1" offset="46" offsetend="60" sl="84" fileid="1" />
                <BranchPoint vc="0" uspid="100" ordinal="4" path="0" offset="155" offsetend="157" sl="100" fileid="1" />
                <BranchPoint vc="1" uspid="100" ordinal="5" path="1" offset="155" offsetend="179" sl="100" fileid="1" />
                <BranchPoint vc="0" uspid="107" ordinal="6" path="0" offset="212" offsetend="214" sl="107" fileid="1" />
                <BranchPoint vc="1" uspid="107" ordinal="7" path="1" offset="212" offsetend="235" sl="107" fileid="1" />
                <BranchPoint vc="0" uspid="111" ordinal="8" path="0" offset="236" offsetend="238" sl="111" fileid="1" />
                <BranchPoint vc="1" uspid="111" ordinal="9" path="1" offset="236" offsetend="249" sl="111" fileid="1" />
                <BranchPoint vc="0" uspid="111" ordinal="10" path="0" offset="254" offsetend="256" sl="111" fileid="1" />
                <BranchPoint vc="1" uspid="111" ordinal="11" path="1" offset="254" offsetend="277" sl="111" fileid="1" />
                <BranchPoint vc="0" uspid="115" ordinal="12" path="0" offset="279" offsetend="281" sl="115" fileid="1" />
                <BranchPoint vc="1" uspid="115" ordinal="13" path="1" offset="279" offsetend="293" sl="115" fileid="1" />
                <BranchPoint vc="0" uspid="115" ordinal="14" path="0" offset="298" offsetend="300" sl="115" fileid="1" />
                <BranchPoint vc="1" uspid="115" ordinal="15" path="1" offset="298" offsetend="322" sl="115" fileid="1" />
                <BranchPoint vc="0" uspid="119" ordinal="16" path="0" offset="333" offsetend="335" sl="119" fileid="1" />
                <BranchPoint vc="1" uspid="119" ordinal="17" path="1" offset="333" offsetend="362" sl="119" fileid="1" />
                <BranchPoint vc="0" uspid="123" ordinal="18" path="0" offset="371" offsetend="373" sl="123" fileid="1" />
                <BranchPoint vc="1" uspid="123" ordinal="19" path="1" offset="371" offsetend="395" sl="123" fileid="1" />
                <BranchPoint vc="0" uspid="127" ordinal="20" path="0" offset="404" offsetend="406" sl="127" fileid="1" />
                <BranchPoint vc="1" uspid="127" ordinal="21" path="1" offset="404" offsetend="428" sl="127" fileid="1" />
                <BranchPoint vc="0" uspid="139" ordinal="22" path="0" offset="532" offsetend="534" sl="139" fileid="1" />
                <BranchPoint vc="1" uspid="139" ordinal="23" path="1" offset="532" offsetend="542" sl="139" fileid="1" />
              </BranchPoints>
              <MethodPoint vc="39" uspid="0" p8:type="SequencePoint" ordinal="1" offset="1" sc="0" sl="74" ec="1" el="150" bec="0" bev="0" fileid="1" xmlns:p8="xsi" />
            </Method>
            <Method cyclomaticComplexity="12" nPathComplexity="0" sequenceCoverage="63.41" branchCoverage="58.33" isConstructor="False" isGetter="False" isSetter="False" isStatic="True">
              <Summary numSequencePoints="41" visitedSequencePoints="26" numBranchPoints="12" visitedBranchPoints="7" sequenceCoverage="63.41" branchCoverage="58.33" maxCyclomaticComplexity="12" minCyclomaticComplexity="12" visitedClasses="0" numClasses="0" visitedMethods="1" numMethods="1" />
              <MetadataToken />
              <Name>IBM.Cloud.SDK.Core.Http.DetailedResponse`1&lt;IBM.Watson.Assistant.v1.Model.WorkspaceCollection&gt; IBM.Watson.Assistant.v1.AssistantService::ListWorkspaces(System.Nullable`1&lt;System.Int64&gt;,System.String,System.String,System.Nullable`1&lt;System.Boolean&gt;)</Name>
              <FileRef uid="1" />
              <SequencePoints>
                <SequencePoint vc="3" uspid="166" ordinal="0" sl="166" sc="1" el="166" ec="2" bec="0" bev="0" fileid="1" />
                <SequencePoint vc="3" uspid="168" ordinal="1" sl="168" sc="1" el="168" ec="2" bec="0" bev="0" fileid="1" />
                <SequencePoint vc="1" uspid="169" ordinal="2" sl="169" sc="1" el="169" ec="2" bec="0" bev="0" fileid="1" />
                <SequencePoint vc="1" uspid="170" ordinal="3" sl="170" sc="1" el="170" ec="2" bec="0" bev="0" fileid="1" />
                <SequencePoint vc="2" uspid="173" ordinal="4" sl="173" sc="1" el="173" ec="2" bec="0" bev="0" fileid="1" />
                <SequencePoint vc="2" uspid="176" ordinal="5" sl="176" sc="1" el="176" ec="2" bec="0" bev="0" fileid="1" />
                <SequencePoint vc="2" uspid="177" ordinal="6" sl="177" sc="1" el="177" ec="2" bec="0" bev="0" fileid="1" />
                <SequencePoint vc="2" uspid="178" ordinal="7" sl="178" sc="1" el="178" ec="2" bec="0" bev="0" fileid="1" />
                <SequencePoint vc="2" uspid="180" ordinal="8" sl="180" sc="1" el="180" ec="2" bec="0" bev="0" fileid="1" />
                <SequencePoint vc="1" uspid="182" ordinal="9" sl="182" sc="1" el="182" ec="2" bec="0" bev="0" fileid="1" />
                <SequencePoint vc="1" uspid="183" ordinal="10" sl="183" sc="1" el="183" ec="2" bec="0" bev="0" fileid="1" />
                <SequencePoint vc="1" uspid="184" ordinal="11" sl="184" sc="1" el="184" ec="2" bec="0" bev="0" fileid="1" />
                <SequencePoint vc="0" uspid="185" ordinal="12" sl="185" sc="1" el="185" ec="2" bec="0" bev="0" fileid="1" />
                <SequencePoint vc="0" uspid="186" ordinal="13" sl="186" sc="1" el="186" ec="2" bec="0" bev="0" fileid="1" />
                <SequencePoint vc="0" uspid="187" ordinal="14" sl="187" sc="1" el="187" ec="2" bec="0" bev="0" fileid="1" />
                <SequencePoint vc="1" uspid="188" ordinal="15" sl="188" sc="1" el="188" ec="2" bec="0" bev="0" fileid="1" />
                <SequencePoint vc="0" uspid="189" ordinal="16" sl="189" sc="1" el="189" ec="2" bec="0" bev="0" fileid="1" />
                <SequencePoint vc="0" uspid="190" ordinal="17" sl="190" sc="1" el="190" ec="2" bec="0" bev="0" fileid="1" />
                <SequencePoint vc="0" uspid="191" ordinal="18" sl="191" sc="1" el="191" ec="2" bec="0" bev="0" fileid="1" />
                <SequencePoint vc="1" uspid="192" ordinal="19" sl="192" sc="1" el="192" ec="2" bec="0" bev="0" fileid="1" />
                <SequencePoint vc="0" uspid="193" ordinal="20" sl="193" sc="1" el="193" ec="2" bec="0" bev="0" fileid="1" />
                <SequencePoint vc="0" uspid="194" ordinal="21" sl="194" sc="1" el="194" ec="2" bec="0" bev="0" fileid="1" />
                <SequencePoint vc="0" uspid="195" ordinal="22" sl="195" sc="1" el="195" ec="2" bec="0" bev="0" fileid="1" />
                <SequencePoint vc="1" uspid="196" ordinal="23" sl="196" sc="1" el="196" ec="2" bec="0" bev="0" fileid="1" />
                <SequencePoint vc="0" uspid="197" ordinal="24" sl="197" sc="1" el="197" ec="2" bec="0" bev="0" fileid="1" />
                <SequencePoint vc="0" uspid="198" ordinal="25" sl="198" sc="1" el="198" ec="2" bec="0" bev="0" fileid="1" />
                <SequencePoint vc="0" uspid="199" ordinal="26" sl="199" sc="1" el="199" ec="2" bec="0" bev="0" fileid="1" />
                <SequencePoint vc="1" uspid="201" ordinal="27" sl="201" sc="1" el="201" ec="2" bec="0" bev="0" fileid="1" />
                <SequencePoint vc="1" uspid="202" ordinal="28" sl="202" sc="1" el="202" ec="2" bec="0" bev="0" fileid="1" />
                <SequencePoint vc="1" uspid="203" ordinal="29" sl="203" sc="1" el="203" ec="2" bec="0" bev="0" fileid="1" />
                <SequencePoint vc="1" uspid="205" ordinal="30" sl="205" sc="1" el="205" ec="2" bec="0" bev="0" fileid="1" />
                <SequencePoint vc="1" uspid="206" ordinal="31" sl="206" sc="1" el="206" ec="2" bec="0" bev="0" fileid="1" />
                <SequencePoint vc="0" uspid="207" ordinal="32" sl="207" sc="1" el="207" ec="2" bec="0" bev="0" fileid="1" />
                <SequencePoint vc="0" uspid="208" ordinal="33" sl="208" sc="1" el="208" ec="2" bec="0" bev="0" fileid="1" />
                <SequencePoint vc="0" uspid="209" ordinal="34" sl="209" sc="1" el="209" ec="2" bec="0" bev="0" fileid="1" />
                <SequencePoint vc="1" uspid="210" ordinal="35" sl="210" sc="1" el="210" ec="2" bec="0" bev="0" fileid="1" />
                <SequencePoint vc="1" uspid="211" ordinal="36" sl="211" sc="1" el="211" ec="2" bec="0" bev="0" fileid="1" />
                <SequencePoint vc="1" uspid="212" ordinal="37" sl="212" sc="1" el="212" ec="2" bec="0" bev="0" fileid="1" />
                <SequencePoint vc="1" uspid="213" ordinal="38" sl="213" sc="1" el="213" ec="2" bec="0" bev="0" fileid="1" />
                <SequencePoint vc="1" uspid="216" ordinal="39" sl="216" sc="1" el="216" ec="2" bec="0" bev="0" fileid="1" />
                <SequencePoint vc="1" uspid="217" ordinal="40" sl="217" sc="1" el="217" ec="2" bec="0" bev="0" fileid="1" />
              </SequencePoints>
              <BranchPoints>
                <BranchPoint vc="1" uspid="168" ordinal="0" path="0" offset="14" offsetend="16" sl="168" fileid="1" />
                <BranchPoint vc="2" uspid="168" ordinal="1" path="1" offset="14" offsetend="28" sl="168" fileid="1" />
                <BranchPoint vc="0" uspid="184" ordinal="2" path="0" offset="114" offsetend="116" sl="184" fileid="1" />
                <BranchPoint vc="1" uspid="184" ordinal="3" path="1" offset="114" offsetend="136" sl="184" fileid="1" />
                <BranchPoint vc="0" uspid="188" ordinal="4" path="0" offset="149" offsetend="151" sl="188" fileid="1" />
                <BranchPoint vc="1" uspid="188" ordinal="5" path="1" offset="149" offsetend="166" sl="188" fileid="1" />
                <BranchPoint vc="0" uspid="192" ordinal="6" path="0" offset="179" offsetend="181" sl="192" fileid="1" />
                <BranchPoint vc="1" uspid="192" ordinal="7" path="1" offset="179" offsetend="196" sl="192" fileid="1" />
                <BranchPoint vc="0" uspid="196" ordinal="8" path="0" offset="207" offsetend="209" sl="196" fileid="1" />
                <BranchPoint vc="1" uspid="196" ordinal="9" path="1" offset="207" offsetend="230" sl="196" fileid="1" />
                <BranchPoint vc="0" uspid="206" ordinal="10" path="0" offset="297" offsetend="299" sl="206" fileid="1" />
                <BranchPoint vc="1" uspid="206" ordinal="11" path="1" offset="297" offsetend="307" sl="206" fileid="1" />
              </BranchPoints>
              <MethodPoint vc="26" uspid="0" p8:type="SequencePoint" ordinal="2" offset="2" sc="0" sl="166" ec="1" el="217" bec="0" bev="0" fileid="1" xmlns:p8="xsi" />
            </Method>
            <Method cyclomaticComplexity="32" nPathComplexity="0" sequenceCoverage="52.17" branchCoverage="53.12" isConstructor="False" isGetter="False" isSetter="False" isStatic="True">
              <Summary numSequencePoints="69" visitedSequencePoints="36" numBranchPoints="32" visitedBranchPoints="17" sequenceCoverage="52.17" branchCoverage="53.12" maxCyclomaticComplexity="32" minCyclomaticComplexity="32" visitedClasses="0" numClasses="0" visitedMethods="1" numMethods="1" />
              <MetadataToken />
              <Name>IBM.Cloud.SDK.Core.Http.DetailedResponse`1&lt;IBM.Watson.Assistant.v1.Model.Workspace&gt; IBM.Watson.Assistant.v1.AssistantService::CreateWorkspace(System.String,System.String,System.String,System.Collections.Generic.Dictionary`2&lt;System.String,System.Object&gt;,System.Nullable`1&lt;System.Boolean&gt;,IBM.Watson.Assistant.v1.Model.WorkspaceSystemSettings,System.Collections.Generic.List`1&lt;IBM.Watson.Assistant.v1.Model.CreateIntent&gt;,System.Collections.Generic.List`1&lt;IBM.Watson.Assistant.v1.Model.CreateEntity&gt;,System.Collections.Generic.List`1&lt;IBM.Watson.Assistant.v1.Model.DialogNode&gt;,System.Collections.Generic.List`1&lt;IBM.Watson.Assistant.v1.Model.Counterexample&gt;)</Name>
              <FileRef uid="1" />
              <SequencePoints>
                <SequencePoint vc="3" uspid="233" ordinal="0" sl="233" sc="1" el="233" ec="2" bec="0" bev="0" fileid="1" />
                <SequencePoint vc="3" uspid="235" ordinal="1" sl="235" sc="1" el="235" ec="2" bec="0" bev="0" fileid="1" />
                <SequencePoint vc="1" uspid="236" ordinal="2" sl="236" sc="1" el="236" ec="2" bec="0" bev="0" fileid="1" />
                <SequencePoint vc="1" uspid="237" ordinal="3" sl="237" sc="1" el="237" ec="2" bec="0" bev="0" fileid="1" />
                <SequencePoint vc="2" uspid="240" ordinal="4" sl="240" sc="1" el="240" ec="2" bec="0" bev="0" fileid="1" />
                <SequencePoint vc="2" uspid="243" ordinal="5" sl="243" sc="1" el="243" ec="2" bec="0" bev="0" fileid="1" />
                <SequencePoint vc="2" uspid="244" ordinal="6" sl="244" sc="1" el="244" ec="2" bec="0" bev="0" fileid="1" />
                <SequencePoint vc="2" uspid="245" ordinal="7" sl="245" sc="1" el="245" ec="2" bec="0" bev="0" fileid="1" />
                <SequencePoint vc="2" uspid="247" ordinal="8" sl="247" sc="1" el="247" ec="2" bec="0" bev="0" fileid="1" />
                <SequencePoint vc="1" uspid="249" ordinal="9" sl="249" sc="1" el="249" ec="2" bec="0" bev="0" fileid="1" />
                <SequencePoint vc="1" uspid="250" ordinal="10" sl="250" sc="1" el="250" ec="2" bec="0" bev="0" fileid="1" />
                <SequencePoint vc="1" uspid="251" ordinal="11" sl="251" sc="1" el="251" ec="2" bec="0" bev="0" fileid="1" />
                <SequencePoint vc="1" uspid="253" ordinal="12" sl="253" sc="1" el="253" ec="2" bec="0" bev="0" fileid="1" />
                <SequencePoint vc="1" uspid="254" ordinal="13" sl="254" sc="1" el="254" ec="2" bec="0" bev="0" fileid="1" />
                <SequencePoint vc="0" uspid="255" ordinal="14" sl="255" sc="1" el="255" ec="2" bec="0" bev="0" fileid="1" />
                <SequencePoint vc="0" uspid="256" ordinal="15" sl="256" sc="1" el="256" ec="2" bec="0" bev="0" fileid="1" />
                <SequencePoint vc="0" uspid="257" ordinal="16" sl="257" sc="1" el="257" ec="2" bec="0" bev="0" fileid="1" />
                <SequencePoint vc="1" uspid="258" ordinal="17" sl="258" sc="1" el="258" ec="2" bec="0" bev="0" fileid="1" />
                <SequencePoint vc="0" uspid="259" ordinal="18" sl="259" sc="1" el="259" ec="2" bec="0" bev="0" fileid="1" />
                <SequencePoint vc="0" uspid="260" ordinal="19" sl="260" sc="1" el="260" ec="2" bec="0" bev="0" fileid="1" />
                <SequencePoint vc="0" uspid="261" ordinal="20" sl="261" sc="1" el="261" ec="2" bec="0" bev="0" fileid="1" />
                <SequencePoint vc="1" uspid="262" ordinal="21" sl="262" sc="1" el="262" ec="2" bec="0" bev="0" fileid="1" />
                <SequencePoint vc="0" uspid="263" ordinal="22" sl="263" sc="1" el="263" ec="2" bec="0" bev="0" fileid="1" />
                <SequencePoint vc="0" uspid="264" ordinal="23" sl="264" sc="1" el="264" ec="2" bec="0" bev="0" fileid="1" />
                <SequencePoint vc="0" uspid="265" ordinal="24" sl="265" sc="1" el="265" ec="2" bec="0" bev="0" fileid="1" />
                <SequencePoint vc="1" uspid="266" ordinal="25" sl="266" sc="1" el="266" ec="2" bec="0" bev="0" fileid="1" />
                <SequencePoint vc="0" uspid="267" ordinal="26" sl="267" sc="1" el="267" ec="2" bec="0" bev="0" fileid="1" />
                <SequencePoint vc="0" uspid="268" ordinal="27" sl="268" sc="1" el="268" ec="2" bec="0" bev="0" fileid="1" />
                <SequencePoint vc="0" uspid="269" ordinal="28" sl="269" sc="1" el="269" ec="2" bec="0" bev="0" fileid="1" />
                <SequencePoint vc="1" uspid="270" ordinal="29" sl="270" sc="1" el="270" ec="2" bec="0" bev="0" fileid="1" />
                <SequencePoint vc="0" uspid="271" ordinal="30" sl="271" sc="1" el="271" ec="2" bec="0" bev="0" fileid="1" />
                <SequencePoint vc="0" uspid="272" ordinal="31" sl="272" sc="1" el="272" ec="2" bec="0" bev="0" fileid="1" />
                <SequencePoint vc="0" uspid="273" ordinal="32" sl="273" sc="1" el="273" ec="2" bec="0" bev="0" fileid="1" />
                <SequencePoint vc="1" uspid="274" ordinal="33" sl="274" sc="1" el="274" ec="2" bec="0" bev="0" fileid="1" />
                <SequencePoint vc="0" uspid="275" ordinal="34" sl="275" sc="1" el="275" ec="2" bec="0" bev="0" fileid="1" />
                <SequencePoint vc="0" uspid="276" ordinal="35" sl="276" sc="1" el="276" ec="2" bec="0" bev="0" fileid="1" />
                <SequencePoint vc="0" uspid="277" ordinal="36" sl="277" sc="1" el="277" ec="2" bec="0" bev="0" fileid="1" />
                <SequencePoint vc="1" uspid="278" ordinal="37" sl="278" sc="1" el="278" ec="2" bec="0" bev="0" fileid="1" />
                <SequencePoint vc="0" uspid="279" ordinal="38" sl="279" sc="1" el="279" ec="2" bec="0" bev="0" fileid="1" />
                <SequencePoint vc="0" uspid="280" ordinal="39" sl="280" sc="1" el="280" ec="2" bec="0" bev="0" fileid="1" />
                <SequencePoint vc="0" uspid="281" ordinal="40" sl="281" sc="1" el="281" ec="2" bec="0" bev="0" fileid="1" />
                <SequencePoint vc="1" uspid="282" ordinal="41" sl="282" sc="1" el="282" ec="2" bec="0" bev="0" fileid="1" />
                <SequencePoint vc="0" uspid="283" ordinal="42" sl="283" sc="1" el="283" ec="2" bec="0" bev="0" fileid="1" />
                <SequencePoint vc="0" uspid="284" ordinal="43" sl="284" sc="1" el="284" ec="2" bec="0" bev="0" fileid="1" />
                <SequencePoint vc="0" uspid="285" ordinal="44" sl="285" sc="1" el="285" ec="2" bec="0" bev="0" fileid="1" />
                <SequencePoint vc="1" uspid="286" ordinal="45" sl="286" sc="1" el="286" ec="2" bec="0" bev="0" fileid="1" />
                <SequencePoint vc="0" uspid="287" ordinal="46" sl="287" sc="1" el="287" ec="2" bec="0" bev="0" fileid="1" />
                <SequencePoint vc="0" uspid="288" ordinal="47" sl="288" sc="1" el="288" ec="2" bec="0" bev="0" fileid="1" />
                <SequencePoint vc="0" uspid="289" ordinal="48" sl="289" sc="1" el="289" ec="2" bec="0" bev="0" fileid="1" />
                <SequencePoint vc="1" uspid="290" ordinal="49" sl="290" sc="1" el="290" ec="2" bec="0" bev="0" fileid="1" />
                <SequencePoint vc="0" uspid="291" ordinal="50" sl="291" sc="1" el="291" ec="2" bec="0" bev="0" fileid="1" />
                <SequencePoint vc="0" uspid="292" ordinal="51" sl="292" sc="1" el="292" ec="2" bec="0" bev="0" fileid="1" />
                <SequencePoint vc="0" uspid="293" ordinal="52" sl="293" sc="1" el="293" ec="2" bec="0" bev="0" fileid="1" />
                <SequencePoint vc="1" uspid="294" ordinal="53" sl="294" sc="1" el="294" ec="2" bec="0" bev="0" fileid="1" />
                <SequencePoint vc="1" uspid="295" ordinal="54" sl="295" sc="1" el="295" ec="2" bec="0" bev="0" fileid="1" />
                <SequencePoint vc="1" uspid="297" ordinal="55" sl="297" sc="1" el="297" ec="2" bec="0" bev="0" fileid="1" />
                <SequencePoint vc="1" uspid="298" ordinal="56" sl="298" sc="1" el="298" ec="2" bec="0" bev="0" fileid="1" />
                <SequencePoint vc="1" uspid="299" ordinal="57" sl="299" sc="1" el="299" ec="2" bec="0" bev="0" fileid="1" />
                <SequencePoint vc="1" uspid="301" ordinal="58" sl="301" sc="1" el="301" ec="2" bec="0" bev="0" fileid="1" />
                <SequencePoint vc="1" uspid="302" ordinal="59" sl="302" sc="1" el="302" ec="2" bec="0" bev="0" fileid="1" />
                <SequencePoint vc="0" uspid="303" ordinal="60" sl="303" sc="1" el="303" ec="2" bec="0" bev="0" fileid="1" />
                <SequencePoint vc="0" uspid="304" ordinal="61" sl="304" sc="1" el="304" ec="2" bec="0" bev="0" fileid="1" />
                <SequencePoint vc="0" uspid="305" ordinal="62" sl="305" sc="1" el="305" ec="2" bec="0" bev="0" fileid="1" />
                <SequencePoint vc="1" uspid="306" ordinal="63" sl="306" sc="1" el="306" ec="2" bec="0" bev="0" fileid="1" />
                <SequencePoint vc="1" uspid="307" ordinal="64" sl="307" sc="1" el="307" ec="2" bec="0" bev="0" fileid="1" />
                <SequencePoint vc="1" uspid="308" ordinal="65" sl="308" sc="1" el="308" ec="2" bec="0" bev="0" fileid="1" />
                <SequencePoint vc="1" uspid="309" ordinal="66" sl="309" sc="1" el="309" ec="2" bec="0" bev="0" fileid="1" />
                <SequencePoint vc="1" uspid="312" ordinal="67" sl="312" sc="1" el="312" ec="2" bec="0" bev="0" fileid="1" />
                <SequencePoint vc="1" uspid="313" ordinal="68" sl="313" sc="1" el="313" ec="2" bec="0" bev="0" fileid="1" />
              </SequencePoints>
              <BranchPoints>
                <BranchPoint vc="1" uspid="235" ordinal="0" path="0" offset="14" offsetend="16" sl="235" fileid="1" />
                <BranchPoint vc="2" uspid="235" ordinal="1" path="1" offset="14" offsetend="28" sl="235" fileid="1" />
                <BranchPoint vc="0" uspid="254" ordinal="2" path="0" offset="140" offsetend="142" sl="254" fileid="1" />
                <BranchPoint vc="1" uspid="254" ordinal="3" path="1" offset="140" offsetend="163" sl="254" fileid="1" />
                <BranchPoint vc="0" uspid="258" ordinal="4" path="0" offset="176" offsetend="178" sl="258" fileid="1" />
                <BranchPoint vc="1" uspid="258" ordinal="5" path="1" offset="176" offsetend="199" sl="258" fileid="1" />
                <BranchPoint vc="0" uspid="262" ordinal="6" path="0" offset="212" offsetend="214" sl="262" fileid="1" />
                <BranchPoint vc="1" uspid="262" ordinal="7" path="1" offset="212" offsetend="235" sl="262" fileid="1" />
                <BranchPoint vc="0" uspid="266" ordinal="8" path="0" offset="244" offsetend="246" sl="266" fileid="1" />
                <BranchPoint vc="1" uspid="266" ordinal="9" path="1" offset="244" offsetend="268" sl="266" fileid="1" />
                <BranchPoint vc="0" uspid="270" ordinal="10" path="0" offset="279" offsetend="281" sl="270" fileid="1" />
                <BranchPoint vc="1" uspid="270" ordinal="11" path="1" offset="279" offsetend="308" sl="270" fileid="1" />
                <BranchPoint vc="0" uspid="274" ordinal="12" path="0" offset="317" offsetend="319" sl="274" fileid="1" />
                <BranchPoint vc="1" uspid="274" ordinal="13" path="1" offset="317" offsetend="341" sl="274" fileid="1" />
                <BranchPoint vc="0" uspid="278" ordinal="14" path="0" offset="343" offsetend="345" sl="278" fileid="1" />
                <BranchPoint vc="1" uspid="278" ordinal="15" path="1" offset="343" offsetend="357" sl="278" fileid="1" />
                <BranchPoint vc="0" uspid="278" ordinal="16" path="0" offset="362" offsetend="364" sl="278" fileid="1" />
                <BranchPoint vc="1" uspid="278" ordinal="17" path="1" offset="362" offsetend="386" sl="278" fileid="1" />
                <BranchPoint vc="0" uspid="282" ordinal="18" path="0" offset="388" offsetend="390" sl="282" fileid="1" />
                <BranchPoint vc="1" uspid="282" ordinal="19" path="1" offset="388" offsetend="402" sl="282" fileid="1" />
                <BranchPoint vc="0" uspid="282" ordinal="20" path="0" offset="407" offsetend="409" sl="282" fileid="1" />
                <BranchPoint vc="1" uspid="282" ordinal="21" path="1" offset="407" offsetend="431" sl="282" fileid="1" />
                <BranchPoint vc="0" uspid="286" ordinal="22" path="0" offset="433" offsetend="435" sl="286" fileid="1" />
                <BranchPoint vc="1" uspid="286" ordinal="23" path="1" offset="433" offsetend="447" sl="286" fileid="1" />
                <BranchPoint vc="0" uspid="286" ordinal="24" path="0" offset="452" offsetend="454" sl="286" fileid="1" />
                <BranchPoint vc="1" uspid="286" ordinal="25" path="1" offset="452" offsetend="476" sl="286" fileid="1" />
                <BranchPoint vc="0" uspid="290" ordinal="26" path="0" offset="478" offsetend="480" sl="290" fileid="1" />
                <BranchPoint vc="1" uspid="290" ordinal="27" path="1" offset="478" offsetend="492" sl="290" fileid="1" />
                <BranchPoint vc="0" uspid="290" ordinal="28" path="0" offset="497" offsetend="499" sl="290" fileid="1" />
                <BranchPoint vc="1" uspid="290" ordinal="29" path="1" offset="497" offsetend="521" sl="290" fileid="1" />
                <BranchPoint vc="0" uspid="302" ordinal="30" path="0" offset="621" offsetend="623" sl="302" fileid="1" />
                <BranchPoint vc="1" uspid="302" ordinal="31" path="1" offset="621" offsetend="631" sl="302" fileid="1" />
              </BranchPoints>
              <MethodPoint vc="36" uspid="0" p8:type="SequencePoint" ordinal="3" offset="3" sc="0" sl="233" ec="1" el="313" bec="0" bev="0" fileid="1" xmlns:p8="xsi" />
            </Method>
            <Method cyclomaticComplexity="12" nPathComplexity="0" sequenceCoverage="72.09" branchCoverage="66.66" isConstructor="False" isGetter="False" isSetter="False" isStatic="True">
              <Summary numSequencePoints="43" visitedSequencePoints="31" numBranchPoints="12" visitedBranchPoints="8" sequenceCoverage="72.09" branchCoverage="66.66" maxCyclomaticComplexity="12" minCyclomaticComplexity="12" visitedClasses="0" numClasses="0" visitedMethods="1" numMethods="1" />
              <MetadataToken />
              <Name>IBM.Cloud.SDK.Core.Http.DetailedResponse`1&lt;IBM.Watson.Assistant.v1.Model.Workspace&gt; IBM.Watson.Assistant.v1.AssistantService::GetWorkspace(System.String,System.Nullable`1&lt;System.Boolean&gt;,System.Nullable`1&lt;System.Boolean&gt;,System.String)</Name>
              <FileRef uid="1" />
              <SequencePoints>
                <SequencePoint vc="4" uspid="334" ordinal="0" sl="334" sc="1" el="334" ec="2" bec="0" bev="0" fileid="1" />
                <SequencePoint vc="4" uspid="335" ordinal="1" sl="335" sc="1" el="335" ec="2" bec="0" bev="0" fileid="1" />
                <SequencePoint vc="1" uspid="336" ordinal="2" sl="336" sc="1" el="336" ec="2" bec="0" bev="0" fileid="1" />
                <SequencePoint vc="1" uspid="337" ordinal="3" sl="337" sc="1" el="337" ec="2" bec="0" bev="0" fileid="1" />
                <SequencePoint vc="3" uspid="340" ordinal="4" sl="340" sc="1" el="340" ec="2" bec="0" bev="0" fileid="1" />
                <SequencePoint vc="3" uspid="341" ordinal="5" sl="341" sc="1" el="341" ec="2" bec="0" bev="0" fileid="1" />
                <SequencePoint vc="3" uspid="342" ordinal="6" sl="342" sc="1" el="342" ec="2" bec="0" bev="0" fileid="1" />
                <SequencePoint vc="3" uspid="344" ordinal="7" sl="344" sc="1" el="344" ec="2" bec="0" bev="0" fileid="1" />
                <SequencePoint vc="1" uspid="345" ordinal="8" sl="345" sc="1" el="345" ec="2" bec="0" bev="0" fileid="1" />
                <SequencePoint vc="1" uspid="346" ordinal="9" sl="346" sc="1" el="346" ec="2" bec="0" bev="0" fileid="1" />
                <SequencePoint vc="2" uspid="349" ordinal="10" sl="349" sc="1" el="349" ec="2" bec="0" bev="0" fileid="1" />
                <SequencePoint vc="2" uspid="352" ordinal="11" sl="352" sc="1" el="352" ec="2" bec="0" bev="0" fileid="1" />
                <SequencePoint vc="2" uspid="353" ordinal="12" sl="353" sc="1" el="353" ec="2" bec="0" bev="0" fileid="1" />
                <SequencePoint vc="2" uspid="354" ordinal="13" sl="354" sc="1" el="354" ec="2" bec="0" bev="0" fileid="1" />
                <SequencePoint vc="2" uspid="356" ordinal="14" sl="356" sc="1" el="356" ec="2" bec="0" bev="0" fileid="1" />
                <SequencePoint vc="1" uspid="358" ordinal="15" sl="358" sc="1" el="358" ec="2" bec="0" bev="0" fileid="1" />
                <SequencePoint vc="1" uspid="359" ordinal="16" sl="359" sc="1" el="359" ec="2" bec="0" bev="0" fileid="1" />
                <SequencePoint vc="1" uspid="360" ordinal="17" sl="360" sc="1" el="360" ec="2" bec="0" bev="0" fileid="1" />
                <SequencePoint vc="0" uspid="361" ordinal="18" sl="361" sc="1" el="361" ec="2" bec="0" bev="0" fileid="1" />
                <SequencePoint vc="0" uspid="362" ordinal="19" sl="362" sc="1" el="362" ec="2" bec="0" bev="0" fileid="1" />
                <SequencePoint vc="0" uspid="363" ordinal="20" sl="363" sc="1" el="363" ec="2" bec="0" bev="0" fileid="1" />
                <SequencePoint vc="1" uspid="364" ordinal="21" sl="364" sc="1" el="364" ec="2" bec="0" bev="0" fileid="1" />
                <SequencePoint vc="0" uspid="365" ordinal="22" sl="365" sc="1" el="365" ec="2" bec="0" bev="0" fileid="1" />
                <SequencePoint vc="0" uspid="366" ordinal="23" sl="366" sc="1" el="366" ec="2" bec="0" bev="0" fileid="1" />
                <SequencePoint vc="0" uspid="367" ordinal="24" sl="367" sc="1" el="367" ec="2" bec="0" bev="0" fileid="1" />
                <SequencePoint vc="1" uspid="368" ordinal="25" sl="368" sc="1" el="368" ec="2" bec="0" bev="0" fileid="1" />
                <SequencePoint vc="0" uspid="369" ordinal="26" sl="369" sc="1" el="369" ec="2" bec="0" bev="0" fileid="1" />
                <SequencePoint vc="0" uspid="370" ordinal="27" sl="370" sc="1" el="370" ec="2" bec="0" bev="0" fileid="1" />
                <SequencePoint vc="0" uspid="371" ordinal="28" sl="371" sc="1" el="371" ec="2" bec="0" bev="0" fileid="1" />
                <SequencePoint vc="1" uspid="373" ordinal="29" sl="373" sc="1" el="373" ec="2" bec="0" bev="0" fileid="1" />
                <SequencePoint vc="1" uspid="374" ordinal="30" sl="374" sc="1" el="374" ec="2" bec="0" bev="0" fileid="1" />
                <SequencePoint vc="1" uspid="375" ordinal="31" sl="375" sc="1" el="375" ec="2" bec="0" bev="0" fileid="1" />
                <SequencePoint vc="1" uspid="377" ordinal="32" sl="377" sc="1" el="377" ec="2" bec="0" bev="0" fileid="1" />
                <SequencePoint vc="1" uspid="378" ordinal="33" sl="378" sc="1" el="378" ec="2" bec="0" bev="0" fileid="1" />
                <SequencePoint vc="0" uspid="379" ordinal="34" sl="379" sc="1" el="379" ec="2" bec="0" bev="0" fileid="1" />
                <SequencePoint vc="0" uspid="380" ordinal="35" sl="380" sc="1" el="380" ec="2" bec="0" bev="0" fileid="1" />
                <SequencePoint vc="0" uspid="381" ordinal="36" sl="381" sc="1" el="381" ec="2" bec="0" bev="0" fileid="1" />
                <SequencePoint vc="1" uspid="382" ordinal="37" sl="382" sc="1" el="382" ec="2" bec="0" bev="0" fileid="1" />
                <SequencePoint vc="1" uspid="383" ordinal="38" sl="383" sc="1" el="383" ec="2" bec="0" bev="0" fileid="1" />
                <SequencePoint vc="1" uspid="384" ordinal="39" sl="384" sc="1" el="384" ec="2" bec="0" bev="0" fileid="1" />
                <SequencePoint vc="1" uspid="385" ordinal="40" sl="385" sc="1" el="385" ec="2" bec="0" bev="0" fileid="1" />
                <SequencePoint vc="1" uspid="388" ordinal="41" sl="388" sc="1" el="388" ec="2" bec="0" bev="0" fileid="1" />
                <SequencePoint vc="1" uspid="389" ordinal="42" sl="389" sc="1" el="389" ec="2" bec="0" bev="0" fileid="1" />
              </SequencePoints>
              <BranchPoints>
                <BranchPoint vc="1" uspid="335" ordinal="0" path="0" offset="9" offsetend="11" sl="335" fileid="1" />
                <BranchPoint vc="3" uspid="335" ordinal="1" path="1" offset="9" offsetend="23" sl="335" fileid="1" />
                <BranchPoint vc="1" uspid="344" ordinal="2" path="0" offset="46" offsetend="48" sl="344" fileid="1" />
                <BranchPoint vc="2" uspid="344" ordinal="3" path="1" offset="46" offsetend="60" sl="344" fileid="1" />
                <BranchPoint vc="0" uspid="360" ordinal="4" path="0" offset="150" offsetend="152" sl="360" fileid="1" />
                <BranchPoint vc="1" uspid="360" ordinal="5" path="1" offset="150" offsetend="173" sl="360" fileid="1" />
                <BranchPoint vc="0" uspid="364" ordinal="6" path="0" offset="184" offsetend="186" sl="364" fileid="1" />
                <BranchPoint vc="1" uspid="364" ordinal="7" path="1" offset="184" offsetend="207" sl="364" fileid="1" />
                <BranchPoint vc="0" uspid="368" ordinal="8" path="0" offset="221" offsetend="223" sl="368" fileid="1" />
                <BranchPoint vc="1" uspid="368" ordinal="9" path="1" offset="221" offsetend="240" sl="368" fileid="1" />
                <BranchPoint vc="0" uspid="378" ordinal="10" path="0" offset="310" offsetend="312" sl="378" fileid="1" />
                <BranchPoint vc="1" uspid="378" ordinal="11" path="1" offset="310" offsetend="320" sl="378" fileid="1" />
              </BranchPoints>
              <MethodPoint vc="31" uspid="0" p8:type="SequencePoint" ordinal="4" offset="4" sc="0" sl="334" ec="1" el="389" bec="0" bev="0" fileid="1" xmlns:p8="xsi" />
            </Method>
            <Method cyclomaticComplexity="36" nPathComplexity="0" sequenceCoverage="54.43" branchCoverage="55.55" isConstructor="False" isGetter="False" isSetter="False" isStatic="True">
              <Summary numSequencePoints="79" visitedSequencePoints="43" numBranchPoints="36" visitedBranchPoints="20" sequenceCoverage="54.43" branchCoverage="55.55" maxCyclomaticComplexity="36" minCyclomaticComplexity="36" visitedClasses="0" numClasses="0" visitedMethods="1" numMethods="1" />
              <MetadataToken />
              <Name>IBM.Cloud.SDK.Core.Http.DetailedResponse`1&lt;IBM.Watson.Assistant.v1.Model.Workspace&gt; IBM.Watson.Assistant.v1.AssistantService::UpdateWorkspace(System.String,System.String,System.String,System.String,System.Collections.Generic.Dictionary`2&lt;System.String,System.Object&gt;,System.Nullable`1&lt;System.Boolean&gt;,IBM.Watson.Assistant.v1.Model.WorkspaceSystemSettings,System.Collections.Generic.List`1&lt;IBM.Watson.Assistant.v1.Model.CreateIntent&gt;,System.Collections.Generic.List`1&lt;IBM.Watson.Assistant.v1.Model.CreateEntity&gt;,System.Collections.Generic.List`1&lt;IBM.Watson.Assistant.v1.Model.DialogNode&gt;,System.Collections.Generic.List`1&lt;IBM.Watson.Assistant.v1.Model.Counterexample&gt;,System.Nullable`1&lt;System.Boolean&gt;)</Name>
              <FileRef uid="1" />
              <SequencePoints>
                <SequencePoint vc="4" uspid="413" ordinal="0" sl="413" sc="1" el="413" ec="2" bec="0" bev="0" fileid="1" />
                <SequencePoint vc="4" uspid="414" ordinal="1" sl="414" sc="1" el="414" ec="2" bec="0" bev="0" fileid="1" />
                <SequencePoint vc="1" uspid="415" ordinal="2" sl="415" sc="1" el="415" ec="2" bec="0" bev="0" fileid="1" />
                <SequencePoint vc="1" uspid="416" ordinal="3" sl="416" sc="1" el="416" ec="2" bec="0" bev="0" fileid="1" />
                <SequencePoint vc="3" uspid="419" ordinal="4" sl="419" sc="1" el="419" ec="2" bec="0" bev="0" fileid="1" />
                <SequencePoint vc="3" uspid="420" ordinal="5" sl="420" sc="1" el="420" ec="2" bec="0" bev="0" fileid="1" />
                <SequencePoint vc="3" uspid="421" ordinal="6" sl="421" sc="1" el="421" ec="2" bec="0" bev="0" fileid="1" />
                <SequencePoint vc="3" uspid="423" ordinal="7" sl="423" sc="1" el="423" ec="2" bec="0" bev="0" fileid="1" />
                <SequencePoint vc="1" uspid="424" ordinal="8" sl="424" sc="1" el="424" ec="2" bec="0" bev="0" fileid="1" />
                <SequencePoint vc="1" uspid="425" ordinal="9" sl="425" sc="1" el="425" ec="2" bec="0" bev="0" fileid="1" />
                <SequencePoint vc="2" uspid="428" ordinal="10" sl="428" sc="1" el="428" ec="2" bec="0" bev="0" fileid="1" />
                <SequencePoint vc="2" uspid="431" ordinal="11" sl="431" sc="1" el="431" ec="2" bec="0" bev="0" fileid="1" />
                <SequencePoint vc="2" uspid="432" ordinal="12" sl="432" sc="1" el="432" ec="2" bec="0" bev="0" fileid="1" />
                <SequencePoint vc="2" uspid="433" ordinal="13" sl="433" sc="1" el="433" ec="2" bec="0" bev="0" fileid="1" />
                <SequencePoint vc="2" uspid="435" ordinal="14" sl="435" sc="1" el="435" ec="2" bec="0" bev="0" fileid="1" />
                <SequencePoint vc="1" uspid="437" ordinal="15" sl="437" sc="1" el="437" ec="2" bec="0" bev="0" fileid="1" />
                <SequencePoint vc="1" uspid="438" ordinal="16" sl="438" sc="1" el="438" ec="2" bec="0" bev="0" fileid="1" />
                <SequencePoint vc="1" uspid="439" ordinal="17" sl="439" sc="1" el="439" ec="2" bec="0" bev="0" fileid="1" />
                <SequencePoint vc="0" uspid="440" ordinal="18" sl="440" sc="1" el="440" ec="2" bec="0" bev="0" fileid="1" />
                <SequencePoint vc="0" uspid="441" ordinal="19" sl="441" sc="1" el="441" ec="2" bec="0" bev="0" fileid="1" />
                <SequencePoint vc="0" uspid="442" ordinal="20" sl="442" sc="1" el="442" ec="2" bec="0" bev="0" fileid="1" />
                <SequencePoint vc="1" uspid="443" ordinal="21" sl="443" sc="1" el="443" ec="2" bec="0" bev="0" fileid="1" />
                <SequencePoint vc="1" uspid="445" ordinal="22" sl="445" sc="1" el="445" ec="2" bec="0" bev="0" fileid="1" />
                <SequencePoint vc="1" uspid="446" ordinal="23" sl="446" sc="1" el="446" ec="2" bec="0" bev="0" fileid="1" />
                <SequencePoint vc="0" uspid="447" ordinal="24" sl="447" sc="1" el="447" ec="2" bec="0" bev="0" fileid="1" />
                <SequencePoint vc="0" uspid="448" ordinal="25" sl="448" sc="1" el="448" ec="2" bec="0" bev="0" fileid="1" />
                <SequencePoint vc="0" uspid="449" ordinal="26" sl="449" sc="1" el="449" ec="2" bec="0" bev="0" fileid="1" />
                <SequencePoint vc="1" uspid="450" ordinal="27" sl="450" sc="1" el="450" ec="2" bec="0" bev="0" fileid="1" />
                <SequencePoint vc="0" uspid="451" ordinal="28" sl="451" sc="1" el="451" ec="2" bec="0" bev="0" fileid="1" />
                <SequencePoint vc="0" uspid="452" ordinal="29" sl="452" sc="1" el="452" ec="2" bec="0" bev="0" fileid="1" />
                <SequencePoint vc="0" uspid="453" ordinal="30" sl="453" sc="1" el="453" ec="2" bec="0" bev="0" fileid="1" />
                <SequencePoint vc="1" uspid="454" ordinal="31" sl="454" sc="1" el="454" ec="2" bec="0" bev="0" fileid="1" />
                <SequencePoint vc="0" uspid="455" ordinal="32" sl="455" sc="1" el="455" ec="2" bec="0" bev="0" fileid="1" />
                <SequencePoint vc="0" uspid="456" ordinal="33" sl="456" sc="1" el="456" ec="2" bec="0" bev="0" fileid="1" />
                <SequencePoint vc="0" uspid="457" ordinal="34" sl="457" sc="1" el="457" ec="2" bec="0" bev="0" fileid="1" />
                <SequencePoint vc="1" uspid="458" ordinal="35" sl="458" sc="1" el="458" ec="2" bec="0" bev="0" fileid="1" />
                <SequencePoint vc="0" uspid="459" ordinal="36" sl="459" sc="1" el="459" ec="2" bec="0" bev="0" fileid="1" />
                <SequencePoint vc="0" uspid="460" ordinal="37" sl="460" sc="1" el="460" ec="2" bec="0" bev="0" fileid="1" />
                <SequencePoint vc="0" uspid="461" ordinal="38" sl="461" sc="1" el="461" ec="2" bec="0" bev="0" fileid="1" />
                <SequencePoint vc="1" uspid="462" ordinal="39" sl="462" sc="1" el="462" ec="2" bec="0" bev="0" fileid="1" />
                <SequencePoint vc="0" uspid="463" ordinal="40" sl="463" sc="1" el="463" ec="2" bec="0" bev="0" fileid="1" />
                <SequencePoint vc="0" uspid="464" ordinal="41" sl="464" sc="1" el="464" ec="2" bec="0" bev="0" fileid="1" />
                <SequencePoint vc="0" uspid="465" ordinal="42" sl="465" sc="1" el="465" ec="2" bec="0" bev="0" fileid="1" />
                <SequencePoint vc="1" uspid="466" ordinal="43" sl="466" sc="1" el="466" ec="2" bec="0" bev="0" fileid="1" />
                <SequencePoint vc="0" uspid="467" ordinal="44" sl="467" sc="1" el="467" ec="2" bec="0" bev="0" fileid="1" />
                <SequencePoint vc="0" uspid="468" ordinal="45" sl="468" sc="1" el="468" ec="2" bec="0" bev="0" fileid="1" />
                <SequencePoint vc="0" uspid="469" ordinal="46" sl="469" sc="1" el="469" ec="2" bec="0" bev="0" fileid="1" />
                <SequencePoint vc="1" uspid="470" ordinal="47" sl="470" sc="1" el="470" ec="2" bec="0" bev="0" fileid="1" />
                <SequencePoint vc="0" uspid="471" ordinal="48" sl="471" sc="1" el="471" ec="2" bec="0" bev="0" fileid="1" />
                <SequencePoint vc="0" uspid="472" ordinal="49" sl="472" sc="1" el="472" ec="2" bec="0" bev="0" fileid="1" />
                <SequencePoint vc="0" uspid="473" ordinal="50" sl="473" sc="1" el="473" ec="2" bec="0" bev="0" fileid="1" />
                <SequencePoint vc="1" uspid="474" ordinal="51" sl="474" sc="1" el="474" ec="2" bec="0" bev="0" fileid="1" />
                <SequencePoint vc="0" uspid="475" ordinal="52" sl="475" sc="1" el="475" ec="2" bec="0" bev="0" fileid="1" />
                <SequencePoint vc="0" uspid="476" ordinal="53" sl="476" sc="1" el="476" ec="2" bec="0" bev="0" fileid="1" />
                <SequencePoint vc="0" uspid="477" ordinal="54" sl="477" sc="1" el="477" ec="2" bec="0" bev="0" fileid="1" />
                <SequencePoint vc="1" uspid="478" ordinal="55" sl="478" sc="1" el="478" ec="2" bec="0" bev="0" fileid="1" />
                <SequencePoint vc="0" uspid="479" ordinal="56" sl="479" sc="1" el="479" ec="2" bec="0" bev="0" fileid="1" />
                <SequencePoint vc="0" uspid="480" ordinal="57" sl="480" sc="1" el="480" ec="2" bec="0" bev="0" fileid="1" />
                <SequencePoint vc="0" uspid="481" ordinal="58" sl="481" sc="1" el="481" ec="2" bec="0" bev="0" fileid="1" />
                <SequencePoint vc="1" uspid="482" ordinal="59" sl="482" sc="1" el="482" ec="2" bec="0" bev="0" fileid="1" />
                <SequencePoint vc="0" uspid="483" ordinal="60" sl="483" sc="1" el="483" ec="2" bec="0" bev="0" fileid="1" />
                <SequencePoint vc="0" uspid="484" ordinal="61" sl="484" sc="1" el="484" ec="2" bec="0" bev="0" fileid="1" />
                <SequencePoint vc="0" uspid="485" ordinal="62" sl="485" sc="1" el="485" ec="2" bec="0" bev="0" fileid="1" />
                <SequencePoint vc="1" uspid="486" ordinal="63" sl="486" sc="1" el="486" ec="2" bec="0" bev="0" fileid="1" />
                <SequencePoint vc="1" uspid="487" ordinal="64" sl="487" sc="1" el="487" ec="2" bec="0" bev="0" fileid="1" />
                <SequencePoint vc="1" uspid="489" ordinal="65" sl="489" sc="1" el="489" ec="2" bec="0" bev="0" fileid="1" />
                <SequencePoint vc="1" uspid="490" ordinal="66" sl="490" sc="1" el="490" ec="2" bec="0" bev="0" fileid="1" />
                <SequencePoint vc="1" uspid="491" ordinal="67" sl="491" sc="1" el="491" ec="2" bec="0" bev="0" fileid="1" />
                <SequencePoint vc="1" uspid="493" ordinal="68" sl="493" sc="1" el="493" ec="2" bec="0" bev="0" fileid="1" />
                <SequencePoint vc="1" uspid="494" ordinal="69" sl="494" sc="1" el="494" ec="2" bec="0" bev="0" fileid="1" />
                <SequencePoint vc="0" uspid="495" ordinal="70" sl="495" sc="1" el="495" ec="2" bec="0" bev="0" fileid="1" />
                <SequencePoint vc="0" uspid="496" ordinal="71" sl="496" sc="1" el="496" ec="2" bec="0" bev="0" fileid="1" />
                <SequencePoint vc="0" uspid="497" ordinal="72" sl="497" sc="1" el="497" ec="2" bec="0" bev="0" fileid="1" />
                <SequencePoint vc="1" uspid="498" ordinal="73" sl="498" sc="1" el="498" ec="2" bec="0" bev="0" fileid="1" />
                <SequencePoint vc="1" uspid="499" ordinal="74" sl="499" sc="1" el="499" ec="2" bec="0" bev="0" fileid="1" />
                <SequencePoint vc="1" uspid="500" ordinal="75" sl="500" sc="1" el="500" ec="2" bec="0" bev="0" fileid="1" />
                <SequencePoint vc="1" uspid="501" ordinal="76" sl="501" sc="1" el="501" ec="2" bec="0" bev="0" fileid="1" />
                <SequencePoint vc="1" uspid="504" ordinal="77" sl="504" sc="1" el="504" ec="2" bec="0" bev="0" fileid="1" />
                <SequencePoint vc="1" uspid="505" ordinal="78" sl="505" sc="1" el="505" ec="2" bec="0" bev="0" fileid="1" />
              </SequencePoints>
              <BranchPoints>
                <BranchPoint vc="1" uspid="414" ordinal="0" path="0" offset="9" offsetend="11" sl="414" fileid="1" />
                <BranchPoint vc="3" uspid="414" ordinal="1" path="1" offset="9" offsetend="23" sl="414" fileid="1" />
                <BranchPoint vc="1" uspid="423" ordinal="2" path="0" offset="46" offsetend="48" sl="423" fileid="1" />
                <BranchPoint vc="2" uspid="423" ordinal="3" path="1" offset="46" offsetend="60" sl="423" fileid="1" />
                <BranchPoint vc="0" uspid="439" ordinal="4" path="0" offset="150" offsetend="152" sl="439" fileid="1" />
                <BranchPoint vc="1" uspid="439" ordinal="5" path="1" offset="150" offsetend="174" sl="439" fileid="1" />
                <BranchPoint vc="0" uspid="446" ordinal="6" path="0" offset="212" offsetend="214" sl="446" fileid="1" />
                <BranchPoint vc="1" uspid="446" ordinal="7" path="1" offset="212" offsetend="235" sl="446" fileid="1" />
                <BranchPoint vc="0" uspid="450" ordinal="8" path="0" offset="248" offsetend="250" sl="450" fileid="1" />
                <BranchPoint vc="1" uspid="450" ordinal="9" path="1" offset="248" offsetend="271" sl="450" fileid="1" />
                <BranchPoint vc="0" uspid="454" ordinal="10" path="0" offset="285" offsetend="287" sl="454" fileid="1" />
                <BranchPoint vc="1" uspid="454" ordinal="11" path="1" offset="285" offsetend="309" sl="454" fileid="1" />
                <BranchPoint vc="0" uspid="458" ordinal="12" path="0" offset="318" offsetend="320" sl="458" fileid="1" />
                <BranchPoint vc="1" uspid="458" ordinal="13" path="1" offset="318" offsetend="342" sl="458" fileid="1" />
                <BranchPoint vc="0" uspid="462" ordinal="14" path="0" offset="353" offsetend="355" sl="462" fileid="1" />
                <BranchPoint vc="1" uspid="462" ordinal="15" path="1" offset="353" offsetend="382" sl="462" fileid="1" />
                <BranchPoint vc="0" uspid="466" ordinal="16" path="0" offset="391" offsetend="393" sl="466" fileid="1" />
                <BranchPoint vc="1" uspid="466" ordinal="17" path="1" offset="391" offsetend="415" sl="466" fileid="1" />
                <BranchPoint vc="0" uspid="470" ordinal="18" path="0" offset="417" offsetend="419" sl="470" fileid="1" />
                <BranchPoint vc="1" uspid="470" ordinal="19" path="1" offset="417" offsetend="431" sl="470" fileid="1" />
                <BranchPoint vc="0" uspid="470" ordinal="20" path="0" offset="436" offsetend="438" sl="470" fileid="1" />
                <BranchPoint vc="1" uspid="470" ordinal="21" path="1" offset="436" offsetend="460" sl="470" fileid="1" />
                <BranchPoint vc="0" uspid="474" ordinal="22" path="0" offset="462" offsetend="464" sl="474" fileid="1" />
                <BranchPoint vc="1" uspid="474" ordinal="23" path="1" offset="462" offsetend="476" sl="474" fileid="1" />
                <BranchPoint vc="0" uspid="474" ordinal="24" path="0" offset="481" offsetend="483" sl="474" fileid="1" />
                <BranchPoint vc="1" uspid="474" ordinal="25" path="1" offset="481" offsetend="505" sl="474" fileid="1" />
                <BranchPoint vc="0" uspid="478" ordinal="26" path="0" offset="507" offsetend="509" sl="478" fileid="1" />
                <BranchPoint vc="1" uspid="478" ordinal="27" path="1" offset="507" offsetend="521" sl="478" fileid="1" />
                <BranchPoint vc="0" uspid="478" ordinal="28" path="0" offset="526" offsetend="528" sl="478" fileid="1" />
                <BranchPoint vc="1" uspid="478" ordinal="29" path="1" offset="526" offsetend="550" sl="478" fileid="1" />
                <BranchPoint vc="0" uspid="482" ordinal="30" path="0" offset="552" offsetend="554" sl="482" fileid="1" />
                <BranchPoint vc="1" uspid="482" ordinal="31" path="1" offset="552" offsetend="566" sl="482" fileid="1" />
                <BranchPoint vc="0" uspid="482" ordinal="32" path="0" offset="571" offsetend="573" sl="482" fileid="1" />
                <BranchPoint vc="1" uspid="482" ordinal="33" path="1" offset="571" offsetend="595" sl="482" fileid="1" />
                <BranchPoint vc="0" uspid="494" ordinal="34" path="0" offset="699" offsetend="701" sl="494" fileid="1" />
                <BranchPoint vc="1" uspid="494" ordinal="35" path="1" offset="699" offsetend="709" sl="494" fileid="1" />
              </BranchPoints>
              <MethodPoint vc="43" uspid="0" p8:type="SequencePoint" ordinal="5" offset="5" sc="0" sl="413" ec="1" el="505" bec="0" bev="0" fileid="1" xmlns:p8="xsi" />
            </Method>
            <Method cyclomaticComplexity="6" nPathComplexity="0" sequenceCoverage="90.32" branchCoverage="83.33" isConstructor="False" isGetter="False" isSetter="False" isStatic="True">
              <Summary numSequencePoints="31" visitedSequencePoints="28" numBranchPoints="6" visitedBranchPoints="5" sequenceCoverage="90.32" branchCoverage="83.33" maxCyclomaticComplexity="6" minCyclomaticComplexity="6" visitedClasses="0" numClasses="0" visitedMethods="1" numMethods="1" />
              <MetadataToken />
              <Name>IBM.Cloud.SDK.Core.Http.DetailedResponse`1&lt;System.Object&gt; IBM.Watson.Assistant.v1.AssistantService::DeleteWorkspace(System.String)</Name>
              <FileRef uid="1" />
              <SequencePoints>
                <SequencePoint vc="4" uspid="517" ordinal="0" sl="517" sc="1" el="517" ec="2" bec="0" bev="0" fileid="1" />
                <SequencePoint vc="4" uspid="518" ordinal="1" sl="518" sc="1" el="518" ec="2" bec="0" bev="0" fileid="1" />
                <SequencePoint vc="1" uspid="519" ordinal="2" sl="519" sc="1" el="519" ec="2" bec="0" bev="0" fileid="1" />
                <SequencePoint vc="1" uspid="520" ordinal="3" sl="520" sc="1" el="520" ec="2" bec="0" bev="0" fileid="1" />
                <SequencePoint vc="3" uspid="523" ordinal="4" sl="523" sc="1" el="523" ec="2" bec="0" bev="0" fileid="1" />
                <SequencePoint vc="3" uspid="524" ordinal="5" sl="524" sc="1" el="524" ec="2" bec="0" bev="0" fileid="1" />
                <SequencePoint vc="3" uspid="525" ordinal="6" sl="525" sc="1" el="525" ec="2" bec="0" bev="0" fileid="1" />
                <SequencePoint vc="3" uspid="527" ordinal="7" sl="527" sc="1" el="527" ec="2" bec="0" bev="0" fileid="1" />
                <SequencePoint vc="1" uspid="528" ordinal="8" sl="528" sc="1" el="528" ec="2" bec="0" bev="0" fileid="1" />
                <SequencePoint vc="1" uspid="529" ordinal="9" sl="529" sc="1" el="529" ec="2" bec="0" bev="0" fileid="1" />
                <SequencePoint vc="2" uspid="532" ordinal="10" sl="532" sc="1" el="532" ec="2" bec="0" bev="0" fileid="1" />
                <SequencePoint vc="2" uspid="535" ordinal="11" sl="535" sc="1" el="535" ec="2" bec="0" bev="0" fileid="1" />
                <SequencePoint vc="2" uspid="536" ordinal="12" sl="536" sc="1" el="536" ec="2" bec="0" bev="0" fileid="1" />
                <SequencePoint vc="2" uspid="537" ordinal="13" sl="537" sc="1" el="537" ec="2" bec="0" bev="0" fileid="1" />
                <SequencePoint vc="2" uspid="539" ordinal="14" sl="539" sc="1" el="539" ec="2" bec="0" bev="0" fileid="1" />
                <SequencePoint vc="1" uspid="541" ordinal="15" sl="541" sc="1" el="541" ec="2" bec="0" bev="0" fileid="1" />
                <SequencePoint vc="1" uspid="542" ordinal="16" sl="542" sc="1" el="542" ec="2" bec="0" bev="0" fileid="1" />
                <SequencePoint vc="1" uspid="544" ordinal="17" sl="544" sc="1" el="544" ec="2" bec="0" bev="0" fileid="1" />
                <SequencePoint vc="1" uspid="545" ordinal="18" sl="545" sc="1" el="545" ec="2" bec="0" bev="0" fileid="1" />
                <SequencePoint vc="1" uspid="546" ordinal="19" sl="546" sc="1" el="546" ec="2" bec="0" bev="0" fileid="1" />
                <SequencePoint vc="1" uspid="548" ordinal="20" sl="548" sc="1" el="548" ec="2" bec="0" bev="0" fileid="1" />
                <SequencePoint vc="1" uspid="549" ordinal="21" sl="549" sc="1" el="549" ec="2" bec="0" bev="0" fileid="1" />
                <SequencePoint vc="0" uspid="550" ordinal="22" sl="550" sc="1" el="550" ec="2" bec="0" bev="0" fileid="1" />
                <SequencePoint vc="0" uspid="551" ordinal="23" sl="551" sc="1" el="551" ec="2" bec="0" bev="0" fileid="1" />
                <SequencePoint vc="0" uspid="552" ordinal="24" sl="552" sc="1" el="552" ec="2" bec="0" bev="0" fileid="1" />
                <SequencePoint vc="1" uspid="553" ordinal="25" sl="553" sc="1" el="553" ec="2" bec="0" bev="0" fileid="1" />
                <SequencePoint vc="1" uspid="554" ordinal="26" sl="554" sc="1" el="554" ec="2" bec="0" bev="0" fileid="1" />
                <SequencePoint vc="1" uspid="555" ordinal="27" sl="555" sc="1" el="555" ec="2" bec="0" bev="0" fileid="1" />
                <SequencePoint vc="1" uspid="556" ordinal="28" sl="556" sc="1" el="556" ec="2" bec="0" bev="0" fileid="1" />
                <SequencePoint vc="1" uspid="559" ordinal="29" sl="559" sc="1" el="559" ec="2" bec="0" bev="0" fileid="1" />
                <SequencePoint vc="1" uspid="560" ordinal="30" sl="560" sc="1" el="560" ec="2" bec="0" bev="0" fileid="1" />
              </SequencePoints>
              <BranchPoints>
                <BranchPoint vc="1" uspid="518" ordinal="0" path="0" offset="9" offsetend="11" sl="518" fileid="1" />
                <BranchPoint vc="3" uspid="518" ordinal="1" path="1" offset="9" offsetend="23" sl="518" fileid="1" />
                <BranchPoint vc="1" uspid="527" ordinal="2" path="0" offset="46" offsetend="48" sl="527" fileid="1" />
                <BranchPoint vc="2" uspid="527" ordinal="3" path="1" offset="46" offsetend="60" sl="527" fileid="1" />
                <BranchPoint vc="0" uspid="549" ordinal="4" path="0" offset="209" offsetend="211" sl="549" fileid="1" />
                <BranchPoint vc="1" uspid="549" ordinal="5" path="1" offset="209" offsetend="219" sl="549" fileid="1" />
              </BranchPoints>
              <MethodPoint vc="28" uspid="0" p8:type="SequencePoint" ordinal="6" offset="6" sc="0" sl="517" ec="1" el="560" bec="0" bev="0" fileid="1" xmlns:p8="xsi" />
            </Method>
            <Method cyclomaticComplexity="16" nPathComplexity="0" sequenceCoverage="64.7" branchCoverage="62.5" isConstructor="False" isGetter="False" isSetter="False" isStatic="True">
              <Summary numSequencePoints="51" visitedSequencePoints="33" numBranchPoints="16" visitedBranchPoints="10" sequenceCoverage="64.7" branchCoverage="62.5" maxCyclomaticComplexity="16" minCyclomaticComplexity="16" visitedClasses="0" numClasses="0" visitedMethods="1" numMethods="1" />
              <MetadataToken />
              <Name>IBM.Cloud.SDK.Core.Http.DetailedResponse`1&lt;IBM.Watson.Assistant.v1.Model.IntentCollection&gt; IBM.Watson.Assistant.v1.AssistantService::ListIntents(System.String,System.Nullable`1&lt;System.Boolean&gt;,System.Nullable`1&lt;System.Int64&gt;,System.String,System.String,System.Nullable`1&lt;System.Boolean&gt;)</Name>
              <FileRef uid="1" />
              <SequencePoints>
                <SequencePoint vc="4" uspid="581" ordinal="0" sl="581" sc="1" el="581" ec="2" bec="0" bev="0" fileid="1" />
                <SequencePoint vc="4" uspid="582" ordinal="1" sl="582" sc="1" el="582" ec="2" bec="0" bev="0" fileid="1" />
                <SequencePoint vc="1" uspid="583" ordinal="2" sl="583" sc="1" el="583" ec="2" bec="0" bev="0" fileid="1" />
                <SequencePoint vc="1" uspid="584" ordinal="3" sl="584" sc="1" el="584" ec="2" bec="0" bev="0" fileid="1" />
                <SequencePoint vc="3" uspid="587" ordinal="4" sl="587" sc="1" el="587" ec="2" bec="0" bev="0" fileid="1" />
                <SequencePoint vc="3" uspid="588" ordinal="5" sl="588" sc="1" el="588" ec="2" bec="0" bev="0" fileid="1" />
                <SequencePoint vc="3" uspid="589" ordinal="6" sl="589" sc="1" el="589" ec="2" bec="0" bev="0" fileid="1" />
                <SequencePoint vc="3" uspid="591" ordinal="7" sl="591" sc="1" el="591" ec="2" bec="0" bev="0" fileid="1" />
                <SequencePoint vc="1" uspid="592" ordinal="8" sl="592" sc="1" el="592" ec="2" bec="0" bev="0" fileid="1" />
                <SequencePoint vc="1" uspid="593" ordinal="9" sl="593" sc="1" el="593" ec="2" bec="0" bev="0" fileid="1" />
                <SequencePoint vc="2" uspid="596" ordinal="10" sl="596" sc="1" el="596" ec="2" bec="0" bev="0" fileid="1" />
                <SequencePoint vc="2" uspid="599" ordinal="11" sl="599" sc="1" el="599" ec="2" bec="0" bev="0" fileid="1" />
                <SequencePoint vc="2" uspid="600" ordinal="12" sl="600" sc="1" el="600" ec="2" bec="0" bev="0" fileid="1" />
                <SequencePoint vc="2" uspid="601" ordinal="13" sl="601" sc="1" el="601" ec="2" bec="0" bev="0" fileid="1" />
                <SequencePoint vc="2" uspid="603" ordinal="14" sl="603" sc="1" el="603" ec="2" bec="0" bev="0" fileid="1" />
                <SequencePoint vc="1" uspid="605" ordinal="15" sl="605" sc="1" el="605" ec="2" bec="0" bev="0" fileid="1" />
                <SequencePoint vc="1" uspid="606" ordinal="16" sl="606" sc="1" el="606" ec="2" bec="0" bev="0" fileid="1" />
                <SequencePoint vc="1" uspid="607" ordinal="17" sl="607" sc="1" el="607" ec="2" bec="0" bev="0" fileid="1" />
                <SequencePoint vc="0" uspid="608" ordinal="18" sl="608" sc="1" el="608" ec="2" bec="0" bev="0" fileid="1" />
                <SequencePoint vc="0" uspid="609" ordinal="19" sl="609" sc="1" el="609" ec="2" bec="0" bev="0" fileid="1" />
                <SequencePoint vc="0" uspid="610" ordinal="20" sl="610" sc="1" el="610" ec="2" bec="0" bev="0" fileid="1" />
                <SequencePoint vc="1" uspid="611" ordinal="21" sl="611" sc="1" el="611" ec="2" bec="0" bev="0" fileid="1" />
                <SequencePoint vc="0" uspid="612" ordinal="22" sl="612" sc="1" el="612" ec="2" bec="0" bev="0" fileid="1" />
                <SequencePoint vc="0" uspid="613" ordinal="23" sl="613" sc="1" el="613" ec="2" bec="0" bev="0" fileid="1" />
                <SequencePoint vc="0" uspid="614" ordinal="24" sl="614" sc="1" el="614" ec="2" bec="0" bev="0" fileid="1" />
                <SequencePoint vc="1" uspid="615" ordinal="25" sl="615" sc="1" el="615" ec="2" bec="0" bev="0" fileid="1" />
                <SequencePoint vc="0" uspid="616" ordinal="26" sl="616" sc="1" el="616" ec="2" bec="0" bev="0" fileid="1" />
                <SequencePoint vc="0" uspid="617" ordinal="27" sl="617" sc="1" el="617" ec="2" bec="0" bev="0" fileid="1" />
                <SequencePoint vc="0" uspid="618" ordinal="28" sl="618" sc="1" el="618" ec="2" bec="0" bev="0" fileid="1" />
[...]
              <MetadataToken />
              <Name>System.String IBM.Watson.Assistant.v1.Model.Workspace::get_WorkspaceId()</Name>
              <FileRef uid="50" />
              <SequencePoints>
                <SequencePoint vc="0" uspid="98" ordinal="0" sl="98" sc="1" el="98" ec="2" bec="0" bev="0" fileid="50" />
              </SequencePoints>
              <BranchPoints />
              <MethodPoint vc="0" uspid="0" p8:type="SequencePoint" ordinal="7" offset="7" sc="0" sl="98" ec="1" el="98" bec="0" bev="0" fileid="50" xmlns:p8="xsi" />
            </Method>
            <Method cyclomaticComplexity="1" nPathComplexity="0" sequenceCoverage="0" branchCoverage="100" isConstructor="False" isGetter="True" isSetter="False" isStatic="True">
              <Summary numSequencePoints="1" visitedSequencePoints="0" numBranchPoints="0" visitedBranchPoints="0" sequenceCoverage="0" branchCoverage="100" maxCyclomaticComplexity="1" minCyclomaticComplexity="1" visitedClasses="0" numClasses="0" visitedMethods="0" numMethods="1" />
              <MetadataToken />
              <Name>System.Nullable`1&lt;System.DateTime&gt; IBM.Watson.Assistant.v1.Model.Workspace::get_Created()</Name>
              <FileRef uid="50" />
              <SequencePoints>
                <SequencePoint vc="0" uspid="103" ordinal="0" sl="103" sc="1" el="103" ec="2" bec="0" bev="0" fileid="50" />
              </SequencePoints>
              <BranchPoints />
              <MethodPoint vc="0" uspid="0" p8:type="SequencePoint" ordinal="8" offset="8" sc="0" sl="103" ec="1" el="103" bec="0" bev="0" fileid="50" xmlns:p8="xsi" />
            </Method>
            <Method cyclomaticComplexity="1" nPathComplexity="0" sequenceCoverage="0" branchCoverage="100" isConstructor="False" isGetter="True" isSetter="False" isStatic="True">
              <Summary numSequencePoints="1" visitedSequencePoints="0" numBranchPoints="0" visitedBranchPoints="0" sequenceCoverage="0" branchCoverage="100" maxCyclomaticComplexity="1" minCyclomaticComplexity="1" visitedClasses="0" numClasses="0" visitedMethods="0" numMethods="1" />
              <MetadataToken />
              <Name>System.Nullable`1&lt;System.DateTime&gt; IBM.Watson.Assistant.v1.Model.Workspace::get_Updated()</Name>
              <FileRef uid="50" />
              <SequencePoints>
                <SequencePoint vc="0" uspid="108" ordinal="0" sl="108" sc="1" el="108" ec="2" bec="0" bev="0" fileid="50" />
              </SequencePoints>
              <BranchPoints />
              <MethodPoint vc="0" uspid="0" p8:type="SequencePoint" ordinal="9" offset="9" sc="0" sl="108" ec="1" el="108" bec="0" bev="0" fileid="50" xmlns:p8="xsi" />
            </Method>
            <Method cyclomaticComplexity="1" nPathComplexity="0" sequenceCoverage="100" branchCoverage="100" isConstructor="False" isGetter="True" isSetter="False" isStatic="True">
              <Summary numSequencePoints="1" visitedSequencePoints="1" numBranchPoints="0" visitedBranchPoints="0" sequenceCoverage="100" branchCoverage="100" maxCyclomaticComplexity="1" minCyclomaticComplexity="1" visitedClasses="0" numClasses="0" visitedMethods="1" numMethods="1" />
              <MetadataToken />
              <Name>System.Collections.Generic.List`1&lt;IBM.Watson.Assistant.v1.Model.Intent&gt; IBM.Watson.Assistant.v1.Model.Workspace::get_Intents()</Name>
              <FileRef uid="50" />
              <SequencePoints>
                <SequencePoint vc="1" uspid="113" ordinal="0" sl="113" sc="1" el="113" ec="2" bec="0" bev="0" fileid="50" />
              </SequencePoints>
              <BranchPoints />
              <MethodPoint vc="1" uspid="0" p8:type="SequencePoint" ordinal="10" offset="10" sc="0" sl="113" ec="1" el="113" bec="0" bev="0" fileid="50" xmlns:p8="xsi" />
            </Method>
            <Method cyclomaticComplexity="1" nPathComplexity="0" sequenceCoverage="100" branchCoverage="100" isConstructor="False" isGetter="True" isSetter="False" isStatic="True">
              <Summary numSequencePoints="1" visitedSequencePoints="1" numBranchPoints="0" visitedBranchPoints="0" sequenceCoverage="100" branchCoverage="100" maxCyclomaticComplexity="1" minCyclomaticComplexity="1" visitedClasses="0" numClasses="0" visitedMethods="1" numMethods="1" />
              <MetadataToken />
              <Name>System.Collections.Generic.List`1&lt;IBM.Watson.Assistant.v1.Model.Entity&gt; IBM.Watson.Assistant.v1.Model.Workspace::get_Entities()</Name>
              <FileRef uid="50" />
              <SequencePoints>
                <SequencePoint vc="1" uspid="118" ordinal="0" sl="118" sc="1" el="118" ec="2" bec="0" bev="0" fileid="50" />
              </SequencePoints>
              <BranchPoints />
              <MethodPoint vc="1" uspid="0" p8:type="SequencePoint" ordinal="11" offset="11" sc="0" sl="118" ec="1" el="118" bec="0" bev="0" fileid="50" xmlns:p8="xsi" />
            </Method>
            <Method cyclomaticComplexity="1" nPathComplexity="0" sequenceCoverage="100" branchCoverage="100" isConstructor="False" isGetter="True" isSetter="False" isStatic="True">
              <Summary numSequencePoints="1" visitedSequencePoints="1" numBranchPoints="0" visitedBranchPoints="0" sequenceCoverage="100" branchCoverage="100" maxCyclomaticComplexity="1" minCyclomaticComplexity="1" visitedClasses="0" numClasses="0" visitedMethods="1" numMethods="1" />
              <MetadataToken />
              <Name>System.Collections.Generic.List`1&lt;IBM.Watson.Assistant.v1.Model.DialogNode&gt; IBM.Watson.Assistant.v1.Model.Workspace::get_DialogNodes()</Name>
              <FileRef uid="50" />
              <SequencePoints>
                <SequencePoint vc="1" uspid="123" ordinal="0" sl="123" sc="1" el="123" ec="2" bec="0" bev="0" fileid="50" />
              </SequencePoints>
              <BranchPoints />
              <MethodPoint vc="1" uspid="0" p8:type="SequencePoint" ordinal="12" offset="12" sc="0" sl="123" ec="1" el="123" bec="0" bev="0" fileid="50" xmlns:p8="xsi" />
            </Method>
            <Method cyclomaticComplexity="1" nPathComplexity="0" sequenceCoverage="100" branchCoverage="100" isConstructor="False" isGetter="True" isSetter="False" isStatic="True">
              <Summary numSequencePoints="1" visitedSequencePoints="1" numBranchPoints="0" visitedBranchPoints="0" sequenceCoverage="100" branchCoverage="100" maxCyclomaticComplexity="1" minCyclomaticComplexity="1" visitedClasses="0" numClasses="0" visitedMethods="1" numMethods="1" />
              <MetadataToken />
              <Name>System.Collections.Generic.List`1&lt;IBM.Watson.Assistant.v1.Model.Counterexample&gt; IBM.Watson.Assistant.v1.Model.Workspace::get_Counterexamples()</Name>
              <FileRef uid="50" />
              <SequencePoints>
                <SequencePoint vc="1" uspid="128" ordinal="0" sl="128" sc="1" el="128" ec="2" bec="0" bev="0" fileid="50" />
              </SequencePoints>
              <BranchPoints />
              <MethodPoint vc="1" uspid="0" p8:type="SequencePoint" ordinal="13" offset="13" sc="0" sl="128" ec="1" el="128" bec="0" bev="0" fileid="50" xmlns:p8="xsi" />
            </Method>
          </Methods>
        </Class>
        <Class>
          <Summary numSequencePoints="2" visitedSequencePoints="2" numBranchPoints="0" visitedBranchPoints="0" sequenceCoverage="100" branchCoverage="100" maxCyclomaticComplexity="1" minCyclomaticComplexity="1" visitedClasses="1" numClasses="1" visitedMethods="2" numMethods="2" />
          <FullName>IBM.Watson.Assistant.v1.Model.WorkspaceCollection</FullName>
          <Methods>
            <Method cyclomaticComplexity="1" nPathComplexity="0" sequenceCoverage="100" branchCoverage="100" isConstructor="False" isGetter="True" isSetter="False" isStatic="True">
              <Summary numSequencePoints="1" visitedSequencePoints="1" numBranchPoints="0" visitedBranchPoints="0" sequenceCoverage="100" branchCoverage="100" maxCyclomaticComplexity="1" minCyclomaticComplexity="1" visitedClasses="0" numClasses="0" visitedMethods="1" numMethods="1" />
              <MetadataToken />
              <Name>System.Collections.Generic.List`1&lt;IBM.Watson.Assistant.v1.Model.Workspace&gt; IBM.Watson.Assistant.v1.Model.WorkspaceCollection::get_Workspaces()</Name>
              <FileRef uid="51" />
              <SequencePoints>
                <SequencePoint vc="9" uspid="32" ordinal="0" sl="32" sc="1" el="32" ec="2" bec="0" bev="0" fileid="51" />
              </SequencePoints>
              <BranchPoints />
              <MethodPoint vc="1" uspid="0" p8:type="SequencePoint" ordinal="0" offset="0" sc="0" sl="32" ec="1" el="32" bec="0" bev="0" fileid="51" xmlns:p8="xsi" />
            </Method>
            <Method cyclomaticComplexity="1" nPathComplexity="0" sequenceCoverage="100" branchCoverage="100" isConstructor="False" isGetter="True" isSetter="False" isStatic="True">
              <Summary numSequencePoints="1" visitedSequencePoints="1" numBranchPoints="0" visitedBranchPoints="0" sequenceCoverage="100" branchCoverage="100" maxCyclomaticComplexity="1" minCyclomaticComplexity="1" visitedClasses="0" numClasses="0" visitedMethods="1" numMethods="1" />
              <MetadataToken />
              <Name>IBM.Watson.Assistant.v1.Model.Pagination IBM.Watson.Assistant.v1.Model.WorkspaceCollection::get_Pagination()</Name>
              <FileRef uid="51" />
              <SequencePoints>
                <SequencePoint vc="5" uspid="37" ordinal="0" sl="37" sc="1" el="37" ec="2" bec="0" bev="0" fileid="51" />
              </SequencePoints>
              <BranchPoints />
              <MethodPoint vc="1" uspid="0" p8:type="SequencePoint" ordinal="1" offset="1" sc="0" sl="37" ec="1" el="37" bec="0" bev="0" fileid="51" xmlns:p8="xsi" />
            </Method>
          </Methods>
        </Class>
        <Class>
          <Summary numSequencePoints="3" visitedSequencePoints="0" numBranchPoints="0" visitedBranchPoints="0" sequenceCoverage="0" branchCoverage="100" maxCyclomaticComplexity="1" minCyclomaticComplexity="1" visitedClasses="0" numClasses="1" visitedMethods="0" numMethods="3" />
          <FullName>IBM.Watson.Assistant.v1.Model.WorkspaceSystemSettings</FullName>
          <Methods>
            <Method cyclomaticComplexity="1" nPathComplexity="0" sequenceCoverage="0" branchCoverage="100" isConstructor="False" isGetter="True" isSetter="False" isStatic="True">
              <Summary numSequencePoints="1" visitedSequencePoints="0" numBranchPoints="0" visitedBranchPoints="0" sequenceCoverage="0" branchCoverage="100" maxCyclomaticComplexity="1" minCyclomaticComplexity="1" visitedClasses="0" numClasses="0" visitedMethods="0" numMethods="1" />
              <MetadataToken />
              <Name>IBM.Watson.Assistant.v1.Model.WorkspaceSystemSettingsTooling IBM.Watson.Assistant.v1.Model.WorkspaceSystemSettings::get_Tooling()</Name>
              <FileRef uid="52" />
              <SequencePoints>
                <SequencePoint vc="0" uspid="32" ordinal="0" sl="32" sc="1" el="32" ec="2" bec="0" bev="0" fileid="52" />
              </SequencePoints>
              <BranchPoints />
              <MethodPoint vc="0" uspid="0" p8:type="SequencePoint" ordinal="0" offset="0" sc="0" sl="32" ec="1" el="32" bec="0" bev="0" fileid="52" xmlns:p8="xsi" />
            </Method>
            <Method cyclomaticComplexity="1" nPathComplexity="0" sequenceCoverage="0" branchCoverage="100" isConstructor="False" isGetter="True" isSetter="False" isStatic="True">
              <Summary numSequencePoints="1" visitedSequencePoints="0" numBranchPoints="0" visitedBranchPoints="0" sequenceCoverage="0" branchCoverage="100" maxCyclomaticComplexity="1" minCyclomaticComplexity="1" visitedClasses="0" numClasses="0" visitedMethods="0" numMethods="1" />
              <MetadataToken />
              <Name>IBM.Watson.Assistant.v1.Model.WorkspaceSystemSettingsDisambiguation IBM.Watson.Assistant.v1.Model.WorkspaceSystemSettings::get_Disambiguation()</Name>
              <FileRef uid="52" />
              <SequencePoints>
                <SequencePoint vc="0" uspid="39" ordinal="0" sl="39" sc="1" el="39" ec="2" bec="0" bev="0" fileid="52" />
              </SequencePoints>
              <BranchPoints />
              <MethodPoint vc="0" uspid="0" p8:type="SequencePoint" ordinal="1" offset="1" sc="0" sl="39" ec="1" el="39" bec="0" bev="0" fileid="52" xmlns:p8="xsi" />
            </Method>
            <Method cyclomaticComplexity="1" nPathComplexity="0" sequenceCoverage="0" branchCoverage="100" isConstructor="False" isGetter="True" isSetter="False" isStatic="True">
              <Summary numSequencePoints="1" visitedSequencePoints="0" numBranchPoints="0" visitedBranchPoints="0" sequenceCoverage="0" branchCoverage="100" maxCyclomaticComplexity="1" minCyclomaticComplexity="1" visitedClasses="0" numClasses="0" visitedMethods="0" numMethods="1" />
              <MetadataToken />
              <Name>System.Collections.Generic.Dictionary`2&lt;System.String,System.Object&gt; IBM.Watson.Assistant.v1.Model.WorkspaceSystemSettings::get_HumanAgentAssist()</Name>
              <FileRef uid="52" />
              <SequencePoints>
                <SequencePoint vc="0" uspid="44" ordinal="0" sl="44" sc="1" el="44" ec="2" bec="0" bev="0" fileid="52" />
              </SequencePoints>
              <BranchPoints />
              <MethodPoint vc="0" uspid="0" p8:type="SequencePoint" ordinal="2" offset="2" sc="0" sl="44" ec="1" el="44" bec="0" bev="0" fileid="52" xmlns:p8="xsi" />
            </Method>
          </Methods>
        </Class>
        <Class>
          <Summary numSequencePoints="4" visitedSequencePoints="0" numBranchPoints="0" visitedBranchPoints="0" sequenceCoverage="0" branchCoverage="100" maxCyclomaticComplexity="1" minCyclomaticComplexity="1" visitedClasses="0" numClasses="1" visitedMethods="0" numMethods="4" />
          <FullName>IBM.Watson.Assistant.v1.Model.WorkspaceSystemSettingsDisambiguation</FullName>
          <Methods>
            <Method cyclomaticComplexity="1" nPathComplexity="0" sequenceCoverage="0" branchCoverage="100" isConstructor="False" isGetter="True" isSetter="False" isStatic="True">
              <Summary numSequencePoints="1" visitedSequencePoints="0" numBranchPoints="0" visitedBranchPoints="0" sequenceCoverage="0" branchCoverage="100" maxCyclomaticComplexity="1" minCyclomaticComplexity="1" visitedClasses="0" numClasses="0" visitedMethods="0" numMethods="1" />
              <MetadataToken />
              <Name>System.String IBM.Watson.Assistant.v1.Model.WorkspaceSystemSettingsDisambiguation::get_Sensitivity()</Name>
              <FileRef uid="53" />
              <SequencePoints>
                <SequencePoint vc="0" uspid="52" ordinal="0" sl="52" sc="1" el="52" ec="2" bec="0" bev="0" fileid="53" />
              </SequencePoints>
              <BranchPoints />
              <MethodPoint vc="0" uspid="0" p8:type="SequencePoint" ordinal="0" offset="0" sc="0" sl="52" ec="1" el="52" bec="0" bev="0" fileid="53" xmlns:p8="xsi" />
            </Method>
            <Method cyclomaticComplexity="1" nPathComplexity="0" sequenceCoverage="0" branchCoverage="100" isConstructor="False" isGetter="True" isSetter="False" isStatic="True">
              <Summary numSequencePoints="1" visitedSequencePoints="0" numBranchPoints="0" visitedBranchPoints="0" sequenceCoverage="0" branchCoverage="100" maxCyclomaticComplexity="1" minCyclomaticComplexity="1" visitedClasses="0" numClasses="0" visitedMethods="0" numMethods="1" />
              <MetadataToken />
              <Name>System.String IBM.Watson.Assistant.v1.Model.WorkspaceSystemSettingsDisambiguation::get_Prompt()</Name>
              <FileRef uid="53" />
              <SequencePoints>
                <SequencePoint vc="0" uspid="57" ordinal="0" sl="57" sc="1" el="57" ec="2" bec="0" bev="0" fileid="53" />
              </SequencePoints>
              <BranchPoints />
              <MethodPoint vc="0" uspid="0" p8:type="SequencePoint" ordinal="1" offset="1" sc="0" sl="57" ec="1" el="57" bec="0" bev="0" fileid="53" xmlns:p8="xsi" />
            </Method>
            <Method cyclomaticComplexity="1" nPathComplexity="0" sequenceCoverage="0" branchCoverage="100" isConstructor="False" isGetter="True" isSetter="False" isStatic="True">
              <Summary numSequencePoints="1" visitedSequencePoints="0" numBranchPoints="0" visitedBranchPoints="0" sequenceCoverage="0" branchCoverage="100" maxCyclomaticComplexity="1" minCyclomaticComplexity="1" visitedClasses="0" numClasses="0" visitedMethods="0" numMethods="1" />
              <MetadataToken />
              <Name>System.String IBM.Watson.Assistant.v1.Model.WorkspaceSystemSettingsDisambiguation::get_NoneOfTheAbovePrompt()</Name>
              <FileRef uid="53" />
              <SequencePoints>
                <SequencePoint vc="0" uspid="63" ordinal="0" sl="63" sc="1" el="63" ec="2" bec="0" bev="0" fileid="53" />
              </SequencePoints>
              <BranchPoints />
              <MethodPoint vc="0" uspid="0" p8:type="SequencePoint" ordinal="2" offset="2" sc="0" sl="63" ec="1" el="63" bec="0" bev="0" fileid="53" xmlns:p8="xsi" />
            </Method>
            <Method cyclomaticComplexity="1" nPathComplexity="0" sequenceCoverage="0" branchCoverage="100" isConstructor="False" isGetter="True" isSetter="False" isStatic="True">
              <Summary numSequencePoints="1" visitedSequencePoints="0" numBranchPoints="0" visitedBranchPoints="0" sequenceCoverage="0" branchCoverage="100" maxCyclomaticComplexity="1" minCyclomaticComplexity="1" visitedClasses="0" numClasses="0" visitedMethods="0" numMethods="1" />
              <MetadataToken />
              <Name>System.Nullable`1&lt;System.Boolean&gt; IBM.Watson.Assistant.v1.Model.WorkspaceSystemSettingsDisambiguation::get_Enabled()</Name>
              <FileRef uid="53" />
              <SequencePoints>
                <SequencePoint vc="0" uspid="68" ordinal="0" sl="68" sc="1" el="68" ec="2" bec="0" bev="0" fileid="53" />
              </SequencePoints>
              <BranchPoints />
              <MethodPoint vc="0" uspid="0" p8:type="SequencePoint" ordinal="3" offset="3" sc="0" sl="68" ec="1" el="68" bec="0" bev="0" fileid="53" xmlns:p8="xsi" />
            </Method>
          </Methods>
        </Class>
        <Class>
          <Summary numSequencePoints="1" visitedSequencePoints="0" numBranchPoints="0" visitedBranchPoints="0" sequenceCoverage="0" branchCoverage="100" maxCyclomaticComplexity="1" minCyclomaticComplexity="1" visitedClasses="0" numClasses="1" visitedMethods="0" numMethods="1" />
          <FullName>IBM.Watson.Assistant.v1.Model.WorkspaceSystemSettingsTooling</FullName>
          <Methods>
            <Method cyclomaticComplexity="1" nPathComplexity="0" sequenceCoverage="0" branchCoverage="100" isConstructor="False" isGetter="True" isSetter="False" isStatic="True">
              <Summary numSequencePoints="1" visitedSequencePoints="0" numBranchPoints="0" visitedBranchPoints="0" sequenceCoverage="0" branchCoverage="100" maxCyclomaticComplexity="1" minCyclomaticComplexity="1" visitedClasses="0" numClasses="0" visitedMethods="0" numMethods="1" />
              <MetadataToken />
              <Name>System.Nullable`1&lt;System.Boolean&gt; IBM.Watson.Assistant.v1.Model.WorkspaceSystemSettingsTooling::get_StoreGenericResponses()</Name>
              <FileRef uid="54" />
              <SequencePoints>
                <SequencePoint vc="0" uspid="31" ordinal="0" sl="31" sc="1" el="31" ec="2" bec="0" bev="0" fileid="54" />
              </SequencePoints>
              <BranchPoints />
              <MethodPoint vc="0" uspid="0" p8:type="SequencePoint" ordinal="0" offset="0" sc="0" sl="31" ec="1" el="31" bec="0" bev="0" fileid="54" xmlns:p8="xsi" />
            </Method>
          </Methods>
        </Class>
      </Classes>
    </Module>
  </Modules>
</CoverageSession>