<?xml version="1.0" encoding="utf-8"?>
<CoverageSession xmlns:xsd="http://www.w3.org/2001/XMLSchema" xmlns:xsi="http://www.w3.org/2001/XMLSchema-instance">
  <Summary numSequencePoints="289" visitedSequencePoints="67" numBranchPoints="189" visitedBranchPoints="39" sequenceCoverage="23.18" branchCoverage="20.63" maxCyclomaticComplexity="4" minCyclomaticComplexity="1" visitedClasses="6" numClasses="17" visitedMethods="33" numMethods="129" />
  <Modules>
    <Module skippedDueTo="Filter" hash="04-7D-5C-C6-C3-11-D8-F7-A7-7B-84-9E-EF-FF-50-78-5E-47-DF-60">
      <ModulePath>C:\Program Files\dotnet\shared\Microsoft.NETCore.App\1.1.1\System.Private.CoreLib.ni.dll</ModulePath>
      <ModuleTime>2017-02-10T04:37:52Z</ModuleTime>
      <ModuleName>System.Private.CoreLib</ModuleName>
      <Classes />
    </Module>
    <Module skippedDueTo="Filter" hash="0F-BD-84-30-70-CE-FA-5E-67-D7-42-F4-87-FF-27-C9-0A-2B-53-44">
      <ModulePath>C:\Program Files\dotnet\sdk\1.0.0-preview2-1-003177\dotnet.dll</ModulePath>
      <ModuleTime>2016-11-11T03:20:44Z</ModuleTime>
      <ModuleName>dotnet</ModuleName>
      <Classes />
    </Module>
    <Module skippedDueTo="Filter" hash="F1-50-99-8F-96-03-53-60-56-BB-33-F9-8F-0A-F4-12-C2-6B-2B-2B">
      <ModulePath>C:\Program Files\dotnet\shared\Microsoft.NETCore.App\1.1.1\System.Runtime.dll</ModulePath>
      <ModuleTime>2017-02-10T04:37:22Z</ModuleTime>
      <ModuleName>System.Runtime</ModuleName>
      <Classes />
    </Module>
    <Module skippedDueTo="Filter" hash="4F-57-B1-DA-12-6E-E4-14-D0-F4-E3-6B-40-B0-6B-0B-E4-2C-29-33">
      <ModulePath>C:\Program Files\dotnet\shared\Microsoft.NETCore.App\1.1.1\mscorlib.dll</ModulePath>
      <ModuleTime>2017-02-09T10:11:22Z</ModuleTime>
      <ModuleName>mscorlib</ModuleName>
      <Classes />
    </Module>
    <Module skippedDueTo="Filter" hash="A8-C1-D3-03-87-75-7E-A0-48-30-B9-32-13-03-E8-CA-3B-D8-D8-7A">
      <ModulePath>C:\Program Files\dotnet\sdk\1.0.0-preview2-1-003177\Microsoft.DotNet.Cli.Utils.dll</ModulePath>
      <ModuleTime>2016-11-11T03:20:52Z</ModuleTime>
      <ModuleName>Microsoft.DotNet.Cli.Utils</ModuleName>
      <Classes />
    </Module>
    <Module skippedDueTo="Filter" hash="C8-A8-E9-BF-B2-71-33-30-7F-C0-1E-C4-1B-FB-89-95-FC-BD-63-59">
      <ModulePath>C:\Program Files\dotnet\shared\Microsoft.NETCore.App\1.1.1\System.Runtime.Extensions.dll</ModulePath>
      <ModuleTime>2017-02-10T04:37:30Z</ModuleTime>
      <ModuleName>System.Runtime.Extensions</ModuleName>
      <Classes />
    </Module>
    <Module skippedDueTo="Filter" hash="76-58-64-70-63-64-F3-AB-3B-31-01-3D-36-48-E5-71-99-44-6B-DE">
      <ModulePath>C:\Program Files\dotnet\shared\Microsoft.NETCore.App\1.1.1\System.Runtime.InteropServices.RuntimeInformation.dll</ModulePath>
      <ModuleTime>2017-02-10T04:37:20Z</ModuleTime>
      <ModuleName>System.Runtime.InteropServices.RuntimeInformation</ModuleName>
      <Classes />
    </Module>
    <Module skippedDueTo="Filter" hash="95-67-9C-94-81-13-6D-22-92-3A-65-A6-19-55-82-2C-B0-F5-9D-62">
      <ModulePath>C:\Program Files\dotnet\shared\Microsoft.NETCore.App\1.1.1\System.Reflection.Extensions.dll</ModulePath>
      <ModuleTime>2017-02-10T04:37:16Z</ModuleTime>
      <ModuleName>System.Reflection.Extensions</ModuleName>
      <Classes />
    </Module>
    <Module skippedDueTo="Filter" hash="87-C2-BC-EE-DD-8B-0E-07-0C-4A-CC-8E-5B-C2-11-BC-49-8A-3F-18">
      <ModulePath>C:\Program Files\dotnet\shared\Microsoft.NETCore.App\1.1.1\System.Reflection.dll</ModulePath>
      <ModuleTime>2017-02-10T04:37:28Z</ModuleTime>
      <ModuleName>System.Reflection</ModuleName>
      <Classes />
    </Module>
    <Module skippedDueTo="Filter" hash="26-4B-95-8E-01-C1-7B-8D-33-C5-AA-B5-B8-A1-30-62-ED-1E-CF-90">
      <ModulePath>C:\Program Files\dotnet\sdk\1.0.0-preview2-1-003177\Microsoft.DotNet.InternalAbstractions.dll</ModulePath>
      <ModuleTime>2016-11-11T03:20:40Z</ModuleTime>
      <ModuleName>Microsoft.DotNet.InternalAbstractions</ModuleName>
      <Classes />
    </Module>
    <Module skippedDueTo="Filter" hash="32-63-E6-06-7B-79-A4-86-DB-05-C9-58-44-0B-43-66-35-5E-09-D1">
      <ModulePath>C:\Program Files\dotnet\shared\Microsoft.NETCore.App\1.1.1\System.Runtime.InteropServices.dll</ModulePath>
      <ModuleTime>2017-02-10T04:37:14Z</ModuleTime>
      <ModuleName>System.Runtime.InteropServices</ModuleName>
      <Classes />
    </Module>
    <Module skippedDueTo="Filter" hash="BD-3F-16-31-E8-FA-5B-3F-7D-54-9F-68-E4-97-0E-88-C5-52-63-03">
      <ModulePath>C:\Program Files\dotnet\shared\Microsoft.NETCore.App\1.1.1\System.IO.FileSystem.dll</ModulePath>
      <ModuleTime>2017-02-10T04:37:20Z</ModuleTime>
      <ModuleName>System.IO.FileSystem</ModuleName>
      <Classes />
    </Module>
    <Module skippedDueTo="Filter" hash="BF-B2-E8-F0-13-43-69-C4-4B-79-5C-73-1A-E7-BB-D2-BA-9A-38-6C">
      <ModulePath>C:\Program Files\dotnet\shared\Microsoft.NETCore.App\1.1.1\System.IO.FileSystem.Primitives.dll</ModulePath>
      <ModuleTime>2017-02-10T04:37:18Z</ModuleTime>
      <ModuleName>System.IO.FileSystem.Primitives</ModuleName>
      <Classes />
    </Module>
    <Module skippedDueTo="Filter" hash="E8-E1-75-35-31-53-6E-42-52-EC-88-ED-F0-CA-28-DC-12-CB-1E-A8">
      <ModulePath>C:\Program Files\dotnet\shared\Microsoft.NETCore.App\1.1.1\System.Runtime.Loader.dll</ModulePath>
      <ModuleTime>2017-02-10T04:37:28Z</ModuleTime>
      <ModuleName>System.Runtime.Loader</ModuleName>
      <Classes />
    </Module>
    <Module skippedDueTo="Filter" hash="88-4D-3B-93-4C-7B-2C-E6-B2-F9-50-F7-6E-93-BD-55-14-AC-4E-04">
      <ModulePath>C:\Program Files\dotnet\shared\Microsoft.NETCore.App\1.1.1\System.Text.Encoding.CodePages.dll</ModulePath>
      <ModuleTime>2017-02-10T04:37:18Z</ModuleTime>
      <ModuleName>System.Text.Encoding.CodePages</ModuleName>
      <Classes />
    </Module>
    <Module skippedDueTo="Filter" hash="A3-21-80-4F-25-22-6A-D2-1C-D8-C8-AA-3B-8C-46-7A-96-34-B3-ED">
      <ModulePath>C:\Program Files\dotnet\shared\Microsoft.NETCore.App\1.1.1\System.Text.Encoding.dll</ModulePath>
      <ModuleTime>2017-02-10T04:37:30Z</ModuleTime>
      <ModuleName>System.Text.Encoding</ModuleName>
      <Classes />
    </Module>
    <Module skippedDueTo="Filter" hash="2C-1E-1E-95-53-33-D8-74-6B-8E-AF-3C-61-95-B8-EC-A6-46-54-1E">
      <ModulePath>C:\Program Files\dotnet\shared\Microsoft.NETCore.App\1.1.1\System.Collections.dll</ModulePath>
      <ModuleTime>2017-02-10T04:37:10Z</ModuleTime>
      <ModuleName>System.Collections</ModuleName>
      <Classes />
    </Module>
    <Module skippedDueTo="Filter" hash="F9-14-54-02-CA-B5-AF-BC-4F-38-1D-43-F9-AF-3F-0B-B1-16-49-5F">
      <ModulePath>C:\Program Files\dotnet\shared\Microsoft.NETCore.App\1.1.1\System.Threading.dll</ModulePath>
      <ModuleTime>2017-02-10T04:37:26Z</ModuleTime>
      <ModuleName>System.Threading</ModuleName>
      <Classes />
    </Module>
    <Module skippedDueTo="Filter" hash="36-8E-C6-B7-20-CB-EC-EC-39-0B-DA-12-20-31-C7-6A-CB-C5-5B-56">
      <ModulePath>C:\Program Files\dotnet\shared\Microsoft.NETCore.App\1.1.1\System.Collections.Concurrent.dll</ModulePath>
      <ModuleTime>2017-02-10T04:37:02Z</ModuleTime>
      <ModuleName>System.Collections.Concurrent</ModuleName>
      <Classes />
    </Module>
    <Module skippedDueTo="Filter" hash="08-D3-E6-62-C3-C9-E4-EF-2C-38-38-AD-F2-BA-C8-30-CE-4F-6F-D5">
      <ModulePath>C:\Program Files\dotnet\shared\Microsoft.NETCore.App\1.1.1\System.Threading.Thread.dll</ModulePath>
      <ModuleTime>2017-02-10T04:37:16Z</ModuleTime>
      <ModuleName>System.Threading.Thread</ModuleName>
      <Classes />
    </Module>
    <Module skippedDueTo="Filter" hash="15-C1-41-18-C8-E4-89-59-A0-09-9F-98-5F-88-93-94-3A-F4-0F-5F">
      <ModulePath>C:\Program Files\dotnet\shared\Microsoft.NETCore.App\1.1.1\System.Linq.dll</ModulePath>
      <ModuleTime>2017-02-10T04:37:12Z</ModuleTime>
      <ModuleName>System.Linq</ModuleName>
      <Classes />
    </Module>
    <Module skippedDueTo="Filter" hash="DF-12-DE-C2-6F-C6-21-47-CB-C7-6B-67-B8-C4-A2-90-A2-9B-51-D8">
      <ModulePath>C:\Program Files\dotnet\shared\Microsoft.NETCore.App\1.1.1\System.Diagnostics.Process.dll</ModulePath>
      <ModuleTime>2017-02-10T04:37:14Z</ModuleTime>
      <ModuleName>System.Diagnostics.Process</ModuleName>
      <Classes />
    </Module>
    <Module skippedDueTo="Filter" hash="B3-1A-BA-D8-95-26-74-D6-56-7A-87-2E-AF-BE-DA-74-7D-F7-59-98">
      <ModulePath>C:\Program Files\dotnet\sdk\1.0.0-preview2-1-003177\Microsoft.DotNet.Configurer.dll</ModulePath>
      <ModuleTime>2016-11-11T03:20:36Z</ModuleTime>
      <ModuleName>Microsoft.DotNet.Configurer</ModuleName>
      <Classes />
    </Module>
    <Module skippedDueTo="Filter" hash="12-53-6B-81-04-85-1E-BB-31-C4-98-90-6A-CC-CC-6D-31-8C-68-CE">
      <ModulePath>C:\Program Files\dotnet\sdk\1.0.0-preview2-1-003177\Microsoft.DotNet.ProjectModel.dll</ModulePath>
      <ModuleTime>2016-11-11T03:21:12Z</ModuleTime>
      <ModuleName>Microsoft.DotNet.ProjectModel</ModuleName>
      <Classes />
    </Module>
    <Module skippedDueTo="Filter" hash="68-6F-BC-3F-8F-BD-2B-BC-78-CA-73-7F-E4-C6-B0-D3-52-DC-0D-A2">
      <ModulePath>C:\Program Files\dotnet\shared\Microsoft.NETCore.App\1.1.1\System.IO.dll</ModulePath>
      <ModuleTime>2017-02-10T04:37:28Z</ModuleTime>
      <ModuleName>System.IO</ModuleName>
      <Classes />
    </Module>
    <Module skippedDueTo="Filter" hash="F6-FC-F8-81-D4-06-82-2D-85-A8-59-21-7D-6D-4D-55-5B-A9-87-80">
      <ModulePath>C:\Program Files\dotnet\shared\Microsoft.NETCore.App\1.1.1\System.Threading.Tasks.dll</ModulePath>
      <ModuleTime>2017-02-10T04:37:28Z</ModuleTime>
      <ModuleName>System.Threading.Tasks</ModuleName>
      <Classes />
    </Module>
    <Module skippedDueTo="Filter" hash="AA-84-5B-28-2E-F2-96-18-9B-A2-48-45-26-BF-08-BE-51-81-C7-AE">
      <ModulePath>C:\Program Files\dotnet\shared\Microsoft.NETCore.App\1.1.1\System.Runtime.Handles.dll</ModulePath>
      <ModuleTime>2017-02-10T04:37:28Z</ModuleTime>
      <ModuleName>System.Runtime.Handles</ModuleName>
      <Classes />
    </Module>
    <Module skippedDueTo="Filter" hash="46-53-A9-88-F4-45-2B-B3-D5-94-8B-16-B2-36-4A-C2-24-1F-6A-50">
      <ModulePath>C:\Program Files\dotnet\sdk\1.0.0-preview2-1-003177\NuGet.Frameworks.dll</ModulePath>
      <ModuleTime>2016-11-11T03:20:44Z</ModuleTime>
      <ModuleName>NuGet.Frameworks</ModuleName>
      <Classes />
    </Module>
    <Module skippedDueTo="Filter" hash="3E-33-5C-5A-68-2C-02-65-3F-71-D0-06-94-FE-67-50-38-D2-AA-1F">
      <ModulePath>C:\Program Files\dotnet\sdk\1.0.0-preview2-1-003177\runtimes\win\lib\netstandard1.3\System.Diagnostics.TraceSource.dll</ModulePath>
      <ModuleTime>2016-11-05T07:55:58Z</ModuleTime>
      <ModuleName>System.Diagnostics.TraceSource</ModuleName>
      <Classes />
    </Module>
    <Module skippedDueTo="Filter" hash="1D-9F-8F-5F-09-01-DE-95-8A-52-B5-07-52-ED-95-5F-3C-55-62-CA">
      <ModulePath>C:\Program Files\dotnet\sdk\1.0.0-preview2-1-003177\Microsoft.ApplicationInsights.dll</ModulePath>
      <ModuleTime>2016-11-11T03:21:20Z</ModuleTime>
      <ModuleName>Microsoft.ApplicationInsights</ModuleName>
      <Classes />
    </Module>
    <Module skippedDueTo="Filter" hash="AA-01-6A-A1-89-52-1C-12-39-45-4C-7B-AE-B8-0E-A5-A4-52-E5-3F">
      <ModulePath>C:\Program Files\dotnet\shared\Microsoft.NETCore.App\1.1.1\System.Reflection.TypeExtensions.dll</ModulePath>
      <ModuleTime>2017-02-10T04:37:34Z</ModuleTime>
      <ModuleName>System.Reflection.TypeExtensions</ModuleName>
      <Classes />
    </Module>
    <Module skippedDueTo="Filter" hash="64-65-E7-41-F1-BF-4B-1B-8E-00-D5-4D-9C-EA-E1-7A-34-8C-26-5D">
      <ModulePath>C:\Program Files\dotnet\sdk\1.0.0-preview2-1-003177\Microsoft.Extensions.DependencyModel.dll</ModulePath>
      <ModuleTime>2016-11-11T03:20:56Z</ModuleTime>
      <ModuleName>Microsoft.Extensions.DependencyModel</ModuleName>
      <Classes />
    </Module>
    <Module skippedDueTo="Filter" hash="46-E9-0D-A8-BE-24-FD-7E-2E-7F-FF-7E-8B-22-B0-B5-63-A3-44-79">
      <ModulePath>C:\Program Files\dotnet\shared\Microsoft.NETCore.App\1.1.1\System.Xml.XDocument.dll</ModulePath>
      <ModuleTime>2017-02-10T04:37:18Z</ModuleTime>
      <ModuleName>System.Xml.XDocument</ModuleName>
      <Classes />
    </Module>
    <Module skippedDueTo="Filter" hash="3E-66-16-64-26-3C-87-1E-74-15-0C-FF-2D-4C-EF-E3-CB-8D-D1-06">
      <ModulePath>C:\Program Files\dotnet\shared\Microsoft.NETCore.App\1.1.1\System.Diagnostics.Tracing.dll</ModulePath>
      <ModuleTime>2017-02-10T04:37:04Z</ModuleTime>
      <ModuleName>System.Diagnostics.Tracing</ModuleName>
      <Classes />
    </Module>
    <Module skippedDueTo="Filter" hash="37-BE-2B-8A-E2-95-49-9A-CE-AC-DD-49-10-EA-13-CD-FE-77-39-B3">
      <ModulePath>C:\Program Files\dotnet\sdk\1.0.0-preview2-1-003177\Newtonsoft.Json.dll</ModulePath>
      <ModuleTime>2016-11-11T03:16:00Z</ModuleTime>
      <ModuleName>Newtonsoft.Json</ModuleName>
      <Classes />
    </Module>
    <Module skippedDueTo="Filter" hash="F1-84-33-57-C5-71-97-39-3F-4A-A4-AA-E7-FE-F9-94-F2-81-8B-7B">
      <ModulePath>C:\Program Files\dotnet\shared\Microsoft.NETCore.App\1.1.1\System.Private.Uri.dll</ModulePath>
      <ModuleTime>2017-02-10T04:37:14Z</ModuleTime>
      <ModuleName>System.Private.Uri</ModuleName>
      <Classes />
    </Module>
    <Module skippedDueTo="Filter" hash="CD-E8-4D-AD-73-95-49-1B-54-A0-7D-C5-3F-20-8A-7F-F0-B2-E3-68">
      <ModulePath>C:\Program Files\dotnet\shared\Microsoft.NETCore.App\1.1.1\System.Dynamic.Runtime.dll</ModulePath>
      <ModuleTime>2017-02-10T04:37:14Z</ModuleTime>
      <ModuleName>System.Dynamic.Runtime</ModuleName>
      <Classes />
    </Module>
    <Module skippedDueTo="Filter" hash="21-93-02-0C-24-EE-9A-48-00-28-1A-80-B2-D4-74-FF-85-E0-F5-A3">
      <ModulePath>C:\Program Files\dotnet\shared\Microsoft.NETCore.App\1.1.1\System.Linq.Expressions.dll</ModulePath>
      <ModuleTime>2017-02-10T04:37:14Z</ModuleTime>
      <ModuleName>System.Linq.Expressions</ModuleName>
      <Classes />
    </Module>
    <Module skippedDueTo="Filter" hash="E2-E7-9C-E1-3A-FD-B3-19-15-3B-5F-D5-49-B8-E0-0C-73-10-91-82">
      <ModulePath>C:\Program Files\dotnet\shared\Microsoft.NETCore.App\1.1.1\System.ObjectModel.dll</ModulePath>
      <ModuleTime>2017-02-10T04:37:16Z</ModuleTime>
      <ModuleName>System.ObjectModel</ModuleName>
      <Classes />
    </Module>
    <Module skippedDueTo="Filter" hash="AB-8D-3C-56-B3-67-8F-A0-6C-7A-A1-FA-C2-8D-50-1C-CD-59-ED-E7">
      <ModulePath>C:\Program Files\dotnet\shared\Microsoft.NETCore.App\1.1.1\System.Globalization.dll</ModulePath>
      <ModuleTime>2017-02-10T04:37:02Z</ModuleTime>
      <ModuleName>System.Globalization</ModuleName>
      <Classes />
    </Module>
    <Module skippedDueTo="Filter" hash="91-A3-B3-2D-93-1F-9E-6F-54-10-A2-34-74-6C-75-DC-E3-16-C9-A6">
      <ModulePath>C:\Program Files\dotnet\sdk\1.0.0-preview2-1-003177\NuGet.Versioning.dll</ModulePath>
      <ModuleTime>2016-11-11T03:20:52Z</ModuleTime>
      <ModuleName>NuGet.Versioning</ModuleName>
      <Classes />
    </Module>
    <Module skippedDueTo="Filter" hash="23-C6-82-D9-0B-F8-1C-68-1A-88-B2-B6-FD-01-21-69-E5-EA-E5-97">
      <ModulePath>C:\Program Files\dotnet\shared\Microsoft.NETCore.App\1.1.1\System.Diagnostics.Tools.dll</ModulePath>
      <ModuleTime>2017-02-10T04:37:02Z</ModuleTime>
      <ModuleName>System.Diagnostics.Tools</ModuleName>
      <Classes />
    </Module>
    <Module skippedDueTo="Filter" hash="EB-7E-F7-DE-76-CB-9B-59-53-82-A2-9A-F9-9A-56-61-53-18-A2-20">
      <ModulePath>C:\Program Files\dotnet\shared\Microsoft.NETCore.App\1.1.1\System.Diagnostics.Debug.dll</ModulePath>
      <ModuleTime>2017-02-10T04:37:14Z</ModuleTime>
      <ModuleName>System.Diagnostics.Debug</ModuleName>
      <Classes />
    </Module>
    <Module skippedDueTo="Filter" hash="F2-D2-8E-EC-9D-11-91-16-83-2D-30-5E-D1-40-48-33-15-90-40-B8">
      <ModulePath>C:\Program Files\dotnet\shared\Microsoft.NETCore.App\1.1.1\System.IO.Compression.dll</ModulePath>
      <ModuleTime>2017-02-10T04:37:22Z</ModuleTime>
      <ModuleName>System.IO.Compression</ModuleName>
      <Classes />
    </Module>
    <Module skippedDueTo="Filter" hash="FF-1A-CC-A8-BB-0E-D2-C1-12-24-01-88-98-ED-F4-2C-56-7C-35-32">
      <ModulePath>C:\Program Files\dotnet\shared\Microsoft.NETCore.App\1.1.1\System.Text.Encoding.Extensions.dll</ModulePath>
      <ModuleTime>2017-02-10T04:37:22Z</ModuleTime>
      <ModuleName>System.Text.Encoding.Extensions</ModuleName>
      <Classes />
    </Module>
    <Module skippedDueTo="Filter" hash="A8-28-75-19-63-D9-35-C7-F4-FE-95-71-A6-72-7C-00-2B-E3-5D-13">
      <ModulePath>C:\Program Files\dotnet\shared\Microsoft.NETCore.App\1.1.1\System.Text.RegularExpressions.dll</ModulePath>
      <ModuleTime>2017-02-10T04:37:22Z</ModuleTime>
      <ModuleName>System.Text.RegularExpressions</ModuleName>
      <Classes />
    </Module>
    <Module skippedDueTo="Filter" hash="1A-FB-10-E7-92-43-AB-31-0F-67-5A-35-1F-64-FB-D2-7C-43-A6-D3">
      <ModulePath>C:\Program Files\dotnet\sdk\1.0.0-preview2-1-003177\NuGet.Packaging.Core.Types.dll</ModulePath>
      <ModuleTime>2016-11-11T03:20:52Z</ModuleTime>
      <ModuleName>NuGet.Packaging.Core.Types</ModuleName>
      <Classes />
    </Module>
    <Module skippedDueTo="Filter" hash="55-AC-64-B6-B1-B7-CA-3B-EC-13-C9-6B-8B-37-57-79-48-80-05-79">
      <ModulePath>C:\Program Files\dotnet\sdk\1.0.0-preview2-1-003177\NuGet.Packaging.dll</ModulePath>
      <ModuleTime>2016-11-11T03:20:54Z</ModuleTime>
      <ModuleName>NuGet.Packaging</ModuleName>
      <Classes />
    </Module>
    <Module skippedDueTo="Filter" hash="E5-A9-BA-F0-25-C3-6C-B0-B4-C1-08-0F-FE-66-5A-AF-B7-54-07-92">
      <ModulePath>C:\Program Files\dotnet\shared\Microsoft.NETCore.App\1.1.1\System.Net.Http.dll</ModulePath>
      <ModuleTime>2017-02-10T04:37:16Z</ModuleTime>
      <ModuleName>System.Net.Http</ModuleName>
      <Classes />
    </Module>
    <Module skippedDueTo="Filter" hash="8C-15-73-43-D1-D9-34-33-E1-C7-E2-2C-3C-D2-89-9C-95-12-EA-B4">
      <ModulePath>C:\Program Files\dotnet\shared\Microsoft.NETCore.App\1.1.1\System.Reflection.Metadata.dll</ModulePath>
      <ModuleTime>2017-02-10T04:37:22Z</ModuleTime>
      <ModuleName>System.Reflection.Metadata</ModuleName>
      <Classes />
    </Module>
    <Module skippedDueTo="Filter" hash="B2-CD-1D-D6-15-7F-5B-87-A0-24-38-34-E3-72-E8-92-1D-49-C2-B4">
      <ModulePath>C:\Program Files\dotnet\shared\Microsoft.NETCore.App\1.1.1\System.Net.Primitives.dll</ModulePath>
      <ModuleTime>2017-02-10T04:37:16Z</ModuleTime>
      <ModuleName>System.Net.Primitives</ModuleName>
      <Classes />
    </Module>
    <Module skippedDueTo="Filter" hash="EE-D5-63-DA-70-03-D0-A1-09-AE-AF-E8-D1-30-0B-2C-DE-31-B0-7C">
      <ModulePath>C:\Program Files\dotnet\shared\Microsoft.NETCore.App\1.1.1\System.IO.MemoryMappedFiles.dll</ModulePath>
      <ModuleTime>2017-02-10T04:37:12Z</ModuleTime>
      <ModuleName>System.IO.MemoryMappedFiles</ModuleName>
      <Classes />
    </Module>
    <Module skippedDueTo="Filter" hash="9C-45-8A-84-D0-B9-4F-2D-60-70-54-AE-EA-CD-3E-8C-66-40-F9-66">
      <ModulePath>C:\Program Files\dotnet\shared\Microsoft.NETCore.App\1.1.1\System.Diagnostics.DiagnosticSource.dll</ModulePath>
      <ModuleTime>2017-02-10T04:37:22Z</ModuleTime>
      <ModuleName>System.Diagnostics.DiagnosticSource</ModuleName>
      <Classes />
    </Module>
    <Module skippedDueTo="Filter" hash="BB-93-24-9D-C8-02-FF-25-B5-F7-3B-AF-F3-13-A2-EE-33-27-7A-11">
      <ModulePath>C:\Program Files\dotnet\shared\Microsoft.NETCore.App\1.1.1\System.Security.Cryptography.X509Certificates.dll</ModulePath>
      <ModuleTime>2017-02-10T04:37:14Z</ModuleTime>
      <ModuleName>System.Security.Cryptography.X509Certificates</ModuleName>
      <Classes />
    </Module>
    <Module skippedDueTo="Filter" hash="3A-F7-7A-D6-92-D7-40-1D-39-D2-D7-20-AD-01-14-35-45-D9-81-51">
      <ModulePath>C:\Program Files\dotnet\shared\Microsoft.NETCore.App\1.1.1\System.IO.UnmanagedMemoryStream.dll</ModulePath>
      <ModuleTime>2017-02-10T04:37:20Z</ModuleTime>
      <ModuleName>System.IO.UnmanagedMemoryStream</ModuleName>
      <Classes />
    </Module>
    <Module skippedDueTo="Filter" hash="86-51-2A-55-0A-DA-DF-0F-20-3B-1E-78-E4-A0-3D-C9-AE-69-21-B2">
      <ModulePath>C:\Program Files\dotnet\shared\Microsoft.NETCore.App\1.1.1\System.Collections.Immutable.dll</ModulePath>
      <ModuleTime>2017-02-10T04:37:26Z</ModuleTime>
      <ModuleName>System.Collections.Immutable</ModuleName>
      <Classes />
    </Module>
    <Module skippedDueTo="Filter" hash="43-D8-79-96-86-69-AA-77-DC-38-75-7D-53-4E-D7-85-14-07-E8-2C">
      <ModulePath>C:\Program Files\dotnet\shared\Microsoft.NETCore.App\1.1.1\System.Console.dll</ModulePath>
      <ModuleTime>2017-02-10T04:37:16Z</ModuleTime>
      <ModuleName>System.Console</ModuleName>
      <Classes />
    </Module>
    <Module skippedDueTo="Filter" hash="9F-C0-13-7F-05-1E-4F-CB-87-8A-1E-A0-99-5C-3E-0F-78-31-5C-B8">
      <ModulePath>C:\Program Files\dotnet\shared\Microsoft.NETCore.App\1.1.1\System.Threading.ThreadPool.dll</ModulePath>
      <ModuleTime>2017-02-10T04:37:22Z</ModuleTime>
      <ModuleName>System.Threading.ThreadPool</ModuleName>
      <Classes />
    </Module>
    <Module skippedDueTo="Filter" hash="68-37-6E-D7-3C-D3-07-E3-27-4C-8D-9E-B8-FF-EB-41-69-83-B5-10">
      <ModulePath>C:\Program Files\dotnet\shared\Microsoft.NETCore.App\1.0.4\System.Private.CoreLib.ni.dll</ModulePath>
      <ModuleTime>2017-02-10T04:39:22Z</ModuleTime>
      <ModuleName>System.Private.CoreLib</ModuleName>
      <Classes />
    </Module>
    <Module skippedDueTo="Filter" hash="63-BA-C7-FD-33-72-14-C9-BA-ED-1D-EF-70-0E-A8-0B-4B-17-E9-7B">
      <ModulePath>C:\Users\ATILATosta\.nuget\packages\dotnet-test-mstest\1.1.2-preview\lib\netcoreapp1.0\dotnet-test-mstest.dll</ModulePath>
      <ModuleTime>2016-11-08T08:34:18Z</ModuleTime>
      <ModuleName>dotnet-test-mstest</ModuleName>
      <Classes />
    </Module>
    <Module skippedDueTo="Filter" hash="7D-BD-C4-15-BA-50-05-54-D0-53-E8-81-68-72-E3-F9-6F-BD-9A-C5">
      <ModulePath>C:\Program Files\dotnet\shared\Microsoft.NETCore.App\1.0.4\System.Runtime.dll</ModulePath>
      <ModuleTime>2017-02-10T04:39:02Z</ModuleTime>
      <ModuleName>System.Runtime</ModuleName>
      <Classes />
    </Module>
    <Module skippedDueTo="Filter" hash="29-11-D3-BD-32-9A-F3-B4-31-E9-BC-BF-E2-65-B1-E0-AA-9C-0E-80">
      <ModulePath>C:\Program Files\dotnet\shared\Microsoft.NETCore.App\1.0.4\mscorlib.dll</ModulePath>
      <ModuleTime>2017-02-09T02:23:44Z</ModuleTime>
      <ModuleName>mscorlib</ModuleName>
      <Classes />
    </Module>
    <Module skippedDueTo="Filter" hash="C5-EC-96-EC-81-3B-08-71-A1-32-7D-74-4C-C4-E9-D8-7E-55-2D-B9">
      <ModulePath>C:\Program Files\dotnet\shared\Microsoft.NETCore.App\1.0.4\System.Collections.dll</ModulePath>
      <ModuleTime>2017-02-10T04:39:14Z</ModuleTime>
      <ModuleName>System.Collections</ModuleName>
      <Classes />
    </Module>
    <Module skippedDueTo="Filter" hash="A6-77-EC-35-C0-93-CA-35-77-EC-AF-B6-16-32-49-93-99-0E-9B-F9">
      <ModulePath>C:\Users\ATILATosta\.nuget\packages\MSTest.ObjectModel\1.0.1-preview\lib\dotnet\Microsoft.VisualStudio.TestPlatform.ObjectModel.dll</ModulePath>
      <ModuleTime>2016-08-11T21:35:22Z</ModuleTime>
      <ModuleName>Microsoft.VisualStudio.TestPlatform.ObjectModel</ModuleName>
      <Classes />
    </Module>
    <Module skippedDueTo="Filter" hash="F9-14-FE-AF-60-1E-16-79-B7-37-A2-A1-37-58-BC-17-0B-37-E2-90">
      <ModulePath>C:\Program Files\dotnet\shared\Microsoft.NETCore.App\1.0.4\System.Runtime.Extensions.dll</ModulePath>
      <ModuleTime>2017-02-10T04:39:14Z</ModuleTime>
      <ModuleName>System.Runtime.Extensions</ModuleName>
      <Classes />
    </Module>
    <Module skippedDueTo="Filter" hash="83-A0-97-B5-C2-9F-D9-E4-83-89-B3-93-96-8F-1B-31-5B-1F-A8-A2">
      <ModulePath>C:\Program Files\dotnet\shared\Microsoft.NETCore.App\1.0.4\System.Reflection.dll</ModulePath>
      <ModuleTime>2017-02-10T04:39:02Z</ModuleTime>
      <ModuleName>System.Reflection</ModuleName>
      <Classes />
    </Module>
    <Module skippedDueTo="Filter" hash="76-D0-38-DD-85-0E-FC-35-C6-4E-D7-41-D4-63-26-C4-32-19-95-B9">
      <ModulePath>C:\Users\ATILATosta\.nuget\packages\MSTest.TestAdapter.Dotnet\1.1.5-preview\lib\dotnet\Microsoft.VisualStudio.TestPlatform.MSTest.TestAdapter.dll</ModulePath>
      <ModuleTime>2016-11-08T03:55:56Z</ModuleTime>
      <ModuleName>Microsoft.VisualStudio.TestPlatform.MSTest.TestAdapter</ModuleName>
      <Classes />
    </Module>
    <Module skippedDueTo="Filter" hash="2E-B5-2A-8D-E3-5E-82-05-D6-FC-5D-F8-EC-5B-80-6C-78-02-5A-C3">
      <ModulePath>C:\Program Files\dotnet\shared\Microsoft.NETCore.App\1.0.4\System.Console.dll</ModulePath>
      <ModuleTime>2017-02-10T04:39:14Z</ModuleTime>
      <ModuleName>System.Console</ModuleName>
      <Classes />
    </Module>
    <Module skippedDueTo="Filter" hash="6E-D2-1C-DF-16-FD-F4-77-A8-A9-B0-11-F9-69-BA-44-75-21-50-A4">
      <ModulePath>C:\Users\ATILATosta\.nuget\packages\Microsoft.Extensions.Testing.Abstractions\1.0.0-preview2-003121\lib\netstandard1.6\Microsoft.Extensions.Testing.Abstractions.dll</ModulePath>
      <ModuleTime>2016-06-22T00:04:56Z</ModuleTime>
      <ModuleName>Microsoft.Extensions.Testing.Abstractions</ModuleName>
      <Classes />
    </Module>
    <Module skippedDueTo="Filter" hash="FE-21-D2-98-B4-C0-4F-5C-AB-96-E3-F0-3C-33-06-6D-0C-C2-74-D9">
      <ModulePath>C:\Users\ATILATosta\Source\Repos\dotnet-standard-sdk\test\IBM.WatsonDeveloperCloud.TextToSpeech.UnitTests\bin\Debug\netcoreapp1.0\IBM.WatsonDeveloperCloud.TextToSpeech.UnitTests.dll</ModulePath>
      <ModuleTime>2017-04-21T17:33:34.2768305Z</ModuleTime>
      <ModuleName>IBM.WatsonDeveloperCloud.TextToSpeech.UnitTests</ModuleName>
      <Classes />
    </Module>
    <Module skippedDueTo="Filter" hash="E7-06-45-00-38-F0-FB-D6-2B-DC-DA-E9-54-3E-9C-1A-66-18-CD-97">
      <ModulePath>C:\Users\ATILATosta\.nuget\packages\System.Threading\4.3.0\lib\netstandard1.3\System.Threading.dll</ModulePath>
      <ModuleTime>2016-11-05T06:57:30Z</ModuleTime>
      <ModuleName>System.Threading</ModuleName>
      <Classes />
    </Module>
    <Module skippedDueTo="Filter" hash="AB-C1-86-E4-C9-D8-F6-A9-83-52-61-C1-94-82-4A-27-96-BA-B2-EA">
      <ModulePath>C:\Program Files\dotnet\shared\Microsoft.NETCore.App\1.0.4\System.IO.dll</ModulePath>
      <ModuleTime>2017-02-10T04:39:14Z</ModuleTime>
      <ModuleName>System.IO</ModuleName>
      <Classes />
    </Module>
    <Module skippedDueTo="Filter" hash="F9-4E-16-C9-07-91-53-50-C9-A7-FB-C4-9C-EB-E7-CA-04-6E-50-B7">
      <ModulePath>C:\Users\ATILATosta\.nuget\packages\System.IO.FileSystem.Primitives\4.3.0\lib\netstandard1.3\System.IO.FileSystem.Primitives.dll</ModulePath>
      <ModuleTime>2016-11-05T06:56:08Z</ModuleTime>
      <ModuleName>System.IO.FileSystem.Primitives</ModuleName>
      <Classes />
    </Module>
    <Module skippedDueTo="Filter" hash="A5-D3-94-E4-2E-E8-CD-3C-11-22-A5-AF-A1-38-F9-0F-AD-32-FC-85">
      <ModulePath>C:\Program Files\dotnet\shared\Microsoft.NETCore.App\1.0.4\System.Text.Encoding.dll</ModulePath>
      <ModuleTime>2017-02-10T04:39:02Z</ModuleTime>
      <ModuleName>System.Text.Encoding</ModuleName>
      <Classes />
    </Module>
    <Module skippedDueTo="Filter" hash="EB-09-E3-E6-A5-68-0F-9C-51-93-CB-59-25-45-7E-FB-B4-C4-87-F4">
      <ModulePath>C:\Program Files\dotnet\shared\Microsoft.NETCore.App\1.0.4\System.Text.Encoding.Extensions.dll</ModulePath>
      <ModuleTime>2017-02-10T04:42:36Z</ModuleTime>
      <ModuleName>System.Text.Encoding.Extensions</ModuleName>
      <Classes />
    </Module>
    <Module skippedDueTo="Filter" hash="16-17-BB-B4-27-68-8F-30-9E-B0-90-B0-8A-25-23-BB-BF-20-A8-9E">
      <ModulePath>C:\Program Files\dotnet\shared\Microsoft.NETCore.App\1.0.4\System.Threading.Tasks.dll</ModulePath>
      <ModuleTime>2017-02-10T04:42:38Z</ModuleTime>
      <ModuleName>System.Threading.Tasks</ModuleName>
      <Classes />
    </Module>
    <Module skippedDueTo="Filter" hash="4A-28-31-60-3C-EF-24-FA-24-CA-F0-2E-67-6A-DE-7C-8A-AB-3F-E7">
      <ModulePath>C:\Program Files\dotnet\shared\Microsoft.NETCore.App\1.0.4\System.Xml.ReaderWriter.dll</ModulePath>
      <ModuleTime>2017-02-10T04:42:40Z</ModuleTime>
      <ModuleName>System.Xml.ReaderWriter</ModuleName>
      <Classes />
    </Module>
    <Module skippedDueTo="Filter" hash="86-6B-9A-8A-7D-CB-00-A9-09-90-B6-CE-F9-15-E4-84-64-CE-2F-D7">
      <ModulePath>C:\Users\ATILATosta\.nuget\packages\System.Linq\4.3.0\lib\netstandard1.6\System.Linq.dll</ModulePath>
      <ModuleTime>2016-11-05T06:56:20Z</ModuleTime>
      <ModuleName>System.Linq</ModuleName>
      <Classes />
    </Module>
    <Module skippedDueTo="Filter" hash="03-1C-E6-25-2A-01-38-9B-C5-AB-10-3E-64-97-BC-F4-D9-94-D7-34">
      <ModulePath>C:\Users\ATILATosta\.nuget\packages\MSTest.TestAdapter.Dotnet\1.1.5-preview\lib\dotnet\Microsoft.VisualStudio.TestPlatform.MSTestAdapter.PlatformServices.Interface.dll</ModulePath>
      <ModuleTime>2016-11-08T03:55:56Z</ModuleTime>
      <ModuleName>Microsoft.VisualStudio.TestPlatform.MSTestAdapter.PlatformServices.Interface</ModuleName>
      <Classes />
    </Module>
    <Module skippedDueTo="Filter" hash="03-A9-2F-26-7C-4D-0E-2B-62-8E-4D-C2-6A-C5-78-EE-E4-2C-E8-92">
      <ModulePath>C:\Users\ATILATosta\.nuget\packages\MSTest.TestAdapter.Dotnet\1.1.5-preview\lib\dotnet\Microsoft.VisualStudio.TestPlatform.MSTestAdapter.PlatformServices.dll</ModulePath>
      <ModuleTime>2016-11-08T03:55:56Z</ModuleTime>
      <ModuleName>Microsoft.VisualStudio.TestPlatform.MSTestAdapter.PlatformServices</ModuleName>
      <Classes />
    </Module>
    <Module skippedDueTo="Filter" hash="F6-14-0E-27-FF-29-00-D8-27-2E-82-B7-02-C6-8B-2D-5B-6A-8B-05">
      <ModulePath>C:\Program Files\dotnet\shared\Microsoft.NETCore.App\1.0.4\System.Globalization.dll</ModulePath>
      <ModuleTime>2017-02-10T04:39:14Z</ModuleTime>
      <ModuleName>System.Globalization</ModuleName>
      <Classes />
    </Module>
    <Module skippedDueTo="Filter" hash="35-85-CC-1B-78-3D-DB-45-5D-99-DE-07-BF-D2-D4-4D-AC-65-A1-E7">
      <ModulePath>C:\Program Files\dotnet\shared\Microsoft.NETCore.App\1.0.4\System.Reflection.Extensions.dll</ModulePath>
      <ModuleTime>2017-02-10T04:39:02Z</ModuleTime>
      <ModuleName>System.Reflection.Extensions</ModuleName>
      <Classes />
    </Module>
    <Module skippedDueTo="Filter" hash="F8-DC-48-46-E9-54-C0-15-B4-E6-52-CE-F8-76-38-DF-C6-10-6B-25">
      <ModulePath>C:\Users\ATILATosta\.nuget\packages\MSTest.TestFramework\1.0.6-preview\lib\netcoreapp1.0\Microsoft.VisualStudio.TestPlatform.TestFramework.dll</ModulePath>
      <ModuleTime>2016-11-08T03:55:50Z</ModuleTime>
      <ModuleName>Microsoft.VisualStudio.TestPlatform.TestFramework</ModuleName>
      <Classes />
    </Module>
    <Module skippedDueTo="Filter" hash="18-7C-16-90-FB-81-0A-D9-63-05-F9-CD-FE-A6-B2-C0-51-FD-77-11">
      <ModulePath>C:\Program Files\dotnet\shared\Microsoft.NETCore.App\1.0.4\System.Runtime.InteropServices.dll</ModulePath>
      <ModuleTime>2017-02-10T04:39:02Z</ModuleTime>
      <ModuleName>System.Runtime.InteropServices</ModuleName>
      <Classes />
    </Module>
    <Module skippedDueTo="Filter" hash="B0-27-CC-28-12-8D-57-E1-4F-BD-62-70-E8-AE-6D-FE-29-BB-6E-18">
      <ModulePath>C:\Users\ATILATosta\Source\Repos\dotnet-standard-sdk\test\IBM.WatsonDeveloperCloud.TextToSpeech.UnitTests\bin\Debug\netcoreapp1.0\IBM.WatsonDeveloperCloud.dll</ModulePath>
      <ModuleTime>2017-04-21T16:50:42.3202418Z</ModuleTime>
      <ModuleName>IBM.WatsonDeveloperCloud</ModuleName>
      <Classes />
    </Module>
    <Module skippedDueTo="Filter" hash="ED-59-95-7F-80-4A-A9-7C-91-4F-87-D7-A4-14-E6-39-C8-3B-79-4E">
      <ModulePath>C:\Program Files\dotnet\shared\Microsoft.NETCore.App\1.0.4\System.Net.Primitives.dll</ModulePath>
      <ModuleTime>2017-02-10T04:39:16Z</ModuleTime>
      <ModuleName>System.Net.Primitives</ModuleName>
      <Classes />
    </Module>
    <Module skippedDueTo="Filter" hash="7E-9C-49-86-01-D2-8D-7B-B8-08-D7-8E-DD-8C-E9-65-59-8B-4A-E6">
      <ModulePath>C:\Program Files\dotnet\shared\Microsoft.NETCore.App\1.0.4\System.Private.Uri.dll</ModulePath>
      <ModuleTime>2017-02-10T04:39:14Z</ModuleTime>
      <ModuleName>System.Private.Uri</ModuleName>
      <Classes />
    </Module>
    <Module skippedDueTo="Filter" hash="7C-BA-FC-87-DD-F5-FB-F0-78-56-0E-7B-5F-02-A4-D3-07-1B-52-B6">
      <ModulePath>C:\Program Files\dotnet\shared\Microsoft.NETCore.App\1.0.4\System.Resources.ResourceManager.dll</ModulePath>
      <ModuleTime>2017-02-10T04:39:02Z</ModuleTime>
      <ModuleName>System.Resources.ResourceManager</ModuleName>
      <Classes />
    </Module>
    <Module skippedDueTo="Filter" hash="C7-09-07-95-21-AC-9C-61-46-D7-65-6B-77-8C-30-C1-1B-3E-4B-E6">
      <ModulePath>C:\Program Files\dotnet\shared\Microsoft.NETCore.App\1.0.4\System.Net.Sockets.dll</ModulePath>
      <ModuleTime>2017-02-10T04:39:14Z</ModuleTime>
      <ModuleName>System.Net.Sockets</ModuleName>
      <Classes />
    </Module>
    <Module skippedDueTo="Filter" hash="89-DF-C3-A1-7F-2B-CC-BA-95-42-C9-F5-41-BC-D8-D3-30-10-58-9A">
      <ModulePath>C:\Users\ATILATosta\.nuget\packages\MSTest.TestFramework\1.0.6-preview\lib\netcoreapp1.0\Microsoft.VisualStudio.TestPlatform.TestFramework.Extensions.dll</ModulePath>
      <ModuleTime>2016-11-08T03:55:50Z</ModuleTime>
      <ModuleName>Microsoft.VisualStudio.TestPlatform.TestFramework.Extensions</ModuleName>
      <Classes />
    </Module>
    <Module skippedDueTo="Filter" hash="9B-94-0F-76-BA-9A-8B-95-EC-8F-AC-EC-26-89-24-56-70-77-6F-57">
      <ModulePath>C:\Users\ATILATosta\.nuget\packages\NSubstitute\2.0.2\lib\netstandard1.5\NSubstitute.dll</ModulePath>
      <ModuleTime>2017-02-28T13:24:48Z</ModuleTime>
      <ModuleName>NSubstitute</ModuleName>
      <Classes />
    </Module>
    <Module hash="DB-B1-84-4B-3D-29-3D-1D-C0-C4-0D-7A-F7-2D-4C-94-0E-08-1C-7F">
      <Summary numSequencePoints="289" visitedSequencePoints="67" numBranchPoints="189" visitedBranchPoints="39" sequenceCoverage="23.18" branchCoverage="20.63" maxCyclomaticComplexity="4" minCyclomaticComplexity="1" visitedClasses="6" numClasses="17" visitedMethods="33" numMethods="129" />
      <ModulePath>C:\Users\ATILATosta\Source\Repos\dotnet-standard-sdk\test\IBM.WatsonDeveloperCloud.TextToSpeech.UnitTests\bin\Debug\netcoreapp1.0\IBM.WatsonDeveloperCloud.TextToSpeech.dll</ModulePath>
      <ModuleTime>2017-04-21T16:50:57.6586288Z</ModuleTime>
      <ModuleName>IBM.WatsonDeveloperCloud.TextToSpeech</ModuleName>
      <Files>
        <File uid="1" fullPath="C:\Users\ATILATosta\Source\Repos\dotnet-standard-sdk\src\IBM.WatsonDeveloperCloud.TextToSpeech\v1\TextToSpeechService.cs" />
        <File uid="2" fullPath="C:\Users\ATILATosta\Source\Repos\dotnet-standard-sdk\src\IBM.WatsonDeveloperCloud.TextToSpeech\v1\Model\AudioType.cs" />
        <File uid="3" fullPath="C:\Users\ATILATosta\Source\Repos\dotnet-standard-sdk\src\IBM.WatsonDeveloperCloud.TextToSpeech\v1\Model\Customization.cs" />
        <File uid="4" fullPath="C:\Users\ATILATosta\Source\Repos\dotnet-standard-sdk\src\IBM.WatsonDeveloperCloud.TextToSpeech\v1\Model\CustomVoiceModel.cs" />
        <File uid="9" fullPath="C:\Users\ATILATosta\Source\Repos\dotnet-standard-sdk\src\IBM.WatsonDeveloperCloud.TextToSpeech\v1\Model\CustomWordTranslation.cs" />
        <File uid="11" fullPath="C:\Users\ATILATosta\Source\Repos\dotnet-standard-sdk\src\IBM.WatsonDeveloperCloud.TextToSpeech\v1\Model\Phoneme.cs" />
        <File uid="12" fullPath="C:\Users\ATILATosta\Source\Repos\dotnet-standard-sdk\src\IBM.WatsonDeveloperCloud.TextToSpeech\v1\Model\Pronunciation.cs" />
        <File uid="13" fullPath="C:\Users\ATILATosta\Source\Repos\dotnet-standard-sdk\src\IBM.WatsonDeveloperCloud.TextToSpeech\v1\Model\SupportedFeatures.cs" />
        <File uid="14" fullPath="C:\Users\ATILATosta\Source\Repos\dotnet-standard-sdk\src\IBM.WatsonDeveloperCloud.TextToSpeech\v1\Model\Voice.cs" />
        <File uid="15" fullPath="C:\Users\ATILATosta\Source\Repos\dotnet-standard-sdk\src\IBM.WatsonDeveloperCloud.TextToSpeech\v1\Model\VoiceCustomization.cs" />
        <File uid="16" fullPath="C:\Users\ATILATosta\Source\Repos\dotnet-standard-sdk\src\IBM.WatsonDeveloperCloud.TextToSpeech\v1\Model\VoiceSet.cs" />
        <File uid="17" fullPath="C:\Users\ATILATosta\Source\Repos\dotnet-standard-sdk\src\IBM.WatsonDeveloperCloud.TextToSpeech\v1\Model\WordPronunciation.cs" />
      </Files>
      <Classes>
        <Class>
          <Summary numSequencePoints="0" visitedSequencePoints="0" numBranchPoints="0" visitedBranchPoints="0" sequenceCoverage="0" branchCoverage="0" maxCyclomaticComplexity="0" minCyclomaticComplexity="0" visitedClasses="0" numClasses="0" visitedMethods="0" numMethods="0" />
          <FullName>&lt;Module&gt;</FullName>
          <Methods />
        </Class>
        <Class>
          <Summary numSequencePoints="176" visitedSequencePoints="40" numBranchPoints="90" visitedBranchPoints="12" sequenceCoverage="22.73" branchCoverage="13.33" maxCyclomaticComplexity="4" minCyclomaticComplexity="1" visitedClasses="1" numClasses="1" visitedMethods="6" numMethods="30" />
          <FullName>IBM.WatsonDeveloperCloud.TextToSpeech.v1.TextToSpeechService</FullName>
          <Methods>
            <Method visited="true" cyclomaticComplexity="2" nPathComplexity="2" sequenceCoverage="80" branchCoverage="66.67" isConstructor="false" isStatic="false" isGetter="true" isSetter="false">
              <Summary numSequencePoints="5" visitedSequencePoints="4" numBranchPoints="3" visitedBranchPoints="2" sequenceCoverage="80" branchCoverage="66.67" maxCyclomaticComplexity="2" minCyclomaticComplexity="2" visitedClasses="0" numClasses="0" visitedMethods="1" numMethods="1" />
              <MetadataToken>100663316</MetadataToken>
              <Name>IBM.WatsonDeveloperCloud.Http.IClient IBM.WatsonDeveloperCloud.TextToSpeech.v1.TextToSpeechService::get_Client()</Name>
              <FileRef uid="1" />
              <SequencePoints>
                <SequencePoint vc="5" uspid="1" ordinal="0" offset="0" sl="55" sc="13" el="55" ec="14" bec="0" bev="0" fileid="1" />
                <SequencePoint vc="5" uspid="2" ordinal="1" offset="1" sl="56" sc="17" el="56" ec="41" bec="2" bev="1" fileid="1" />
                <SequencePoint vc="0" uspid="3" ordinal="2" offset="14" sl="57" sc="21" el="57" ec="101" bec="0" bev="0" fileid="1" />
                <SequencePoint vc="5" uspid="4" ordinal="3" offset="44" sl="59" sc="17" el="59" ec="36" bec="0" bev="0" fileid="1" />
                <SequencePoint vc="5" uspid="5" ordinal="4" offset="53" sl="60" sc="13" el="60" ec="14" bec="0" bev="0" fileid="1" />
              </SequencePoints>
              <BranchPoints>
                <BranchPoint vc="0" uspid="6" ordinal="0" offset="12" sl="56" path="0" offsetend="14" fileid="1" />
                <BranchPoint vc="5" uspid="7" ordinal="1" offset="12" sl="56" path="1" offsetend="44" fileid="1" />
              </BranchPoints>
              <MethodPoint xsi:type="SequencePoint" vc="5" uspid="1" ordinal="0" offset="0" sl="55" sc="13" el="55" ec="14" bec="0" bev="0" fileid="1" />
            </Method>
            <Method visited="true" cyclomaticComplexity="1" nPathComplexity="0" sequenceCoverage="100" branchCoverage="100" isConstructor="false" isStatic="false" isGetter="false" isSetter="true">
              <Summary numSequencePoints="3" visitedSequencePoints="3" numBranchPoints="1" visitedBranchPoints="1" sequenceCoverage="100" branchCoverage="100" maxCyclomaticComplexity="1" minCyclomaticComplexity="1" visitedClasses="0" numClasses="0" visitedMethods="1" numMethods="1" />
              <MetadataToken>100663317</MetadataToken>
              <Name>System.Void IBM.WatsonDeveloperCloud.TextToSpeech.v1.TextToSpeechService::set_Client(IBM.WatsonDeveloperCloud.Http.IClient)</Name>
              <FileRef uid="1" />
              <SequencePoints>
                <SequencePoint vc="7" uspid="8" ordinal="0" offset="0" sl="61" sc="17" el="61" ec="18" bec="0" bev="0" fileid="1" />
                <SequencePoint vc="7" uspid="9" ordinal="1" offset="1" sl="61" sc="19" el="61" ec="39" bec="0" bev="0" fileid="1" />
                <SequencePoint vc="7" uspid="10" ordinal="2" offset="9" sl="61" sc="40" el="61" ec="41" bec="0" bev="0" fileid="1" />
              </SequencePoints>
              <BranchPoints />
              <MethodPoint xsi:type="SequencePoint" vc="7" uspid="8" ordinal="0" offset="0" sl="61" sc="17" el="61" ec="18" bec="0" bev="0" fileid="1" />
            </Method>
            <Method visited="true" cyclomaticComplexity="2" nPathComplexity="2" sequenceCoverage="100" branchCoverage="66.67" isConstructor="true" isStatic="false" isGetter="false" isSetter="false">
              <Summary numSequencePoints="5" visitedSequencePoints="5" numBranchPoints="3" visitedBranchPoints="2" sequenceCoverage="100" branchCoverage="66.67" maxCyclomaticComplexity="2" minCyclomaticComplexity="2" visitedClasses="0" numClasses="0" visitedMethods="1" numMethods="1" />
              <MetadataToken>100663315</MetadataToken>
              <Name>System.Void IBM.WatsonDeveloperCloud.TextToSpeech.v1.TextToSpeechService::.ctor()</Name>
              <FileRef uid="1" />
              <SequencePoints>
                <SequencePoint vc="7" uspid="11" ordinal="0" offset="0" sl="46" sc="15" el="46" ec="38" bec="0" bev="0" fileid="1" />
                <SequencePoint vc="7" uspid="12" ordinal="1" offset="17" sl="47" sc="9" el="47" ec="10" bec="0" bev="0" fileid="1" />
                <SequencePoint vc="7" uspid="13" ordinal="2" offset="18" sl="48" sc="13" el="48" ec="54" bec="2" bev="1" fileid="1" />
                <SequencePoint vc="7" uspid="14" ordinal="3" offset="36" sl="49" sc="17" el="49" ec="37" bec="0" bev="0" fileid="1" />
                <SequencePoint vc="7" uspid="15" ordinal="4" offset="48" sl="50" sc="9" el="50" ec="10" bec="0" bev="0" fileid="1" />
              </SequencePoints>
              <BranchPoints>
                <BranchPoint vc="7" uspid="16" ordinal="0" offset="34" sl="48" path="0" offsetend="36" fileid="1" />
                <BranchPoint vc="0" uspid="17" ordinal="1" offset="34" sl="48" path="1" offsetend="48" fileid="1" />
              </BranchPoints>
              <MethodPoint xsi:type="SequencePoint" vc="7" uspid="11" ordinal="0" offset="0" sl="46" sc="15" el="46" ec="38" bec="0" bev="0" fileid="1" />
            </Method>
            <Method visited="false" cyclomaticComplexity="1" nPathComplexity="0" sequenceCoverage="0" branchCoverage="0" isConstructor="true" isStatic="false" isGetter="false" isSetter="false">
              <Summary numSequencePoints="4" visitedSequencePoints="0" numBranchPoints="1" visitedBranchPoints="0" sequenceCoverage="0" branchCoverage="0" maxCyclomaticComplexity="1" minCyclomaticComplexity="1" visitedClasses="0" numClasses="0" visitedMethods="0" numMethods="1" />
              <MetadataToken>100663318</MetadataToken>
              <Name>System.Void IBM.WatsonDeveloperCloud.TextToSpeech.v1.TextToSpeechService::.ctor(System.String,System.String)</Name>
              <FileRef uid="1" />
              <SequencePoints>
                <SequencePoint vc="0" uspid="18" ordinal="0" offset="0" sl="65" sc="15" el="65" ec="21" bec="0" bev="0" fileid="1" />
                <SequencePoint vc="0" uspid="19" ordinal="1" offset="7" sl="66" sc="9" el="66" ec="10" bec="0" bev="0" fileid="1" />
                <SequencePoint vc="0" uspid="20" ordinal="2" offset="8" sl="67" sc="13" el="67" ec="52" bec="0" bev="0" fileid="1" />
                <SequencePoint vc="0" uspid="21" ordinal="3" offset="17" sl="68" sc="9" el="68" ec="10" bec="0" bev="0" fileid="1" />
              </SequencePoints>
              <BranchPoints />
              <MethodPoint xsi:type="SequencePoint" vc="0" uspid="18" ordinal="0" offset="0" sl="65" sc="15" el="65" ec="21" bec="0" bev="0" fileid="1" />
            </Method>
            <Method visited="true" cyclomaticComplexity="1" nPathComplexity="0" sequenceCoverage="100" branchCoverage="100" isConstructor="true" isStatic="false" isGetter="false" isSetter="false">
              <Summary numSequencePoints="4" visitedSequencePoints="4" numBranchPoints="1" visitedBranchPoints="1" sequenceCoverage="100" branchCoverage="100" maxCyclomaticComplexity="1" minCyclomaticComplexity="1" visitedClasses="0" numClasses="0" visitedMethods="1" numMethods="1" />
              <MetadataToken>100663319</MetadataToken>
              <Name>System.Void IBM.WatsonDeveloperCloud.TextToSpeech.v1.TextToSpeechService::.ctor(IBM.WatsonDeveloperCloud.Http.IClient)</Name>
              <FileRef uid="1" />
              <SequencePoints>
                <SequencePoint vc="7" uspid="22" ordinal="0" offset="0" sl="71" sc="15" el="71" ec="21" bec="0" bev="0" fileid="1" />
                <SequencePoint vc="7" uspid="23" ordinal="1" offset="7" sl="72" sc="9" el="72" ec="10" bec="0" bev="0" fileid="1" />
                <SequencePoint vc="7" uspid="24" ordinal="2" offset="8" sl="73" sc="13" el="73" ec="38" bec="0" bev="0" fileid="1" />
                <SequencePoint vc="7" uspid="25" ordinal="3" offset="16" sl="74" sc="9" el="74" ec="10" bec="0" bev="0" fileid="1" />
              </SequencePoints>
              <BranchPoints />
              <MethodPoint xsi:type="SequencePoint" vc="7" uspid="22" ordinal="0" offset="0" sl="71" sc="15" el="71" ec="21" bec="0" bev="0" fileid="1" />
            </Method>
            <Method visited="true" cyclomaticComplexity="1" nPathComplexity="0" sequenceCoverage="100" branchCoverage="100" isConstructor="false" isStatic="false" isGetter="false" isSetter="false">
              <Summary numSequencePoints="10" visitedSequencePoints="10" numBranchPoints="1" visitedBranchPoints="1" sequenceCoverage="100" branchCoverage="100" maxCyclomaticComplexity="1" minCyclomaticComplexity="1" visitedClasses="0" numClasses="0" visitedMethods="1" numMethods="1" />
              <MetadataToken>100663320</MetadataToken>
              <Name>IBM.WatsonDeveloperCloud.TextToSpeech.v1.Model.VoiceSet IBM.WatsonDeveloperCloud.TextToSpeech.v1.TextToSpeechService::GetVoices()</Name>
              <FileRef uid="1" />
              <SequencePoints>
                <SequencePoint vc="2" uspid="26" ordinal="0" offset="0" sl="77" sc="9" el="77" ec="10" bec="0" bev="0" fileid="1" />
                <SequencePoint vc="2" uspid="27" ordinal="1" offset="1" sl="78" sc="13" el="78" ec="36" bec="0" bev="0" fileid="1" />
                <SequencePoint vc="2" uspid="28" ordinal="2" offset="3" sl="81" sc="13" el="81" ec="14" bec="0" bev="0" fileid="1" />
                <SequencePoint vc="2" uspid="29" ordinal="3" offset="4" sl="82" sc="17" el="86" ec="35" bec="0" bev="0" fileid="1" />
                <SequencePoint vc="1" uspid="30" ordinal="4" offset="64" sl="87" sc="13" el="87" ec="14" bec="0" bev="0" fileid="1" />
                <SequencePoint vc="1" uspid="31" ordinal="5" offset="67" sl="88" sc="13" el="88" ec="42" bec="0" bev="0" fileid="1" />
                <SequencePoint vc="1" uspid="32" ordinal="6" offset="68" sl="89" sc="13" el="89" ec="14" bec="0" bev="0" fileid="1" />
                <SequencePoint vc="1" uspid="33" ordinal="7" offset="69" sl="90" sc="17" el="90" ec="69" bec="0" bev="0" fileid="1" />
                <SequencePoint vc="1" uspid="34" ordinal="8" offset="81" sl="93" sc="13" el="93" ec="27" bec="0" bev="0" fileid="1" />
                <SequencePoint vc="1" uspid="35" ordinal="9" offset="85" sl="94" sc="9" el="94" ec="10" bec="0" bev="0" fileid="1" />
              </SequencePoints>
              <BranchPoints />
              <MethodPoint xsi:type="SequencePoint" vc="2" uspid="26" ordinal="0" offset="0" sl="77" sc="9" el="77" ec="10" bec="0" bev="0" fileid="1" />
            </Method>
            <Method visited="true" cyclomaticComplexity="3" nPathComplexity="4" sequenceCoverage="100" branchCoverage="100" isConstructor="false" isStatic="false" isGetter="false" isSetter="false">
              <Summary numSequencePoints="14" visitedSequencePoints="14" numBranchPoints="5" visitedBranchPoints="5" sequenceCoverage="100" branchCoverage="100" maxCyclomaticComplexity="3" minCyclomaticComplexity="3" visitedClasses="0" numClasses="0" visitedMethods="1" numMethods="1" />
              <MetadataToken>100663321</MetadataToken>
              <Name>IBM.WatsonDeveloperCloud.TextToSpeech.v1.Model.VoiceCustomization IBM.WatsonDeveloperCloud.TextToSpeech.v1.TextToSpeechService::GetVoice(System.String,System.String)</Name>
              <FileRef uid="1" />
              <SequencePoints>
                <SequencePoint vc="5" uspid="36" ordinal="0" offset="0" sl="97" sc="9" el="97" ec="10" bec="0" bev="0" fileid="1" />
                <SequencePoint vc="5" uspid="37" ordinal="1" offset="1" sl="98" sc="13" el="98" ec="49" bec="2" bev="2" fileid="1" />
                <SequencePoint vc="2" uspid="38" ordinal="2" offset="11" sl="99" sc="17" el="99" ec="104" bec="0" bev="0" fileid="1" />
                <SequencePoint vc="3" uspid="39" ordinal="3" offset="33" sl="104" sc="13" el="104" ec="14" bec="0" bev="0" fileid="1" />
                <SequencePoint vc="3" uspid="40" ordinal="4" offset="34" sl="105" sc="17" el="107" ec="82" bec="0" bev="0" fileid="1" />
                <SequencePoint vc="2" uspid="41" ordinal="5" offset="85" sl="109" sc="17" el="109" ec="60" bec="2" bev="2" fileid="1" />
                <SequencePoint vc="1" uspid="42" ordinal="6" offset="98" sl="110" sc="21" el="110" ec="79" bec="0" bev="0" fileid="1" />
                <SequencePoint vc="2" uspid="43" ordinal="7" offset="111" sl="112" sc="17" el="114" ec="36" bec="0" bev="0" fileid="1" />
                <SequencePoint vc="2" uspid="44" ordinal="8" offset="123" sl="115" sc="13" el="115" ec="14" bec="0" bev="0" fileid="1" />
                <SequencePoint vc="1" uspid="45" ordinal="9" offset="126" sl="116" sc="13" el="116" ec="42" bec="0" bev="0" fileid="1" />
                <SequencePoint vc="1" uspid="46" ordinal="10" offset="128" sl="117" sc="13" el="117" ec="14" bec="0" bev="0" fileid="1" />
                <SequencePoint vc="1" uspid="47" ordinal="11" offset="129" sl="118" sc="17" el="118" ec="69" bec="0" bev="0" fileid="1" />
                <SequencePoint vc="2" uspid="48" ordinal="12" offset="142" sl="121" sc="13" el="121" ec="27" bec="0" bev="0" fileid="1" />
                <SequencePoint vc="2" uspid="49" ordinal="13" offset="147" sl="122" sc="9" el="122" ec="10" bec="0" bev="0" fileid="1" />
              </SequencePoints>
              <BranchPoints>
                <BranchPoint vc="2" uspid="50" ordinal="0" offset="9" sl="98" path="0" offsetend="11" fileid="1" />
                <BranchPoint vc="3" uspid="51" ordinal="1" offset="9" sl="98" path="1" offsetend="32" fileid="1" />
                <BranchPoint vc="1" uspid="52" ordinal="2" offset="96" sl="109" path="0" offsetend="98" fileid="1" />
                <BranchPoint vc="1" uspid="53" ordinal="3" offset="96" sl="109" path="1" offsetend="111" fileid="1" />
              </BranchPoints>
              <MethodPoint xsi:type="SequencePoint" vc="5" uspid="36" ordinal="0" offset="0" sl="97" sc="9" el="97" ec="10" bec="0" bev="0" fileid="1" />
            </Method>
            <Method visited="false" cyclomaticComplexity="1" nPathComplexity="0" sequenceCoverage="0" branchCoverage="0" isConstructor="false" isStatic="false" isGetter="false" isSetter="false">
              <Summary numSequencePoints="3" visitedSequencePoints="0" numBranchPoints="1" visitedBranchPoints="0" sequenceCoverage="0" branchCoverage="0" maxCyclomaticComplexity="1" minCyclomaticComplexity="1" visitedClasses="0" numClasses="0" visitedMethods="0" numMethods="1" />
              <MetadataToken>100663322</MetadataToken>
              <Name>IBM.WatsonDeveloperCloud.TextToSpeech.v1.Model.Pronunciation IBM.WatsonDeveloperCloud.TextToSpeech.v1.TextToSpeechService::GetPronunciation(System.String)</Name>
              <FileRef uid="1" />
              <SequencePoints>
                <SequencePoint vc="0" uspid="54" ordinal="0" offset="0" sl="125" sc="9" el="125" ec="10" bec="0" bev="0" fileid="1" />
                <SequencePoint vc="0" uspid="55" ordinal="1" offset="1" sl="126" sc="13" el="126" ec="55" bec="0" bev="0" fileid="1" />
                <SequencePoint vc="0" uspid="56" ordinal="2" offset="13" sl="127" sc="9" el="127" ec="10" bec="0" bev="0" fileid="1" />
              </SequencePoints>
              <BranchPoints />
              <MethodPoint xsi:type="SequencePoint" vc="0" uspid="54" ordinal="0" offset="0" sl="125" sc="9" el="125" ec="10" bec="0" bev="0" fileid="1" />
            </Method>
            <Method visited="false" cyclomaticComplexity="1" nPathComplexity="0" sequenceCoverage="0" branchCoverage="0" isConstructor="false" isStatic="false" isGetter="false" isSetter="false">
              <Summary numSequencePoints="3" visitedSequencePoints="0" numBranchPoints="1" visitedBranchPoints="0" sequenceCoverage="0" branchCoverage="0" maxCyclomaticComplexity="1" minCyclomaticComplexity="1" visitedClasses="0" numClasses="0" visitedMethods="0" numMethods="1" />
              <MetadataToken>100663323</MetadataToken>
              <Name>IBM.WatsonDeveloperCloud.TextToSpeech.v1.Model.Pronunciation IBM.WatsonDeveloperCloud.TextToSpeech.v1.TextToSpeechService::GetPronunciation(System.String,IBM.WatsonDeveloperCloud.TextToSpeech.v1.Model.Voice)</Name>
              <FileRef uid="1" />
              <SequencePoints>
                <SequencePoint vc="0" uspid="57" ordinal="0" offset="0" sl="130" sc="9" el="130" ec="10" bec="0" bev="0" fileid="1" />
                <SequencePoint vc="0" uspid="58" ordinal="1" offset="1" sl="131" sc="13" el="131" ec="56" bec="0" bev="0" fileid="1" />
                <SequencePoint vc="0" uspid="59" ordinal="2" offset="13" sl="132" sc="9" el="132" ec="10" bec="0" bev="0" fileid="1" />
              </SequencePoints>
              <BranchPoints />
              <MethodPoint xsi:type="SequencePoint" vc="0" uspid="57" ordinal="0" offset="0" sl="130" sc="9" el="130" ec="10" bec="0" bev="0" fileid="1" />
            </Method>
            <Method visited="false" cyclomaticComplexity="1" nPathComplexity="0" sequenceCoverage="0" branchCoverage="0" isConstructor="false" isStatic="false" isGetter="false" isSetter="false">
              <Summary numSequencePoints="3" visitedSequencePoints="0" numBranchPoints="1" visitedBranchPoints="0" sequenceCoverage="0" branchCoverage="0" maxCyclomaticComplexity="1" minCyclomaticComplexity="1" visitedClasses="0" numClasses="0" visitedMethods="0" numMethods="1" />
              <MetadataToken>100663324</MetadataToken>
              <Name>IBM.WatsonDeveloperCloud.TextToSpeech.v1.Model.Pronunciation IBM.WatsonDeveloperCloud.TextToSpeech.v1.TextToSpeechService::GetPronunciation(System.String,IBM.WatsonDeveloperCloud.TextToSpeech.v1.Model.Voice,IBM.WatsonDeveloperCloud.TextToSpeech.v1.Model.Phoneme)</Name>
              <FileRef uid="1" />
              <SequencePoints>
                <SequencePoint vc="0" uspid="60" ordinal="0" offset="0" sl="135" sc="9" el="135" ec="10" bec="0" bev="0" fileid="1" />
                <SequencePoint vc="0" uspid="61" ordinal="1" offset="1" sl="136" sc="13" el="136" ec="59" bec="0" bev="0" fileid="1" />
                <SequencePoint vc="0" uspid="62" ordinal="2" offset="13" sl="137" sc="9" el="137" ec="10" bec="0" bev="0" fileid="1" />
              </SequencePoints>
              <BranchPoints />
              <MethodPoint xsi:type="SequencePoint" vc="0" uspid="60" ordinal="0" offset="0" sl="135" sc="9" el="135" ec="10" bec="0" bev="0" fileid="1" />
            </Method>
            <Method visited="false" cyclomaticComplexity="4" nPathComplexity="8" sequenceCoverage="0" branchCoverage="0" isConstructor="false" isStatic="false" isGetter="false" isSetter="false">
              <Summary numSequencePoints="10" visitedSequencePoints="0" numBranchPoints="7" visitedBranchPoints="0" sequenceCoverage="0" branchCoverage="0" maxCyclomaticComplexity="4" minCyclomaticComplexity="4" visitedClasses="0" numClasses="0" visitedMethods="0" numMethods="1" />
              <MetadataToken>100663325</MetadataToken>
              <Name>IBM.WatsonDeveloperCloud.TextToSpeech.v1.Model.Pronunciation IBM.WatsonDeveloperCloud.TextToSpeech.v1.TextToSpeechService::getPronunciation(System.String,IBM.WatsonDeveloperCloud.TextToSpeech.v1.Model.Voice,IBM.WatsonDeveloperCloud.TextToSpeech.v1.Model.Phoneme)</Name>
              <FileRef uid="1" />
              <SequencePoints>
                <SequencePoint vc="0" uspid="63" ordinal="0" offset="0" sl="140" sc="9" el="140" ec="10" bec="0" bev="0" fileid="1" />
                <SequencePoint vc="0" uspid="64" ordinal="1" offset="1" sl="141" sc="13" el="141" ec="44" bec="2" bev="0" fileid="1" />
                <SequencePoint vc="0" uspid="65" ordinal="2" offset="11" sl="142" sc="17" el="142" ec="86" bec="0" bev="0" fileid="1" />
                <SequencePoint vc="0" uspid="66" ordinal="3" offset="22" sl="144" sc="13" el="147" ec="55" bec="0" bev="0" fileid="1" />
                <SequencePoint vc="0" uspid="67" ordinal="4" offset="78" sl="149" sc="13" el="149" ec="31" bec="2" bev="0" fileid="1" />
                <SequencePoint vc="0" uspid="68" ordinal="5" offset="86" sl="150" sc="17" el="150" ec="59" bec="0" bev="0" fileid="1" />
                <SequencePoint vc="0" uspid="69" ordinal="6" offset="104" sl="152" sc="13" el="152" ec="33" bec="2" bev="0" fileid="1" />
                <SequencePoint vc="0" uspid="70" ordinal="7" offset="112" sl="153" sc="17" el="153" ec="63" bec="0" bev="0" fileid="1" />
                <SequencePoint vc="0" uspid="71" ordinal="8" offset="130" sl="155" sc="13" el="155" ec="55" bec="0" bev="0" fileid="1" />
                <SequencePoint vc="0" uspid="72" ordinal="9" offset="145" sl="156" sc="9" el="156" ec="10" bec="0" bev="0" fileid="1" />
              </SequencePoints>
              <BranchPoints>
                <BranchPoint vc="0" uspid="73" ordinal="0" offset="9" sl="141" path="0" offsetend="11" fileid="1" />
                <BranchPoint vc="0" uspid="74" ordinal="1" offset="9" sl="141" path="1" offsetend="22" fileid="1" />
                <BranchPoint vc="0" uspid="75" ordinal="2" offset="84" sl="149" path="0" offsetend="86" fileid="1" />
                <BranchPoint vc="0" uspid="76" ordinal="3" offset="84" sl="149" path="1" offsetend="104" fileid="1" />
                <BranchPoint vc="0" uspid="77" ordinal="4" offset="110" sl="152" path="0" offsetend="112" fileid="1" />
                <BranchPoint vc="0" uspid="78" ordinal="5" offset="110" sl="152" path="1" offsetend="130" fileid="1" />
              </BranchPoints>
              <MethodPoint xsi:type="SequencePoint" vc="0" uspid="63" ordinal="0" offset="0" sl="140" sc="9" el="140" ec="10" bec="0" bev="0" fileid="1" />
            </Method>
            <Method visited="false" cyclomaticComplexity="1" nPathComplexity="0" sequenceCoverage="0" branchCoverage="0" isConstructor="false" isStatic="false" isGetter="false" isSetter="false">
              <Summary numSequencePoints="3" visitedSequencePoints="0" numBranchPoints="1" visitedBranchPoints="0" sequenceCoverage="0" branchCoverage="0" maxCyclomaticComplexity="1" minCyclomaticComplexity="1" visitedClasses="0" numClasses="0" visitedMethods="0" numMethods="1" />
              <MetadataToken>100663326</MetadataToken>
              <Name>System.IO.Stream IBM.WatsonDeveloperCloud.TextToSpeech.v1.TextToSpeechService::Synthesize(System.String,IBM.WatsonDeveloperCloud.TextToSpeech.v1.Model.Voice)</Name>
              <FileRef uid="1" />
              <SequencePoints>
                <SequencePoint vc="0" uspid="79" ordinal="0" offset="0" sl="159" sc="9" el="159" ec="10" bec="0" bev="0" fileid="1" />
                <SequencePoint vc="0" uspid="80" ordinal="1" offset="1" sl="160" sc="13" el="160" ec="59" bec="0" bev="0" fileid="1" />
                <SequencePoint vc="0" uspid="81" ordinal="2" offset="17" sl="161" sc="9" el="161" ec="10" bec="0" bev="0" fileid="1" />
              </SequencePoints>
              <BranchPoints />
              <MethodPoint xsi:type="SequencePoint" vc="0" uspid="79" ordinal="0" offset="0" sl="159" sc="9" el="159" ec="10" bec="0" bev="0" fileid="1" />
            </Method>
            <Method visited="false" cyclomaticComplexity="1" nPathComplexity="0" sequenceCoverage="0" branchCoverage="0" isConstructor="false" isStatic="false" isGetter="false" isSetter="false">
              <Summary numSequencePoints="3" visitedSequencePoints="0" numBranchPoints="1" visitedBranchPoints="0" sequenceCoverage="0" branchCoverage="0" maxCyclomaticComplexity="1" minCyclomaticComplexity="1" visitedClasses="0" numClasses="0" visitedMethods="0" numMethods="1" />
              <MetadataToken>100663327</MetadataToken>
              <Name>System.IO.Stream IBM.WatsonDeveloperCloud.TextToSpeech.v1.TextToSpeechService::Synthesize(System.String,IBM.WatsonDeveloperCloud.TextToSpeech.v1.Model.Voice,IBM.WatsonDeveloperCloud.TextToSpeech.v1.Model.AudioType)</Name>
              <FileRef uid="1" />
              <SequencePoints>
                <SequencePoint vc="0" uspid="82" ordinal="0" offset="0" sl="164" sc="9" el="164" ec="10" bec="0" bev="0" fileid="1" />
                <SequencePoint vc="0" uspid="83" ordinal="1" offset="1" sl="165" sc="13" el="165" ec="55" bec="0" bev="0" fileid="1" />
                <SequencePoint vc="0" uspid="84" ordinal="2" offset="13" sl="166" sc="9" el="166" ec="10" bec="0" bev="0" fileid="1" />
              </SequencePoints>
              <BranchPoints />
              <MethodPoint xsi:type="SequencePoint" vc="0" uspid="82" ordinal="0" offset="0" sl="164" sc="9" el="164" ec="10" bec="0" bev="0" fileid="1" />
            </Method>
            <Method visited="false" cyclomaticComplexity="4" nPathComplexity="8" sequenceCoverage="0" branchCoverage="0" isConstructor="false" isStatic="false" isGetter="false" isSetter="false">
              <Summary numSequencePoints="10" visitedSequencePoints="0" numBranchPoints="7" visitedBranchPoints="0" sequenceCoverage="0" branchCoverage="0" maxCyclomaticComplexity="4" minCyclomaticComplexity="4" visitedClasses="0" numClasses="0" visitedMethods="0" numMethods="1" />
              <MetadataToken>100663328</MetadataToken>
              <Name>System.IO.Stream IBM.WatsonDeveloperCloud.TextToSpeech.v1.TextToSpeechService::synthesize(System.String,IBM.WatsonDeveloperCloud.TextToSpeech.v1.Model.Voice,IBM.WatsonDeveloperCloud.TextToSpeech.v1.Model.AudioType)</Name>
              <FileRef uid="1" />
              <SequencePoints>
                <SequencePoint vc="0" uspid="85" ordinal="0" offset="0" sl="169" sc="9" el="169" ec="10" bec="0" bev="0" fileid="1" />
                <SequencePoint vc="0" uspid="86" ordinal="1" offset="1" sl="170" sc="13" el="170" ec="44" bec="2" bev="0" fileid="1" />
                <SequencePoint vc="0" uspid="87" ordinal="2" offset="11" sl="171" sc="17" el="171" ec="86" bec="0" bev="0" fileid="1" />
                <SequencePoint vc="0" uspid="88" ordinal="3" offset="22" sl="173" sc="13" el="173" ec="31" bec="2" bev="0" fileid="1" />
                <SequencePoint vc="0" uspid="89" ordinal="4" offset="30" sl="174" sc="17" el="174" ec="87" bec="0" bev="0" fileid="1" />
                <SequencePoint vc="0" uspid="90" ordinal="5" offset="41" sl="176" sc="13" el="176" ec="35" bec="2" bev="0" fileid="1" />
                <SequencePoint vc="0" uspid="91" ordinal="6" offset="49" sl="177" sc="17" el="177" ec="91" bec="0" bev="0" fileid="1" />
                <SequencePoint vc="0" uspid="92" ordinal="7" offset="60" sl="179" sc="13" el="184" ec="68" bec="0" bev="0" fileid="1" />
                <SequencePoint vc="0" uspid="93" ordinal="8" offset="148" sl="186" sc="13" el="186" ec="67" bec="0" bev="0" fileid="1" />
                <SequencePoint vc="0" uspid="94" ordinal="9" offset="168" sl="187" sc="9" el="187" ec="10" bec="0" bev="0" fileid="1" />
              </SequencePoints>
              <BranchPoints>
                <BranchPoint vc="0" uspid="95" ordinal="0" offset="9" sl="170" path="0" offsetend="11" fileid="1" />
                <BranchPoint vc="0" uspid="96" ordinal="1" offset="9" sl="170" path="1" offsetend="22" fileid="1" />
                <BranchPoint vc="0" uspid="97" ordinal="2" offset="28" sl="173" path="0" offsetend="30" fileid="1" />
                <BranchPoint vc="0" uspid="98" ordinal="3" offset="28" sl="173" path="1" offsetend="41" fileid="1" />
                <BranchPoint vc="0" uspid="99" ordinal="4" offset="47" sl="176" path="0" offsetend="49" fileid="1" />
                <BranchPoint vc="0" uspid="100" ordinal="5" offset="47" sl="176" path="1" offsetend="60" fileid="1" />
              </BranchPoints>
              <MethodPoint xsi:type="SequencePoint" vc="0" uspid="85" ordinal="0" offset="0" sl="169" sc="9" el="169" ec="10" bec="0" bev="0" fileid="1" />
            </Method>
            <Method visited="false" cyclomaticComplexity="1" nPathComplexity="0" sequenceCoverage="0" branchCoverage="0" isConstructor="false" isStatic="false" isGetter="false" isSetter="false">
              <Summary numSequencePoints="3" visitedSequencePoints="0" numBranchPoints="1" visitedBranchPoints="0" sequenceCoverage="0" branchCoverage="0" maxCyclomaticComplexity="1" minCyclomaticComplexity="1" visitedClasses="0" numClasses="0" visitedMethods="0" numMethods="1" />
              <MetadataToken>100663329</MetadataToken>
              <Name>System.Collections.Generic.List`1&lt;IBM.WatsonDeveloperCloud.TextToSpeech.v1.Model.CustomVoiceModel&gt; IBM.WatsonDeveloperCloud.TextToSpeech.v1.TextToSpeechService::GetCustomVoiceModels()</Name>
              <FileRef uid="1" />
              <SequencePoints>
                <SequencePoint vc="0" uspid="101" ordinal="0" offset="0" sl="190" sc="9" el="190" ec="10" bec="0" bev="0" fileid="1" />
                <SequencePoint vc="0" uspid="102" ordinal="1" offset="1" sl="191" sc="13" el="191" ec="52" bec="0" bev="0" fileid="1" />
                <SequencePoint vc="0" uspid="103" ordinal="2" offset="11" sl="192" sc="9" el="192" ec="10" bec="0" bev="0" fileid="1" />
              </SequencePoints>
              <BranchPoints />
              <MethodPoint xsi:type="SequencePoint" vc="0" uspid="101" ordinal="0" offset="0" sl="190" sc="9" el="190" ec="10" bec="0" bev="0" fileid="1" />
            </Method>
            <Method visited="false" cyclomaticComplexity="2" nPathComplexity="2" sequenceCoverage="0" branchCoverage="0" isConstructor="false" isStatic="false" isGetter="false" isSetter="false">
              <Summary numSequencePoints="6" visitedSequencePoints="0" numBranchPoints="3" visitedBranchPoints="0" sequenceCoverage="0" branchCoverage="0" maxCyclomaticComplexity="2" minCyclomaticComplexity="2" visitedClasses="0" numClasses="0" visitedMethods="0" numMethods="1" />
              <MetadataToken>100663330</MetadataToken>
              <Name>System.Collections.Generic.List`1&lt;IBM.WatsonDeveloperCloud.TextToSpeech.v1.Model.CustomVoiceModel&gt; IBM.WatsonDeveloperCloud.TextToSpeech.v1.TextToSpeechService::GetCustomVoiceModels(System.String)</Name>
              <FileRef uid="1" />
              <SequencePoints>
                <SequencePoint vc="0" uspid="104" ordinal="0" offset="0" sl="195" sc="9" el="195" ec="10" bec="0" bev="0" fileid="1" />
                <SequencePoint vc="0" uspid="105" ordinal="1" offset="1" sl="196" sc="13" el="197" ec="74" bec="0" bev="0" fileid="1" />
                <SequencePoint vc="0" uspid="106" ordinal="2" offset="46" sl="199" sc="13" el="199" ec="49" bec="2" bev="0" fileid="1" />
                <SequencePoint vc="0" uspid="107" ordinal="3" offset="59" sl="200" sc="17" el="200" ec="56" bec="0" bev="0" fileid="1" />
                <SequencePoint vc="0" uspid="108" ordinal="4" offset="72" sl="202" sc="13" el="203" ec="51" bec="0" bev="0" fileid="1" />
                <SequencePoint vc="0" uspid="109" ordinal="5" offset="91" sl="204" sc="9" el="204" ec="10" bec="0" bev="0" fileid="1" />
              </SequencePoints>
              <BranchPoints>
                <BranchPoint vc="0" uspid="110" ordinal="0" offset="57" sl="199" path="0" offsetend="59" fileid="1" />
                <BranchPoint vc="0" uspid="111" ordinal="1" offset="57" sl="199" path="1" offsetend="72" fileid="1" />
              </BranchPoints>
              <MethodPoint xsi:type="SequencePoint" vc="0" uspid="104" ordinal="0" offset="0" sl="195" sc="9" el="195" ec="10" bec="0" bev="0" fileid="1" />
            </Method>
            <Method visited="false" cyclomaticComplexity="2" nPathComplexity="2" sequenceCoverage="0" branchCoverage="0" isConstructor="false" isStatic="false" isGetter="false" isSetter="false">
              <Summary numSequencePoints="5" visitedSequencePoints="0" numBranchPoints="3" visitedBranchPoints="0" sequenceCoverage="0" branchCoverage="0" maxCyclomaticComplexity="2" minCyclomaticComplexity="2" visitedClasses="0" numClasses="0" visitedMethods="0" numMethods="1" />
              <MetadataToken>100663331</MetadataToken>
              <Name>IBM.WatsonDeveloperCloud.TextToSpeech.v1.Model.CustomVoiceModel IBM.WatsonDeveloperCloud.TextToSpeech.v1.TextToSpeechService::GetCustomVoiceModel(System.String)</Name>
              <FileRef uid="1" />
              <SequencePoints>
                <SequencePoint vc="0" uspid="112" ordinal="0" offset="0" sl="207" sc="9" el="207" ec="10" bec="0" bev="0" fileid="1" />
                <SequencePoint vc="0" uspid="113" ordinal="1" offset="1" sl="208" sc="13" el="208" ec="47" bec="2" bev="0" fileid="1" />
                <SequencePoint vc="0" uspid="114" ordinal="2" offset="11" sl="209" sc="17" el="209" ec="78" bec="0" bev="0" fileid="1" />
                <SequencePoint vc="0" uspid="115" ordinal="3" offset="22" sl="211" sc="13" el="214" ec="35" bec="0" bev="0" fileid="1" />
                <SequencePoint vc="0" uspid="116" ordinal="4" offset="85" sl="215" sc="9" el="215" ec="10" bec="0" bev="0" fileid="1" />
              </SequencePoints>
              <BranchPoints>
                <BranchPoint vc="0" uspid="117" ordinal="0" offset="9" sl="208" path="0" offsetend="11" fileid="1" />
                <BranchPoint vc="0" uspid="118" ordinal="1" offset="9" sl="208" path="1" offsetend="22" fileid="1" />
              </BranchPoints>
              <MethodPoint xsi:type="SequencePoint" vc="0" uspid="112" ordinal="0" offset="0" sl="207" sc="9" el="207" ec="10" bec="0" bev="0" fileid="1" />
            </Method>
            <Method visited="false" cyclomaticComplexity="2" nPathComplexity="2" sequenceCoverage="0" branchCoverage="0" isConstructor="false" isStatic="false" isGetter="false" isSetter="false">
              <Summary numSequencePoints="5" visitedSequencePoints="0" numBranchPoints="3" visitedBranchPoints="0" sequenceCoverage="0" branchCoverage="0" maxCyclomaticComplexity="2" minCyclomaticComplexity="2" visitedClasses="0" numClasses="0" visitedMethods="0" numMethods="1" />
              <MetadataToken>100663332</MetadataToken>
              <Name>IBM.WatsonDeveloperCloud.TextToSpeech.v1.Model.CustomVoiceModel IBM.WatsonDeveloperCloud.TextToSpeech.v1.TextToSpeechService::SaveCustomVoiceModel(IBM.WatsonDeveloperCloud.TextToSpeech.v1.Model.CustomVoiceModel)</Name>
              <FileRef uid="1" />
              <SequencePoints>
                <SequencePoint vc="0" uspid="119" ordinal="0" offset="0" sl="218" sc="9" el="218" ec="10" bec="0" bev="0" fileid="1" />
                <SequencePoint vc="0" uspid="120" ordinal="1" offset="1" sl="219" sc="13" el="219" ec="48" bec="2" bev="0" fileid="1" />
                <SequencePoint vc="0" uspid="121" ordinal="2" offset="16" sl="220" sc="17" el="220" ec="55" bec="0" bev="0" fileid="1" />
                <SequencePoint vc="0" uspid="122" ordinal="3" offset="26" sl="222" sc="17" el="222" ec="54" bec="0" bev="0" fileid="1" />
                <SequencePoint vc="0" uspid="123" ordinal="4" offset="36" sl="223" sc="9" el="223" ec="10" bec="0" bev="0" fileid="1" />
              </SequencePoints>
              <BranchPoints>
                <BranchPoint vc="0" uspid="124" ordinal="0" offset="14" sl="219" path="0" offsetend="16" fileid="1" />
                <BranchPoint vc="0" uspid="125" ordinal="1" offset="14" sl="219" path="1" offsetend="26" fileid="1" />
              </BranchPoints>
              <MethodPoint xsi:type="SequencePoint" vc="0" uspid="119" ordinal="0" offset="0" sl="218" sc="9" el="218" ec="10" bec="0" bev="0" fileid="1" />
            </Method>
            <Method visited="false" cyclomaticComplexity="2" nPathComplexity="2" sequenceCoverage="0" branchCoverage="0" isConstructor="false" isStatic="false" isGetter="false" isSetter="false">
              <Summary numSequencePoints="7" visitedSequencePoints="0" numBranchPoints="3" visitedBranchPoints="0" sequenceCoverage="0" branchCoverage="0" maxCyclomaticComplexity="2" minCyclomaticComplexity="2" visitedClasses="0" numClasses="0" visitedMethods="0" numMethods="1" />
              <MetadataToken>100663333</MetadataToken>
              <Name>IBM.WatsonDeveloperCloud.TextToSpeech.v1.Model.CustomVoiceModel IBM.WatsonDeveloperCloud.TextToSpeech.v1.TextToSpeechService::updateCustomVoiceModel(IBM.WatsonDeveloperCloud.TextToSpeech.v1.Model.CustomVoiceModel)</Name>
              <FileRef uid="1" />
              <SequencePoints>
                <SequencePoint vc="0" uspid="126" ordinal="0" offset="0" sl="226" sc="9" el="226" ec="10" bec="0" bev="0" fileid="1" />
                <SequencePoint vc="0" uspid="127" ordinal="1" offset="1" sl="227" sc="13" el="227" ec="71" bec="0" bev="0" fileid="1" />
                <SequencePoint vc="0" uspid="128" ordinal="2" offset="18" sl="229" sc="13" el="234" ec="15" bec="2" bev="0" fileid="1" />
                <SequencePoint vc="0" uspid="129" ordinal="3" offset="78" sl="236" sc="13" el="236" ec="65" bec="0" bev="0" fileid="1" />
                <SequencePoint vc="0" uspid="130" ordinal="4" offset="85" sl="237" sc="13" el="241" ec="34" bec="0" bev="0" fileid="1" />
                <SequencePoint vc="0" uspid="131" ordinal="5" offset="139" sl="243" sc="13" el="243" ec="26" bec="0" bev="0" fileid="1" />
                <SequencePoint vc="0" uspid="132" ordinal="6" offset="144" sl="244" sc="9" el="244" ec="10" bec="0" bev="0" fileid="1" />
              </SequencePoints>
              <BranchPoints>
                <BranchPoint vc="0" uspid="133" ordinal="0" offset="56" sl="229" path="0" offsetend="58" fileid="1" />
                <BranchPoint vc="0" uspid="134" ordinal="1" offset="56" sl="229" path="1" offsetend="66" fileid="1" />
              </BranchPoints>
              <MethodPoint xsi:type="SequencePoint" vc="0" uspid="126" ordinal="0" offset="0" sl="226" sc="9" el="226" ec="10" bec="0" bev="0" fileid="1" />
            </Method>
            <Method visited="false" cyclomaticComplexity="1" nPathComplexity="0" sequenceCoverage="0" branchCoverage="0" isConstructor="false" isStatic="false" isGetter="false" isSetter="false">
              <Summary numSequencePoints="7" visitedSequencePoints="0" numBranchPoints="1" visitedBranchPoints="0" sequenceCoverage="0" branchCoverage="0" maxCyclomaticComplexity="1" minCyclomaticComplexity="1" visitedClasses="0" numClasses="0" visitedMethods="0" numMethods="1" />
              <MetadataToken>100663334</MetadataToken>
              <Name>IBM.WatsonDeveloperCloud.TextToSpeech.v1.Model.CustomVoiceModel IBM.WatsonDeveloperCloud.TextToSpeech.v1.TextToSpeechService::saveNewCustomVoiceModel(IBM.WatsonDeveloperCloud.TextToSpeech.v1.Model.CustomVoiceModel)</Name>
              <FileRef uid="1" />
              <SequencePoints>
                <SequencePoint vc="0" uspid="135" ordinal="0" offset="0" sl="247" sc="9" el="247" ec="10" bec="0" bev="0" fileid="1" />
                <SequencePoint vc="0" uspid="136" ordinal="1" offset="1" sl="248" sc="13" el="248" ec="47" bec="0" bev="0" fileid="1" />
                <SequencePoint vc="0" uspid="137" ordinal="2" offset="7" sl="250" sc="13" el="255" ec="15" bec="0" bev="0" fileid="1" />
                <SequencePoint vc="0" uspid="138" ordinal="3" offset="52" sl="257" sc="13" el="262" ec="29" bec="0" bev="0" fileid="1" />
                <SequencePoint vc="0" uspid="139" ordinal="4" offset="110" sl="264" sc="13" el="264" ec="35" bec="0" bev="0" fileid="1" />
                <SequencePoint vc="0" uspid="140" ordinal="5" offset="123" sl="266" sc="13" el="266" ec="26" bec="0" bev="0" fileid="1" />
                <SequencePoint vc="0" uspid="141" ordinal="6" offset="127" sl="267" sc="9" el="267" ec="10" bec="0" bev="0" fileid="1" />
              </SequencePoints>
              <BranchPoints />
              <MethodPoint xsi:type="SequencePoint" vc="0" uspid="135" ordinal="0" offset="0" sl="247" sc="9" el="247" ec="10" bec="0" bev="0" fileid="1" />
            </Method>
            <Method visited="false" cyclomaticComplexity="2" nPathComplexity="2" sequenceCoverage="0" branchCoverage="0" isConstructor="false" isStatic="false" isGetter="false" isSetter="false">
              <Summary numSequencePoints="5" visitedSequencePoints="0" numBranchPoints="3" visitedBranchPoints="0" sequenceCoverage="0" branchCoverage="0" maxCyclomaticComplexity="2" minCyclomaticComplexity="2" visitedClasses="0" numClasses="0" visitedMethods="0" numMethods="1" />
              <MetadataToken>100663335</MetadataToken>
              <Name>System.Void IBM.WatsonDeveloperCloud.TextToSpeech.v1.TextToSpeechService::DeleteCustomVoiceModel(IBM.WatsonDeveloperCloud.TextToSpeech.v1.Model.CustomVoiceModel)</Name>
              <FileRef uid="1" />
              <SequencePoints>
                <SequencePoint vc="0" uspid="142" ordinal="0" offset="0" sl="270" sc="9" el="270" ec="10" bec="0" bev="0" fileid="1" />
                <SequencePoint vc="0" uspid="143" ordinal="1" offset="1" sl="271" sc="13" el="271" ec="48" bec="2" bev="0" fileid="1" />
                <SequencePoint vc="0" uspid="144" ordinal="2" offset="16" sl="272" sc="17" el="272" ec="79" bec="0" bev="0" fileid="1" />
                <SequencePoint vc="0" uspid="145" ordinal="3" offset="27" sl="274" sc="13" el="274" ec="46" bec="0" bev="0" fileid="1" />
                <SequencePoint vc="0" uspid="146" ordinal="4" offset="40" sl="275" sc="9" el="275" ec="10" bec="0" bev="0" fileid="1" />
              </SequencePoints>
              <BranchPoints>
                <BranchPoint vc="0" uspid="147" ordinal="0" offset="14" sl="271" path="0" offsetend="16" fileid="1" />
                <BranchPoint vc="0" uspid="148" ordinal="1" offset="14" sl="271" path="1" offsetend="27" fileid="1" />
              </BranchPoints>
              <MethodPoint xsi:type="SequencePoint" vc="0" uspid="142" ordinal="0" offset="0" sl="270" sc="9" el="270" ec="10" bec="0" bev="0" fileid="1" />
            </Method>
            <Method visited="false" cyclomaticComplexity="2" nPathComplexity="2" sequenceCoverage="0" branchCoverage="0" isConstructor="false" isStatic="false" isGetter="false" isSetter="false">
              <Summary numSequencePoints="5" visitedSequencePoints="0" numBranchPoints="3" visitedBranchPoints="0" sequenceCoverage="0" branchCoverage="0" maxCyclomaticComplexity="2" minCyclomaticComplexity="2" visitedClasses="0" numClasses="0" visitedMethods="0" numMethods="1" />
              <MetadataToken>100663336</MetadataToken>
              <Name>System.Void IBM.WatsonDeveloperCloud.TextToSpeech.v1.TextToSpeechService::DeleteCustomVoiceModel(System.String)</Name>
              <FileRef uid="1" />
              <SequencePoints>
[...]
            </Method>
            <Method visited="false" cyclomaticComplexity="1" nPathComplexity="0" sequenceCoverage="0" branchCoverage="0" isConstructor="false" isStatic="false" isGetter="true" isSetter="false">
              <Summary numSequencePoints="1" visitedSequencePoints="0" numBranchPoints="1" visitedBranchPoints="0" sequenceCoverage="0" branchCoverage="0" maxCyclomaticComplexity="1" minCyclomaticComplexity="1" visitedClasses="0" numClasses="0" visitedMethods="0" numMethods="1" />
              <MetadataToken>100663447</MetadataToken>
              <Name>IBM.WatsonDeveloperCloud.TextToSpeech.v1.Model.SupportedFeatures IBM.WatsonDeveloperCloud.TextToSpeech.v1.Model.VoiceCustomization::get_SupportedFeatures()</Name>
              <FileRef uid="15" />
              <SequencePoints>
                <SequencePoint vc="0" uspid="353" ordinal="0" offset="0" sl="69" sc="54" el="69" ec="58" bec="0" bev="0" fileid="15" />
              </SequencePoints>
              <BranchPoints />
              <MethodPoint xsi:type="SequencePoint" vc="0" uspid="353" ordinal="0" offset="0" sl="69" sc="54" el="69" ec="58" bec="0" bev="0" fileid="15" />
            </Method>
            <Method visited="true" cyclomaticComplexity="1" nPathComplexity="0" sequenceCoverage="100" branchCoverage="100" isConstructor="false" isStatic="false" isGetter="false" isSetter="true">
              <Summary numSequencePoints="1" visitedSequencePoints="1" numBranchPoints="1" visitedBranchPoints="1" sequenceCoverage="100" branchCoverage="100" maxCyclomaticComplexity="1" minCyclomaticComplexity="1" visitedClasses="0" numClasses="0" visitedMethods="1" numMethods="1" />
              <MetadataToken>100663448</MetadataToken>
              <Name>System.Void IBM.WatsonDeveloperCloud.TextToSpeech.v1.Model.VoiceCustomization::set_SupportedFeatures(IBM.WatsonDeveloperCloud.TextToSpeech.v1.Model.SupportedFeatures)</Name>
              <FileRef uid="15" />
              <SequencePoints>
                <SequencePoint vc="2" uspid="354" ordinal="0" offset="0" sl="69" sc="59" el="69" ec="63" bec="0" bev="0" fileid="15" />
              </SequencePoints>
              <BranchPoints />
              <MethodPoint xsi:type="SequencePoint" vc="2" uspid="354" ordinal="0" offset="0" sl="69" sc="59" el="69" ec="63" bec="0" bev="0" fileid="15" />
            </Method>
            <Method visited="true" cyclomaticComplexity="1" nPathComplexity="0" sequenceCoverage="100" branchCoverage="100" isConstructor="false" isStatic="false" isGetter="true" isSetter="false">
              <Summary numSequencePoints="1" visitedSequencePoints="1" numBranchPoints="1" visitedBranchPoints="1" sequenceCoverage="100" branchCoverage="100" maxCyclomaticComplexity="1" minCyclomaticComplexity="1" visitedClasses="0" numClasses="0" visitedMethods="1" numMethods="1" />
              <MetadataToken>100663449</MetadataToken>
              <Name>IBM.WatsonDeveloperCloud.TextToSpeech.v1.Model.Customization IBM.WatsonDeveloperCloud.TextToSpeech.v1.Model.VoiceCustomization::get_Customization()</Name>
              <FileRef uid="15" />
              <SequencePoints>
                <SequencePoint vc="2" uspid="355" ordinal="0" offset="0" sl="77" sc="46" el="77" ec="50" bec="0" bev="0" fileid="15" />
              </SequencePoints>
              <BranchPoints />
              <MethodPoint xsi:type="SequencePoint" vc="2" uspid="355" ordinal="0" offset="0" sl="77" sc="46" el="77" ec="50" bec="0" bev="0" fileid="15" />
            </Method>
            <Method visited="true" cyclomaticComplexity="1" nPathComplexity="0" sequenceCoverage="100" branchCoverage="100" isConstructor="false" isStatic="false" isGetter="false" isSetter="true">
              <Summary numSequencePoints="1" visitedSequencePoints="1" numBranchPoints="1" visitedBranchPoints="1" sequenceCoverage="100" branchCoverage="100" maxCyclomaticComplexity="1" minCyclomaticComplexity="1" visitedClasses="0" numClasses="0" visitedMethods="1" numMethods="1" />
              <MetadataToken>100663450</MetadataToken>
              <Name>System.Void IBM.WatsonDeveloperCloud.TextToSpeech.v1.Model.VoiceCustomization::set_Customization(IBM.WatsonDeveloperCloud.TextToSpeech.v1.Model.Customization)</Name>
              <FileRef uid="15" />
              <SequencePoints>
                <SequencePoint vc="2" uspid="356" ordinal="0" offset="0" sl="77" sc="51" el="77" ec="55" bec="0" bev="0" fileid="15" />
              </SequencePoints>
              <BranchPoints />
              <MethodPoint xsi:type="SequencePoint" vc="2" uspid="356" ordinal="0" offset="0" sl="77" sc="51" el="77" ec="55" bec="0" bev="0" fileid="15" />
            </Method>
            <Method visited="true" cyclomaticComplexity="1" nPathComplexity="0" sequenceCoverage="0" branchCoverage="0" isConstructor="true" isStatic="false" isGetter="false" isSetter="false">
              <Summary numSequencePoints="0" visitedSequencePoints="0" numBranchPoints="0" visitedBranchPoints="0" sequenceCoverage="0" branchCoverage="0" maxCyclomaticComplexity="1" minCyclomaticComplexity="1" visitedClasses="0" numClasses="0" visitedMethods="0" numMethods="0" />
              <MetadataToken>100663451</MetadataToken>
              <Name>System.Void IBM.WatsonDeveloperCloud.TextToSpeech.v1.Model.VoiceCustomization::.ctor()</Name>
              <SequencePoints />
              <BranchPoints />
              <MethodPoint vc="2" uspid="357" ordinal="0" offset="0" />
            </Method>
          </Methods>
        </Class>
        <Class>
          <Summary numSequencePoints="2" visitedSequencePoints="2" numBranchPoints="2" visitedBranchPoints="2" sequenceCoverage="100" branchCoverage="100" maxCyclomaticComplexity="1" minCyclomaticComplexity="1" visitedClasses="1" numClasses="1" visitedMethods="2" numMethods="2" />
          <FullName>IBM.WatsonDeveloperCloud.TextToSpeech.v1.Model.VoiceSet</FullName>
          <Methods>
            <Method visited="true" cyclomaticComplexity="1" nPathComplexity="0" sequenceCoverage="100" branchCoverage="100" isConstructor="false" isStatic="false" isGetter="true" isSetter="false">
              <Summary numSequencePoints="1" visitedSequencePoints="1" numBranchPoints="1" visitedBranchPoints="1" sequenceCoverage="100" branchCoverage="100" maxCyclomaticComplexity="1" minCyclomaticComplexity="1" visitedClasses="0" numClasses="0" visitedMethods="1" numMethods="1" />
              <MetadataToken>100663452</MetadataToken>
              <Name>System.Collections.Generic.List`1&lt;IBM.WatsonDeveloperCloud.TextToSpeech.v1.Model.Voice&gt; IBM.WatsonDeveloperCloud.TextToSpeech.v1.Model.VoiceSet::get_VoiceList()</Name>
              <FileRef uid="16" />
              <SequencePoints>
                <SequencePoint vc="2" uspid="358" ordinal="0" offset="0" sl="26" sc="40" el="26" ec="44" bec="0" bev="0" fileid="16" />
              </SequencePoints>
              <BranchPoints />
              <MethodPoint xsi:type="SequencePoint" vc="2" uspid="358" ordinal="0" offset="0" sl="26" sc="40" el="26" ec="44" bec="0" bev="0" fileid="16" />
            </Method>
            <Method visited="true" cyclomaticComplexity="1" nPathComplexity="0" sequenceCoverage="100" branchCoverage="100" isConstructor="false" isStatic="false" isGetter="false" isSetter="true">
              <Summary numSequencePoints="1" visitedSequencePoints="1" numBranchPoints="1" visitedBranchPoints="1" sequenceCoverage="100" branchCoverage="100" maxCyclomaticComplexity="1" minCyclomaticComplexity="1" visitedClasses="0" numClasses="0" visitedMethods="1" numMethods="1" />
              <MetadataToken>100663453</MetadataToken>
              <Name>System.Void IBM.WatsonDeveloperCloud.TextToSpeech.v1.Model.VoiceSet::set_VoiceList(System.Collections.Generic.List`1&lt;IBM.WatsonDeveloperCloud.TextToSpeech.v1.Model.Voice&gt;)</Name>
              <FileRef uid="16" />
              <SequencePoints>
                <SequencePoint vc="1" uspid="359" ordinal="0" offset="0" sl="26" sc="45" el="26" ec="49" bec="0" bev="0" fileid="16" />
              </SequencePoints>
              <BranchPoints />
              <MethodPoint xsi:type="SequencePoint" vc="1" uspid="359" ordinal="0" offset="0" sl="26" sc="45" el="26" ec="49" bec="0" bev="0" fileid="16" />
            </Method>
            <Method visited="true" cyclomaticComplexity="1" nPathComplexity="0" sequenceCoverage="0" branchCoverage="0" isConstructor="true" isStatic="false" isGetter="false" isSetter="false">
              <Summary numSequencePoints="0" visitedSequencePoints="0" numBranchPoints="0" visitedBranchPoints="0" sequenceCoverage="0" branchCoverage="0" maxCyclomaticComplexity="1" minCyclomaticComplexity="1" visitedClasses="0" numClasses="0" visitedMethods="0" numMethods="0" />
              <MetadataToken>100663454</MetadataToken>
              <Name>System.Void IBM.WatsonDeveloperCloud.TextToSpeech.v1.Model.VoiceSet::.ctor()</Name>
              <SequencePoints />
              <BranchPoints />
              <MethodPoint vc="1" uspid="360" ordinal="0" offset="0" />
            </Method>
          </Methods>
        </Class>
        <Class>
          <Summary numSequencePoints="2" visitedSequencePoints="0" numBranchPoints="2" visitedBranchPoints="0" sequenceCoverage="0" branchCoverage="0" maxCyclomaticComplexity="1" minCyclomaticComplexity="1" visitedClasses="0" numClasses="1" visitedMethods="0" numMethods="2" />
          <FullName>IBM.WatsonDeveloperCloud.TextToSpeech.v1.Model.WordPronunciation</FullName>
          <Methods>
            <Method visited="false" cyclomaticComplexity="1" nPathComplexity="0" sequenceCoverage="0" branchCoverage="0" isConstructor="false" isStatic="false" isGetter="true" isSetter="false">
              <Summary numSequencePoints="1" visitedSequencePoints="0" numBranchPoints="1" visitedBranchPoints="0" sequenceCoverage="0" branchCoverage="0" maxCyclomaticComplexity="1" minCyclomaticComplexity="1" visitedClasses="0" numClasses="0" visitedMethods="0" numMethods="1" />
              <MetadataToken>100663455</MetadataToken>
              <Name>System.String IBM.WatsonDeveloperCloud.TextToSpeech.v1.Model.WordPronunciation::get_Pronunciation()</Name>
              <FileRef uid="17" />
              <SequencePoints>
                <SequencePoint vc="0" uspid="361" ordinal="0" offset="0" sl="25" sc="39" el="25" ec="43" bec="0" bev="0" fileid="17" />
              </SequencePoints>
              <BranchPoints />
              <MethodPoint xsi:type="SequencePoint" vc="0" uspid="361" ordinal="0" offset="0" sl="25" sc="39" el="25" ec="43" bec="0" bev="0" fileid="17" />
            </Method>
            <Method visited="false" cyclomaticComplexity="1" nPathComplexity="0" sequenceCoverage="0" branchCoverage="0" isConstructor="false" isStatic="false" isGetter="false" isSetter="true">
              <Summary numSequencePoints="1" visitedSequencePoints="0" numBranchPoints="1" visitedBranchPoints="0" sequenceCoverage="0" branchCoverage="0" maxCyclomaticComplexity="1" minCyclomaticComplexity="1" visitedClasses="0" numClasses="0" visitedMethods="0" numMethods="1" />
              <MetadataToken>100663456</MetadataToken>
              <Name>System.Void IBM.WatsonDeveloperCloud.TextToSpeech.v1.Model.WordPronunciation::set_Pronunciation(System.String)</Name>
              <FileRef uid="17" />
              <SequencePoints>
                <SequencePoint vc="0" uspid="362" ordinal="0" offset="0" sl="25" sc="44" el="25" ec="48" bec="0" bev="0" fileid="17" />
              </SequencePoints>
              <BranchPoints />
              <MethodPoint xsi:type="SequencePoint" vc="0" uspid="362" ordinal="0" offset="0" sl="25" sc="44" el="25" ec="48" bec="0" bev="0" fileid="17" />
            </Method>
            <Method visited="false" cyclomaticComplexity="1" nPathComplexity="0" sequenceCoverage="0" branchCoverage="0" isConstructor="true" isStatic="false" isGetter="false" isSetter="false">
              <Summary numSequencePoints="0" visitedSequencePoints="0" numBranchPoints="0" visitedBranchPoints="0" sequenceCoverage="0" branchCoverage="0" maxCyclomaticComplexity="1" minCyclomaticComplexity="1" visitedClasses="0" numClasses="0" visitedMethods="0" numMethods="0" />
              <MetadataToken>100663457</MetadataToken>
              <Name>System.Void IBM.WatsonDeveloperCloud.TextToSpeech.v1.Model.WordPronunciation::.ctor()</Name>
              <SequencePoints />
              <BranchPoints />
              <MethodPoint vc="0" uspid="363" ordinal="0" offset="0" />
            </Method>
          </Methods>
        </Class>
      </Classes>
    </Module>
    <Module skippedDueTo="Filter" hash="3D-AC-48-BF-98-6E-91-0C-74-6D-B4-53-B3-EC-9F-77-E8-68-DD-80">
      <ModulePath>C:\Users\ATILATosta\.nuget\packages\Castle.Core\4.0.0\lib\netstandard1.3\Castle.Core.dll</ModulePath>
      <ModuleTime>2017-01-24T19:26:06Z</ModuleTime>
      <ModuleName>Castle.Core</ModuleName>
      <Classes />
    </Module>
    <Module skippedDueTo="Filter" hash="5E-87-81-F5-15-7C-EB-6F-DC-0F-02-24-30-57-05-B6-E1-13-12-1B">
      <ModulePath>C:\Users\ATILATosta\.nuget\packages\System.Diagnostics.TraceSource\4.0.0\runtimes\win\lib\netstandard1.3\System.Diagnostics.TraceSource.dll</ModulePath>
      <ModuleTime>2016-06-12T02:13:38Z</ModuleTime>
      <ModuleName>System.Diagnostics.TraceSource</ModuleName>
      <Classes />
    </Module>
    <Module skippedDueTo="Filter" hash="5C-99-74-C1-32-93-1C-85-7C-52-00-14-3C-9D-FE-9E-FE-E5-DB-BF">
      <ModulePath>C:\Users\ATILATosta\.nuget\packages\System.Collections.Concurrent\4.3.0\lib\netstandard1.3\System.Collections.Concurrent.dll</ModulePath>
      <ModuleTime>2016-11-05T06:55:32Z</ModuleTime>
      <ModuleName>System.Collections.Concurrent</ModuleName>
      <Classes />
    </Module>
    <Module skippedDueTo="Filter" hash="F5-A6-87-65-52-2E-03-B6-00-9A-C1-08-DE-72-F5-22-AD-05-D6-97">
      <ModulePath>C:\Program Files\dotnet\shared\Microsoft.NETCore.App\1.0.4\System.Reflection.TypeExtensions.dll</ModulePath>
      <ModuleTime>2017-02-10T04:39:02Z</ModuleTime>
      <ModuleName>System.Reflection.TypeExtensions</ModuleName>
      <Classes />
    </Module>
    <Module skippedDueTo="Filter" hash="3A-85-20-17-74-C8-91-F3-18-BD-D7-67-F4-CA-79-D7-80-CC-2C-8D">
      <ModulePath>C:\Program Files\dotnet\shared\Microsoft.NETCore.App\1.0.4\System.Reflection.Primitives.dll</ModulePath>
      <ModuleTime>2017-02-10T04:38:46Z</ModuleTime>
      <ModuleName>System.Reflection.Primitives</ModuleName>
      <Classes />
    </Module>
    <Module skippedDueTo="Filter" hash="A4-D1-0B-42-66-A9-DA-70-4B-B4-F0-42-66-33-A4-71-47-27-AB-1D">
      <ModulePath>C:\Program Files\dotnet\shared\Microsoft.NETCore.App\1.0.4\System.Reflection.Emit.ILGeneration.dll</ModulePath>
      <ModuleTime>2017-02-10T04:39:14Z</ModuleTime>
      <ModuleName>System.Reflection.Emit.ILGeneration</ModuleName>
      <Classes />
    </Module>
    <Module skippedDueTo="Filter" hash="9A-A5-12-88-DE-C2-53-E5-F5-76-9B-A4-E0-2B-D3-95-07-5E-7D-9F">
      <ModulePath>C:\Program Files\dotnet\shared\Microsoft.NETCore.App\1.0.4\System.Net.Http.dll</ModulePath>
      <ModuleTime>2017-02-10T04:38:42Z</ModuleTime>
      <ModuleName>System.Net.Http</ModuleName>
      <Classes />
    </Module>
    <Module skippedDueTo="Filter" hash="DC-A6-93-E5-25-10-3C-4D-F3-71-49-22-AB-00-C5-E7-F2-51-B8-74">
      <ModulePath>C:\Users\ATILATosta\.nuget\packages\Microsoft.AspNet.WebApi.Client\5.2.3\lib\portable-wp8+netcore45+net45+wp81+wpa81\System.Net.Http.Formatting.dll</ModulePath>
      <ModuleTime>2015-01-28T06:02:42Z</ModuleTime>
      <ModuleName>System.Net.Http.Formatting</ModuleName>
      <Classes />
    </Module>
    <Module skippedDueTo="Filter" hash="CE-2F-70-01-F8-CC-12-01-27-17-E8-F3-1E-03-0B-B3-DE-7E-09-3B">
      <ModulePath>C:\Program Files\dotnet\shared\Microsoft.NETCore.App\1.0.4\System.Reflection.Emit.dll</ModulePath>
      <ModuleTime>2017-02-10T04:39:16Z</ModuleTime>
      <ModuleName>System.Reflection.Emit</ModuleName>
      <Classes />
    </Module>
    <Module skippedDueTo="Filter" hash="">
      <ModulePath>RefEmit_InMemoryManifestModule</ModulePath>
      <ModuleTime>0001-01-01T00:00:00</ModuleTime>
      <ModuleName>DynamicProxyGenAssembly2</ModuleName>
      <Classes />
    </Module>
    <Module skippedDueTo="Filter" hash="">
      <ModulePath>RefEmit_InMemoryManifestModule</ModulePath>
      <ModuleTime>0001-01-01T00:00:00</ModuleTime>
      <ModuleName>DynamicProxyGenAssembly2</ModuleName>
      <Classes />
    </Module>
    <Module skippedDueTo="Filter" hash="1A-03-5F-03-58-1B-E0-5A-9F-0B-70-38-3B-A0-3A-4F-D1-ED-2E-42">
      <ModulePath>C:\Program Files\dotnet\shared\Microsoft.NETCore.App\1.0.4\System.Diagnostics.Debug.dll</ModulePath>
      <ModuleTime>2017-02-10T04:38:46Z</ModuleTime>
      <ModuleName>System.Diagnostics.Debug</ModuleName>
      <Classes />
    </Module>
    <Module skippedDueTo="Filter" hash="1D-F3-C0-64-25-23-FF-15-E3-8F-FE-24-76-50-D8-B8-36-8C-17-EF">
      <ModulePath>C:\Program Files\dotnet\shared\Microsoft.NETCore.App\1.0.4\System.Linq.Expressions.dll</ModulePath>
      <ModuleTime>2017-02-10T04:39:02Z</ModuleTime>
      <ModuleName>System.Linq.Expressions</ModuleName>
      <Classes />
    </Module>
    <Module skippedDueTo="Filter" hash="5A-73-E0-5E-E5-96-19-19-06-43-82-8D-3F-49-70-8C-98-35-BB-0F">
      <ModulePath>C:\Program Files\dotnet\shared\Microsoft.NETCore.App\1.0.4\System.Diagnostics.Tracing.dll</ModulePath>
      <ModuleTime>2017-02-10T04:39:02Z</ModuleTime>
      <ModuleName>System.Diagnostics.Tracing</ModuleName>
      <Classes />
    </Module>
    <Module skippedDueTo="Filter" hash="0B-F4-98-E6-4F-38-80-EE-7C-CA-3C-E5-7A-88-92-18-CE-3D-D1-F8">
      <ModulePath>C:\Program Files\dotnet\shared\Microsoft.NETCore.App\1.0.4\System.Runtime.Handles.dll</ModulePath>
      <ModuleTime>2017-02-10T04:39:24Z</ModuleTime>
      <ModuleName>System.Runtime.Handles</ModuleName>
      <Classes />
    </Module>
    <Module skippedDueTo="Filter" hash="53-D0-A3-B9-10-36-09-21-32-F4-D0-88-75-00-B5-DC-77-89-1D-78">
      <ModulePath>C:\Users\ATILATosta\.nuget\packages\Newtonsoft.Json\9.0.1\lib\netstandard1.0\Newtonsoft.Json.dll</ModulePath>
      <ModuleTime>2016-06-14T02:06:14Z</ModuleTime>
      <ModuleName>Newtonsoft.Json</ModuleName>
      <Classes />
    </Module>
    <Module skippedDueTo="Filter" hash="9B-8C-27-DE-0A-A6-D0-01-65-58-5E-25-0C-49-4E-DA-17-7A-DF-B6">
      <ModulePath>C:\Users\ATILATosta\.nuget\packages\System.Runtime.Serialization.Primitives\4.3.0\lib\netstandard1.3\System.Runtime.Serialization.Primitives.dll</ModulePath>
      <ModuleTime>2016-11-05T06:57:02Z</ModuleTime>
      <ModuleName>System.Runtime.Serialization.Primitives</ModuleName>
      <Classes />
    </Module>
    <Module skippedDueTo="Filter" hash="FD-67-4E-B4-BC-31-6F-E3-BC-27-59-45-A4-4F-08-1A-E6-B5-07-1D">
      <ModulePath>C:\Users\ATILATosta\.nuget\packages\System.Runtime.Serialization.Xml\4.1.1\lib\netstandard1.3\System.Runtime.Serialization.Xml.dll</ModulePath>
      <ModuleTime>2016-06-12T02:14:30Z</ModuleTime>
      <ModuleName>System.Runtime.Serialization.Xml</ModuleName>
      <Classes />
    </Module>
    <Module skippedDueTo="Filter" hash="C7-D3-CE-64-98-8F-AA-2C-F9-59-17-8D-60-4E-BC-3E-0F-F1-18-6D">
      <ModulePath>C:\Users\ATILATosta\.nuget\packages\System.Private.DataContractSerialization\4.1.1\lib\netstandard1.3\System.Private.DataContractSerialization.dll</ModulePath>
      <ModuleTime>2016-06-12T02:14:10Z</ModuleTime>
      <ModuleName>System.Private.DataContractSerialization</ModuleName>
      <Classes />
    </Module>
    <Module skippedDueTo="Filter" hash="4C-94-4B-75-AD-35-27-62-85-68-6F-79-84-C8-F2-5A-A4-D8-1B-B8">
      <ModulePath>C:\Program Files\dotnet\shared\Microsoft.NETCore.App\1.0.4\System.Dynamic.Runtime.dll</ModulePath>
      <ModuleTime>2017-02-10T04:39:14Z</ModuleTime>
      <ModuleName>System.Dynamic.Runtime</ModuleName>
      <Classes />
    </Module>
  </Modules>
</CoverageSession>